PraPR 2 (JDK 1.7) Fix Report - Thu Sep 01 10:53:00 PDT 2022
Number of Plausible Fixes: 31
Total Number of Patches: 74
================================================
1.
	Mutator: CatchTypeWideningMutator
	Description: catch type java/io/IOException is replaced with java/lang/Exception
	File Name: org/mockito/internal/util/io/IOUtil.java
	Line Number: 68
	Rank: 31
	Timestamp: 1662054787795
	Total Rank: 74
	Dump: mutant-1_ts_1662054787795.class
------------------------------------------------
2.
	Mutator: CatchTypeWideningMutator
	Description: catch type java/lang/Exception is replaced with java/lang/Throwable
	File Name: org/mockito/internal/configuration/injection/SpyOnInjectedFieldsHandler.java
	Line Number: 52
	Rank: 31
	Timestamp: 1662054799834
	Total Rank: 74
	Dump: mutant-2_ts_1662054799834.class
------------------------------------------------
3.
	Mutator: CatchTypeWideningMutator
	Description: catch type java/lang/Exception is replaced with java/lang/Throwable
	File Name: org/mockito/MockitoAnnotations.java
	Line Number: 132
	Rank: 31
	Timestamp: 1662054810605
	Total Rank: 74
	Dump: mutant-3_ts_1662054810605.class
------------------------------------------------
4.
	Mutator: CatchTypeWideningMutator
	Description: catch type java/lang/IllegalAccessException is replaced with java/lang/ReflectiveOperationException
	File Name: org/mockito/internal/util/reflection/FieldSetter.java
	Line Number: 29
	Rank: 31
	Timestamp: 1662054795981
	Total Rank: 74
	Dump: mutant-4_ts_1662054795981.class
------------------------------------------------
5.
	Mutator: CatchTypeWideningMutator
	Description: catch type java/lang/NoSuchFieldException is replaced with java/lang/ReflectiveOperationException
	File Name: org/mockito/internal/util/reflection/Whitebox.java
	Line Number: 50
	Rank: 31
	Timestamp: 1662054787796
	Total Rank: 74
	Dump: mutant-5_ts_1662054787796.class
------------------------------------------------
6.
	Mutator: CatchTypeWideningMutator
	Description: catch type java/lang/InterruptedException is replaced with java/lang/Exception
	File Name: org/mockito/internal/verification/VerificationOverTimeImpl.java
	Line Number: 119
	Rank: 31
	Timestamp: 1662054787793
	Total Rank: 74
	Dump: mutant-6_ts_1662054787793.class
------------------------------------------------
7.
	Mutator: CatchTypeWideningMutator
	Description: catch type java/lang/ClassNotFoundException is replaced with java/lang/ReflectiveOperationException
	File Name: org/mockito/internal/configuration/ClassPathLoader.java
	Line Number: 72
	Rank: 31
	Timestamp: 1662054794824
	Total Rank: 74
	Dump: mutant-7_ts_1662054794824.class
------------------------------------------------
8.
	Mutator: CatchTypeWideningMutator
	Description: catch type org/mockito/exceptions/verification/junit/ArgumentsAreDifferent is replaced with junit/framework/ComparisonFailure
	File Name: org/mockito/internal/verification/VerificationOverTimeImpl.java
	Line Number: 93
	Rank: 31
	Timestamp: 1662054787793
	Total Rank: 74
	Dump: mutant-8_ts_1662054787793.class
------------------------------------------------
9.
	Mutator: CatchTypeWideningMutator
	Description: catch type java/lang/NoSuchMethodException is replaced with java/lang/ReflectiveOperationException
	File Name: org/mockito/internal/util/reflection/FieldInitializer.java
	Line Number: 196
	Rank: 31
	Timestamp: 1662054787795
	Total Rank: 74
	Dump: mutant-9_ts_1662054787795.class
------------------------------------------------
10.
	Mutator: CatchTypeWideningMutator
	Description: catch type java/lang/Exception is replaced with java/lang/Throwable
	File Name: org/mockito/internal/creation/cglib/CGLIBHacker.java
	Line Number: 27
	Rank: 31
	Timestamp: 1662054810605
	Total Rank: 74
	Dump: mutant-10_ts_1662054810605.class
------------------------------------------------
11.
	Mutator: CatchTypeWideningMutator
	Description: catch type java/io/IOException is replaced with java/lang/Exception
	File Name: org/mockito/internal/util/io/IOUtil.java
	Line Number: 40
	Rank: 31
	Timestamp: 1662054787795
	Total Rank: 74
	Dump: mutant-11_ts_1662054787795.class
------------------------------------------------
12.
	Mutator: CatchTypeWideningMutator
	Description: catch type java/lang/reflect/InvocationTargetException is replaced with java/lang/ReflectiveOperationException
	File Name: org/mockito/internal/runners/util/RunnerProvider.java
	Line Number: 39
	Rank: 31
	Timestamp: 1662054794825
	Total Rank: 74
	Dump: mutant-12_ts_1662054794825.class
------------------------------------------------
13.
	Mutator: CatchTypeWideningMutator
	Description: catch type java/lang/Exception is replaced with java/lang/Throwable
	File Name: org/mockito/internal/util/reflection/FieldReader.java
	Line Number: 29
	Rank: 31
	Timestamp: 1662054799834
	Total Rank: 74
	Dump: mutant-13_ts_1662054799834.class
------------------------------------------------
14.
	Mutator: CatchTypeWideningMutator
	Description: catch type java/lang/Exception is replaced with java/lang/Throwable
	File Name: org/mockito/internal/util/reflection/Whitebox.java
	Line Number: 16
	Rank: 31
	Timestamp: 1662054787796
	Total Rank: 74
	Dump: mutant-14_ts_1662054787796.class
------------------------------------------------
15.
	Mutator: CatchTypeWideningMutator
	Description: catch type java/lang/IllegalAccessException is replaced with java/lang/ReflectiveOperationException
	File Name: org/mockito/internal/util/reflection/FieldInitializer.java
	Line Number: 90
	Rank: 31
	Timestamp: 1662054801928
	Total Rank: 74
	Dump: mutant-15_ts_1662054801928.class
------------------------------------------------
16.
	Mutator: CatchTypeWideningMutator
	Description: catch type java/lang/reflect/InvocationTargetException is replaced with java/lang/ReflectiveOperationException
	File Name: org/mockito/internal/runners/RunnerFactory.java
	Line Number: 30
	Rank: 31
	Timestamp: 1662054787795
	Total Rank: 74
	Dump: mutant-16_ts_1662054787795.class
------------------------------------------------
17.
	Mutator: CatchTypeWideningMutator
	Description: catch type java/lang/NoSuchFieldException is replaced with java/lang/ReflectiveOperationException
	File Name: org/mockito/internal/creation/cglib/AcrossJVMSerializationFeature.java
	Line Number: 351
	Rank: 31
	Timestamp: 1662054802378
	Total Rank: 74
	Dump: mutant-17_ts_1662054802378.class
------------------------------------------------
18.
	Mutator: CatchTypeWideningMutator
	Description: catch type java/lang/IllegalArgumentException is replaced with java/lang/RuntimeException
	File Name: org/mockito/internal/matchers/apachecommons/EqualsBuilder.java
	Line Number: 266
	Rank: 31
	Timestamp: 1662054795982
	Total Rank: 74
	Dump: mutant-18_ts_1662054795982.class
------------------------------------------------
19.
	Mutator: CatchTypeWideningMutator
	Description: catch type java/lang/Exception is replaced with java/lang/Throwable
	File Name: org/mockito/internal/configuration/DefaultAnnotationEngine.java
	Line Number: 75
	Rank: 31
	Timestamp: 1662054805405
	Total Rank: 74
	Dump: mutant-19_ts_1662054805405.class
------------------------------------------------
20.
	Mutator: CatchTypeWideningMutator
	Description: catch type java/lang/Exception is replaced with java/lang/Throwable
	File Name: org/mockito/internal/util/io/IOUtil.java
	Line Number: 27
	Rank: 31
	Timestamp: 1662054787795
	Total Rank: 74
	Dump: mutant-20_ts_1662054787795.class
------------------------------------------------
21.
	Mutator: CatchTypeWideningMutator
	Description: catch type java/lang/ClassCastException is replaced with java/lang/RuntimeException
	File Name: org/mockito/internal/configuration/ClassPathLoader.java
	Line Number: 75
	Rank: 31
	Timestamp: 1662054794824
	Total Rank: 74
	Dump: mutant-21_ts_1662054794824.class
------------------------------------------------
22.
	Mutator: CatchTypeWideningMutator
	Description: catch type java/lang/Exception is replaced with java/lang/Throwable
	File Name: org/mockito/internal/util/reflection/Whitebox.java
	Line Number: 30
	Rank: 31
	Timestamp: 1662054787796
	Total Rank: 74
	Dump: mutant-22_ts_1662054787796.class
------------------------------------------------
23.
	Mutator: CatchTypeWideningMutator
	Description: catch type java/lang/Exception is replaced with java/lang/Throwable
	File Name: org/mockito/internal/runners/util/RunnerProvider.java
	Line Number: 41
	Rank: 31
	Timestamp: 1662054794825
	Total Rank: 74
	Dump: mutant-23_ts_1662054794825.class
------------------------------------------------
24.
	Mutator: CatchTypeWideningMutator
	Description: catch type org/mockito/exceptions/base/MockitoException is replaced with java/lang/RuntimeException
	File Name: org/mockito/internal/util/io/IOUtil.java
	Line Number: 54
	Rank: 31
	Timestamp: 1662054787795
	Total Rank: 74
	Dump: mutant-24_ts_1662054787795.class
------------------------------------------------
25.
	Mutator: CatchTypeWideningMutator
	Description: catch type java/lang/SecurityException is replaced with java/lang/RuntimeException
	File Name: org/mockito/internal/invocation/SerializableMethod.java
	Line Number: 62
	Rank: 31
	Timestamp: 1662054794826
	Total Rank: 74
	Dump: mutant-25_ts_1662054794826.class
------------------------------------------------
26.
	Mutator: CatchTypeWideningMutator
	Description: catch type org/mockito/exceptions/base/MockitoAssertionError is replaced with java/lang/AssertionError
	File Name: org/mockito/internal/verification/VerificationOverTimeImpl.java
	Line Number: 93
	Rank: 31
	Timestamp: 1662054787793
	Total Rank: 74
	Dump: mutant-26_ts_1662054787793.class
------------------------------------------------
27.
	Mutator: CatchTypeWideningMutator
	Description: catch type java/lang/NoSuchMethodException is replaced with java/lang/ReflectiveOperationException
	File Name: org/mockito/internal/util/reflection/Constructors.java
	Line Number: 15
	Rank: 31
	Timestamp: 1662054799835
	Total Rank: 74
	Dump: mutant-27_ts_1662054799835.class
------------------------------------------------
28.
	Mutator: CatchTypeWideningMutator
	Description: catch type org/mockito/exceptions/misusing/NotAMockException is replaced with org/mockito/exceptions/base/MockitoException
	File Name: org/mockito/internal/MockitoCore.java
	Line Number: 116
	Rank: 31
	Timestamp: 1662054801874
	Total Rank: 74
	Dump: mutant-28_ts_1662054801874.class
------------------------------------------------
29.
	Mutator: CatchTypeWideningMutator
	Description: catch type java/lang/IllegalAccessException is replaced with java/lang/ReflectiveOperationException
	File Name: org/mockito/internal/matchers/apachecommons/EqualsBuilder.java
	Line Number: 303
	Rank: 31
	Timestamp: 1662054795982
	Total Rank: 74
	Dump: mutant-29_ts_1662054795982.class
------------------------------------------------
30.
	Mutator: CatchTypeWideningMutator
	Description: catch type java/lang/Exception is replaced with java/lang/Throwable
	File Name: org/mockito/internal/configuration/plugins/PluginFinder.java
	Line Number: 36
	Rank: 31
	Timestamp: 1662054794825
	Total Rank: 74
	Dump: mutant-30_ts_1662054794825.class
------------------------------------------------
31.
	Mutator: CatchTypeWideningMutator
	Description: catch type java/lang/RuntimeException is replaced with java/lang/Exception
	File Name: org/mockito/internal/configuration/injection/filter/FinalMockCandidateFilter.java
	Line Number: 35
	Rank: 31
	Timestamp: 1662054803088
	Total Rank: 74
	Dump: mutant-31_ts_1662054803088.class
------------------------------------------------
