PraPR 2 (JDK 1.7) Fix Report - Thu Sep 01 11:02:22 PDT 2022
Number of Plausible Fixes: 3
Total Number of Patches: 3416
================================================
1.
	Mutator: NonVoidMethodCallMutator
	Description: removed call to org/joda/time/chrono/BasicChronology::getWeeksInYear
	File Name: org/joda/time/chrono/BasicChronology.java
	Line Number: 518
	Rank: 1
	Timestamp: 1662055359511
	Total Rank: 104
	Dump: mutant-3_ts_1662055359511.class
------------------------------------------------
2.
	Mutator: ReturnValsMutator
	Description: replaced return of integer sized value with (x == 0 ? 1 : 0)
	File Name: org/joda/time/chrono/BasicChronology.java
	Line Number: 518
	Rank: 2
	Timestamp: 1662055359512
	Total Rank: 106
	Dump: mutant-1_ts_1662055359512.class
------------------------------------------------
3.
	Mutator: PrimitiveReturnsMutator
	Description: replaced int return with 0 for org/joda/time/chrono/BasicChronology::getWeekOfWeekyear
	File Name: org/joda/time/chrono/BasicChronology.java
	Line Number: 518
	Rank: 3
	Timestamp: 1662055359512
	Total Rank: 108
	Dump: mutant-2_ts_1662055359512.class
------------------------------------------------
