PraPR 2 (JDK 1.7) Fix Report - Thu Aug 11 11:47:31 PDT 2022
Number of Plausible Fixes: 8
Total Number of Patches: 1888
================================================
1.
	Mutator: NonVoidMethodCallMutator
	Description: removed call to org/joda/time/DateTimeField::getMaximumValue
	File Name: org/joda/time/field/ZeroIsMaxDateTimeField.java
	Line Number: 178
	Rank: 1
	Timestamp: 1660243696923
	Total Rank: 10
	Dump: mutant-8_ts_1660243696923.class
------------------------------------------------
2.
	Mutator: MethodNameMutator
	Description: the call to factory method org.joda.time.field.ZeroIsMaxDateTimeField.getWrappedField()Lorg/joda/time/DateTimeField; is replaced by an instantiation of type org.joda.time.field.DelegatedDateTimeField using (Lorg/joda/time/DateTimeField;Lorg/joda/time/DurationField;Lorg/joda/time/DateTimeFieldType;)V
	File Name: org/joda/time/field/ZeroIsMaxDateTimeField.java
	Line Number: 178
	Rank: 4
	Timestamp: 1660243696923
	Total Rank: 14
	Dump: mutant-3_ts_1660243696923.class
------------------------------------------------
3.
	Mutator: MethodNameMutator
	Description: replaced call to getMaximumValue with a call to getMinimumValue
	File Name: org/joda/time/field/ZeroIsMaxDateTimeField.java
	Line Number: 178
	Rank: 4
	Timestamp: 1660243696923
	Total Rank: 14
	Dump: mutant-5_ts_1660243696923.class
------------------------------------------------
4.
	Mutator: MethodNameMutator
	Description: the call to factory method org.joda.time.field.ZeroIsMaxDateTimeField.getWrappedField()Lorg/joda/time/DateTimeField; is replaced by an instantiation of type org.joda.time.field.DelegatedDateTimeField using (Lorg/joda/time/DateTimeField;)V
	File Name: org/joda/time/field/ZeroIsMaxDateTimeField.java
	Line Number: 178
	Rank: 4
	Timestamp: 1660243696923
	Total Rank: 14
	Dump: mutant-6_ts_1660243696923.class
------------------------------------------------
5.
	Mutator: ReturnValsMutator
	Description: replaced return of integer sized value with (x == 0 ? 1 : 0)
	File Name: org/joda/time/field/ZeroIsMaxDateTimeField.java
	Line Number: 178
	Rank: 5
	Timestamp: 1660243696923
	Total Rank: 17
	Dump: mutant-7_ts_1660243696923.class
------------------------------------------------
6.
	Mutator: PrimitiveReturnsMutator
	Description: replaced int return with 0 for org/joda/time/field/ZeroIsMaxDateTimeField::getMaximumValue
	File Name: org/joda/time/field/ZeroIsMaxDateTimeField.java
	Line Number: 178
	Rank: 6
	Timestamp: 1660243696923
	Total Rank: 23
	Dump: mutant-1_ts_1660243696923.class
------------------------------------------------
7.
	Mutator: ArgumentsListMutator
	Description: replaced call to <init>(Lorg/joda/time/Chronology;[Lorg/joda/time/DateTimeFieldType;[I)V with a call to <init>([Lorg/joda/time/DateTimeFieldType;[ILorg/joda/time/Chronology;)V
	File Name: org/joda/time/Partial.java
	Line Number: 464
	Rank: 8
	Timestamp: 1660243668291
	Total Rank: 349
	Dump: mutant-2_ts_1660243668291.class
------------------------------------------------
8.
	Mutator: ArgumentsListMutator
	Description: replaced call to <init>(Lorg/joda/time/Chronology;[Lorg/joda/time/DateTimeFieldType;[I)V with a call to <init>([Lorg/joda/time/DateTimeFieldType;[I)V
	File Name: org/joda/time/Partial.java
	Line Number: 464
	Rank: 8
	Timestamp: 1660243668291
	Total Rank: 349
	Dump: mutant-4_ts_1660243668291.class
------------------------------------------------
