PraPR 2 (JDK 1.7) Fix Report - Thu Aug 11 11:51:53 PDT 2022
Number of Plausible Fixes: 2
Total Number of Patches: 3410
================================================
1.
	Mutator: RemoveConditionalMutator_ORDER_IF
	Description: removed conditional - replaced comparison check with true
	File Name: org/joda/time/DateTimeZone.java
	Line Number: 900
	Rank: 2
	Timestamp: 1660244000662
	Total Rank: 2050
	Dump: mutant-1_ts_1660244000662.class
------------------------------------------------
2.
	Mutator: ConditionalsBoundaryMutator
	Description: changed conditional boundary
	File Name: org/joda/time/DateTimeZone.java
	Line Number: 900
	Rank: 2
	Timestamp: 1660244000662
	Total Rank: 2050
	Dump: mutant-2_ts_1660244000662.class
------------------------------------------------
