PraPR 2 (JDK 1.7) Fix Report - Thu Sep 01 10:54:12 PDT 2022
Number of Plausible Fixes: 2
Total Number of Patches: 2318
================================================
1.
	Mutator: LocalNameMutator
	Description: local bound2 is replaced by local min to be used
	File Name: org/apache/commons/math/optimization/univariate/MultiStartUnivariateRealOptimizer.java
	Line Number: 162
	Rank: 2
	Timestamp: 1662054875941
	Total Rank: 225
	Dump: mutant-1_ts_1662054875941.class
------------------------------------------------
2.
	Mutator: LocalNameMutator
	Description: local bound1 is replaced by local min to be used
	File Name: org/apache/commons/math/optimization/univariate/MultiStartUnivariateRealOptimizer.java
	Line Number: 162
	Rank: 2
	Timestamp: 1662054875940
	Total Rank: 225
	Dump: mutant-2_ts_1662054875940.class
------------------------------------------------
