PraPR 2 (JDK 1.7) Fix Report - Thu Sep 01 10:50:40 PDT 2022
Number of Plausible Fixes: 15
Total Number of Patches: 1317
================================================
1.
	Mutator: MethodNameMutator
	Description: replaced call to getNumberOfSuccesses with a call to getSupportUpperBound
	File Name: org/apache/commons/math3/distribution/HypergeometricDistribution.java
	Line Number: 268
	Rank: 1
	Timestamp: 1662054660317
	Total Rank: 138
	Dump: mutant-1_ts_1662054660317.class
------------------------------------------------
2.
	Mutator: RemoveConditionalMutator_ORDER_ELSE
	Description: removed conditional - replaced comparison check with false
	File Name: org/apache/commons/math3/distribution/AbstractIntegerDistribution.java
	Line Number: 137
	Rank: 2
	Timestamp: 1662054685018
	Total Rank: 363
	Dump: mutant-13_ts_1662054685018.class
------------------------------------------------
3.
	Mutator: NegateConditionalsMutator
	Description: negated conditional
	File Name: org/apache/commons/math3/distribution/AbstractIntegerDistribution.java
	Line Number: 137
	Rank: 3
	Timestamp: 1662054685017
	Total Rank: 365
	Dump: mutant-5_ts_1662054685017.class
------------------------------------------------
4.
	Mutator: InlineConstantMutator
	Description: Substituted 1 with 0
	File Name: org/apache/commons/math3/distribution/AbstractIntegerDistribution.java
	Line Number: 128
	Rank: 4
	Timestamp: 1662054685017
	Total Rank: 406
	Dump: mutant-12_ts_1662054685017.class
------------------------------------------------
5.
	Mutator: MethodNameMutator
	Description: replaced call to isInfinite with a call to isFinite
	File Name: org/apache/commons/math3/distribution/AbstractIntegerDistribution.java
	Line Number: 127
	Rank: 8
	Timestamp: 1662054685017
	Total Rank: 424
	Dump: mutant-9_ts_1662054685017.class
------------------------------------------------
6.
	Mutator: MethodNameMutator
	Description: replaced call to isInfinite with a call to isFinite
	File Name: org/apache/commons/math3/distribution/AbstractIntegerDistribution.java
	Line Number: 128
	Rank: 8
	Timestamp: 1662054685017
	Total Rank: 424
	Dump: mutant-10_ts_1662054685017.class
------------------------------------------------
7.
	Mutator: MethodNameMutator
	Description: replaced call to isNaN with a call to isFinite
	File Name: org/apache/commons/math3/distribution/AbstractIntegerDistribution.java
	Line Number: 128
	Rank: 8
	Timestamp: 1662054685017
	Total Rank: 424
	Dump: mutant-14_ts_1662054685017.class
------------------------------------------------
8.
	Mutator: MethodNameMutator
	Description: replaced call to isNaN with a call to isFinite
	File Name: org/apache/commons/math3/distribution/AbstractIntegerDistribution.java
	Line Number: 127
	Rank: 8
	Timestamp: 1662054685017
	Total Rank: 424
	Dump: mutant-15_ts_1662054685017.class
------------------------------------------------
9.
	Mutator: NonVoidMethodCallMutator
	Description: removed call to org/apache/commons/math3/distribution/AbstractIntegerDistribution::getNumericalVariance
	File Name: org/apache/commons/math3/distribution/AbstractIntegerDistribution.java
	Line Number: 126
	Rank: 10
	Timestamp: 1662054685017
	Total Rank: 432
	Dump: mutant-8_ts_1662054685017.class
------------------------------------------------
10.
	Mutator: NonVoidMethodCallMutator
	Description: removed call to org/apache/commons/math3/util/FastMath::sqrt
	File Name: org/apache/commons/math3/distribution/AbstractIntegerDistribution.java
	Line Number: 126
	Rank: 10
	Timestamp: 1662054685017
	Total Rank: 432
	Dump: mutant-11_ts_1662054685017.class
------------------------------------------------
11.
	Mutator: NegateConditionalsMutator
	Description: negated conditional
	File Name: org/apache/commons/math3/distribution/AbstractIntegerDistribution.java
	Line Number: 127
	Rank: 12
	Timestamp: 1662054685017
	Total Rank: 438
	Dump: mutant-6_ts_1662054685017.class
------------------------------------------------
12.
	Mutator: NegateConditionalsMutator
	Description: negated conditional
	File Name: org/apache/commons/math3/distribution/AbstractIntegerDistribution.java
	Line Number: 128
	Rank: 12
	Timestamp: 1662054685017
	Total Rank: 438
	Dump: mutant-7_ts_1662054685017.class
------------------------------------------------
13.
	Mutator: RemoveConditionalMutator_EQUAL_ELSE
	Description: removed conditional - replaced equality check with false
	File Name: org/apache/commons/math3/distribution/AbstractIntegerDistribution.java
	Line Number: 127
	Rank: 15
	Timestamp: 1662054685017
	Total Rank: 441
	Dump: mutant-2_ts_1662054685017.class
------------------------------------------------
14.
	Mutator: RemoveConditionalMutator_EQUAL_ELSE
	Description: removed conditional - replaced equality check with false
	File Name: org/apache/commons/math3/distribution/AbstractIntegerDistribution.java
	Line Number: 128
	Rank: 15
	Timestamp: 1662054685017
	Total Rank: 441
	Dump: mutant-3_ts_1662054685017.class
------------------------------------------------
15.
	Mutator: RemoveConditionalMutator_EQUAL_ELSE
	Description: removed conditional - replaced equality check with false
	File Name: org/apache/commons/math3/distribution/AbstractIntegerDistribution.java
	Line Number: 129
	Rank: 15
	Timestamp: 1662054685018
	Total Rank: 441
	Dump: mutant-4_ts_1662054685018.class
------------------------------------------------
