PraPR 2 (JDK 1.7) Fix Report - Thu Sep 01 10:54:47 PDT 2022
Number of Plausible Fixes: 3
Total Number of Patches: 7405
================================================
1.
	Mutator: MethodNameMutator
	Description: replaced call to startsWith with a call to endsWith
	File Name: org/joda/time/format/DateTimeFormatterBuilder.java
	Line Number: 2543
	Rank: 3
	Timestamp: 1662055105745
	Total Rank: 55
	Dump: mutant-1_ts_1662055105745.class
------------------------------------------------
2.
	Mutator: MethodNameMutator
	Description: replaced call to startsWith with a call to equalsIgnoreCase
	File Name: org/joda/time/format/DateTimeFormatterBuilder.java
	Line Number: 2543
	Rank: 3
	Timestamp: 1662055105744
	Total Rank: 55
	Dump: mutant-2_ts_1662055105744.class
------------------------------------------------
3.
	Mutator: MethodNameMutator
	Description: replaced call to startsWith with a call to matches
	File Name: org/joda/time/format/DateTimeFormatterBuilder.java
	Line Number: 2543
	Rank: 3
	Timestamp: 1662055105745
	Total Rank: 55
	Dump: mutant-3_ts_1662055105745.class
------------------------------------------------
