PraPR 2 (JDK 1.7) Fix Report - Thu Sep 01 10:44:30 PDT 2022
Number of Plausible Fixes: 2
Total Number of Patches: 2819
================================================
1.
	Mutator: ReturningMethodCallGuardMutator
	Description: the call to getAnnotations()Ljava/util/Collection; is guarded returning default value null
	File Name: org/jfree/chart/plot/XYPlot.java
	Line Number: 4492
	Rank: 2
	Timestamp: 1662054350016
	Total Rank: 127
	Dump: mutant-1_ts_1662054350016.class
------------------------------------------------
2.
	Mutator: ReturningMethodCallGuardMutator
	Description: the call to getAnnotations()Ljava/util/Collection; is guarded returning local result
	File Name: org/jfree/chart/plot/XYPlot.java
	Line Number: 4492
	Rank: 2
	Timestamp: 1662054350016
	Total Rank: 127
	Dump: mutant-2_ts_1662054350016.class
------------------------------------------------
