PraPR 2 (JDK 1.7) Fix Report - Thu Sep 01 12:21:57 PDT 2022
Number of Plausible Fixes: 2
Total Number of Patches: 189
================================================
1.
	Mutator: RemoveConditionalMutator_EQUAL_IF
	Description: removed conditional - replaced equality check with true
	File Name: org/apache/commons/lang/BooleanUtils.java
	Line Number: 672
	Rank: 2
	Timestamp: 1662060120719
	Total Rank: 189
	Dump: mutant-1_ts_1662060120719.class
------------------------------------------------
2.
	Mutator: RemoveConditionalMutator_EQUAL_IF
	Description: removed conditional - replaced equality check with true
	File Name: org/apache/commons/lang/BooleanUtils.java
	Line Number: 677
	Rank: 2
	Timestamp: 1662060120719
	Total Rank: 189
	Dump: mutant-2_ts_1662060120719.class
------------------------------------------------
