PraPR 2 (JDK 1.7) Fix Report - Thu Aug 11 11:43:20 PDT 2022
Number of Plausible Fixes: 2
Total Number of Patches: 397
================================================
1.
	Mutator: ArgumentsListMutator
	Description: replaced call to getInstance(Ljava/util/TimeZone;Ljava/util/Locale;)Ljava/util/Calendar; with a call to getInstance(Ljava/util/Locale;)Ljava/util/Calendar;
	File Name: org/jfree/data/time/Week.java
	Line Number: 198
	Rank: 1
	Timestamp: 1660243411458
	Total Rank: 84
	Dump: mutant-1_ts_1660243411458.class
------------------------------------------------
2.
	Mutator: FieldToLocalAccessMutator
	Description: access to field DEFAULT_TIME_ZONE is replaced by access to local zone
	File Name: org/jfree/data/time/Week.java
	Line Number: 175
	Rank: 2
	Timestamp: 1660243411458
	Total Rank: 85
	Dump: mutant-2_ts_1660243411458.class
------------------------------------------------
