PraPR 2 (JDK 1.7) Fix Report - Thu Sep 01 11:01:56 PDT 2022
Number of Plausible Fixes: 3
Total Number of Patches: 1565
================================================
1.
	Mutator: LocalNameMutator
	Description: local value is replaced by local epsilon to be used
	File Name: org/apache/commons/math3/linear/OpenMapRealVector.java
	Line Number: 139
	Rank: 1
	Timestamp: 1662055618162
	Total Rank: 1023
	Dump: mutant-2_ts_1662055618162.class
------------------------------------------------
2.
	Mutator: NonVoidMethodCallMutator
	Description: removed call to org/apache/commons/math3/linear/OpenMapRealVector::isDefaultValue
	File Name: org/apache/commons/math3/linear/OpenMapRealVector.java
	Line Number: 139
	Rank: 2
	Timestamp: 1662055618162
	Total Rank: 1024
	Dump: mutant-1_ts_1662055618162.class
------------------------------------------------
3.
	Mutator: RemoveConditionalMutator_EQUAL_IF
	Description: removed conditional - replaced equality check with true
	File Name: org/apache/commons/math3/linear/OpenMapRealVector.java
	Line Number: 139
	Rank: 3
	Timestamp: 1662055618162
	Total Rank: 1025
	Dump: mutant-3_ts_1662055618162.class
------------------------------------------------
