PraPR 2 (JDK 1.7) Fix Report - Thu Sep 01 10:56:14 PDT 2022
Number of Plausible Fixes: 2
Total Number of Patches: 12225
================================================
1.
	Mutator: ArgumentsListMutator
	Description: replaced call to <init>(I)V with a call to <init>(I[DIDZIILorg/apache/commons/math3/random/RandomGenerator;ZLorg/apache/commons/math3/optimization/ConvergenceChecker;)V
	File Name: org/apache/commons/math3/optimization/direct/CMAESOptimizer.java
	Line Number: 246
	Rank: 2
	Timestamp: 1662055317872
	Total Rank: 135
	Dump: mutant-1_ts_1662055317872.class
------------------------------------------------
2.
	Mutator: ArgumentsListMutator
	Description: replaced call to <init>(I)V with a call to <init>(I[DIDZIILorg/apache/commons/math3/random/RandomGenerator;Z)V
	File Name: org/apache/commons/math3/optimization/direct/CMAESOptimizer.java
	Line Number: 246
	Rank: 2
	Timestamp: 1662055317872
	Total Rank: 135
	Dump: mutant-2_ts_1662055317872.class
------------------------------------------------
