PraPR 2 (JDK 1.7) Fix Report - Thu Sep 01 11:06:50 PDT 2022
Number of Plausible Fixes: 4
Total Number of Patches: 1190
================================================
1.
	Mutator: ArgumentsListMutator
	Description: replaced call to solve(Lorg/apache/commons/math/analysis/UnivariateRealFunction;DDDDDD)D with a call to solve(Lorg/apache/commons/math/analysis/UnivariateRealFunction;DDD)D
	File Name: org/apache/commons/math/analysis/solvers/BrentSolver.java
	Line Number: 138
	Rank: 4
	Timestamp: 1662055622652
	Total Rank: 42
	Dump: mutant-1_ts_1662055622652.class
------------------------------------------------
2.
	Mutator: ArgumentsListMutator
	Description: replaced call to solve(Lorg/apache/commons/math/analysis/UnivariateRealFunction;DDDDDD)D with a call to solve(DD)D
	File Name: org/apache/commons/math/analysis/solvers/BrentSolver.java
	Line Number: 138
	Rank: 4
	Timestamp: 1662055622652
	Total Rank: 42
	Dump: mutant-2_ts_1662055622652.class
------------------------------------------------
3.
	Mutator: ArgumentsListMutator
	Description: replaced call to solve(Lorg/apache/commons/math/analysis/UnivariateRealFunction;DDDDDD)D with a call to solve(Lorg/apache/commons/math/analysis/UnivariateRealFunction;DD)D
	File Name: org/apache/commons/math/analysis/solvers/BrentSolver.java
	Line Number: 138
	Rank: 4
	Timestamp: 1662055622652
	Total Rank: 42
	Dump: mutant-3_ts_1662055622652.class
------------------------------------------------
4.
	Mutator: ArgumentsListMutator
	Description: replaced call to solve(Lorg/apache/commons/math/analysis/UnivariateRealFunction;DDDDDD)D with a call to solve(DDD)D
	File Name: org/apache/commons/math/analysis/solvers/BrentSolver.java
	Line Number: 138
	Rank: 4
	Timestamp: 1662055622652
	Total Rank: 42
	Dump: mutant-4_ts_1662055622652.class
------------------------------------------------
