PraPR 2 (JDK 1.7) Fix Report - Thu Sep 01 10:43:15 PDT 2022
Number of Plausible Fixes: 30
Total Number of Patches: 1017
================================================
1.
	Mutator: LocalNameMutator
	Description: local newdiff is replaced by local endValue to be used
	File Name: org/apache/commons/lang/time/DurationFormatUtils.java
	Line Number: 439
	Rank: 6
	Timestamp: 1662054273736
	Total Rank: 32
	Dump: mutant-2_ts_1662054273736.class
------------------------------------------------
2.
	Mutator: LocalNameMutator
	Description: local startValue is replaced by local field to be used
	File Name: org/apache/commons/lang/time/DurationFormatUtils.java
	Line Number: 437
	Rank: 6
	Timestamp: 1662054273735
	Total Rank: 32
	Dump: mutant-10_ts_1662054273735.class
------------------------------------------------
3.
	Mutator: LocalNameMutator
	Description: local startValue is replaced by local endValue to be used
	File Name: org/apache/commons/lang/time/DurationFormatUtils.java
	Line Number: 437
	Rank: 6
	Timestamp: 1662054273735
	Total Rank: 32
	Dump: mutant-14_ts_1662054273735.class
------------------------------------------------
4.
	Mutator: LocalNameMutator
	Description: local endValue is replaced by local startValue to be used
	File Name: org/apache/commons/lang/time/DurationFormatUtils.java
	Line Number: 437
	Rank: 6
	Timestamp: 1662054273736
	Total Rank: 32
	Dump: mutant-16_ts_1662054273736.class
------------------------------------------------
5.
	Mutator: LocalNameMutator
	Description: local field is replaced by local newdiff to be used
	File Name: org/apache/commons/lang/time/DurationFormatUtils.java
	Line Number: 438
	Rank: 6
	Timestamp: 1662054273736
	Total Rank: 32
	Dump: mutant-25_ts_1662054273736.class
------------------------------------------------
6.
	Mutator: LocalNameMutator
	Description: local startValue is replaced by local difference to be used
	File Name: org/apache/commons/lang/time/DurationFormatUtils.java
	Line Number: 437
	Rank: 6
	Timestamp: 1662054273735
	Total Rank: 32
	Dump: mutant-26_ts_1662054273735.class
------------------------------------------------
7.
	Mutator: ReturnValsMutator
	Description: replaced return of integer sized value with (x == 0 ? 1 : 0)
	File Name: org/apache/commons/lang/time/DurationFormatUtils.java
	Line Number: 439
	Rank: 7
	Timestamp: 1662054273736
	Total Rank: 33
	Dump: mutant-8_ts_1662054273736.class
------------------------------------------------
8.
	Mutator: MethodNameMutator
	Description: replaced call to add with a call to roll
	File Name: org/apache/commons/lang/time/DurationFormatUtils.java
	Line Number: 438
	Rank: 9
	Timestamp: 1662054273736
	Total Rank: 35
	Dump: mutant-3_ts_1662054273736.class
------------------------------------------------
9.
	Mutator: MethodNameMutator
	Description: replaced call to add with a call to set
	File Name: org/apache/commons/lang/time/DurationFormatUtils.java
	Line Number: 438
	Rank: 9
	Timestamp: 1662054273736
	Total Rank: 35
	Dump: mutant-11_ts_1662054273736.class
------------------------------------------------
10.
	Mutator: VoidMethodCallMutator
	Description: removed call to java/util/Calendar::add
	File Name: org/apache/commons/lang/time/DurationFormatUtils.java
	Line Number: 438
	Rank: 10
	Timestamp: 1662054273736
	Total Rank: 36
	Dump: mutant-7_ts_1662054273736.class
------------------------------------------------
11.
	Mutator: PrimitiveReturnsMutator
	Description: replaced int return with 0 for org/apache/commons/lang/time/DurationFormatUtils::reduceAndCorrect
	File Name: org/apache/commons/lang/time/DurationFormatUtils.java
	Line Number: 439
	Rank: 11
	Timestamp: 1662054273736
	Total Rank: 37
	Dump: mutant-24_ts_1662054273736.class
------------------------------------------------
12.
	Mutator: NegateConditionalsMutator
	Description: negated conditional
	File Name: org/apache/commons/lang/time/DurationFormatUtils.java
	Line Number: 436
	Rank: 12
	Timestamp: 1662054273736
	Total Rank: 414
	Dump: mutant-9_ts_1662054273736.class
------------------------------------------------
13.
	Mutator: LocalNameMutator
	Description: local end is replaced by local start to be used
	File Name: org/apache/commons/lang/time/DurationFormatUtils.java
	Line Number: 323
	Rank: 21
	Timestamp: 1662054273735
	Total Rank: 627
	Dump: mutant-12_ts_1662054273735.class
------------------------------------------------
14.
	Mutator: LocalNameMutator
	Description: local startValue is replaced by local endValue to be used
	File Name: org/apache/commons/lang/time/DurationFormatUtils.java
	Line Number: 436
	Rank: 21
	Timestamp: 1662054273735
	Total Rank: 627
	Dump: mutant-13_ts_1662054273735.class
------------------------------------------------
15.
	Mutator: LocalNameMutator
	Description: local endValue is replaced by local startValue to be used
	File Name: org/apache/commons/lang/time/DurationFormatUtils.java
	Line Number: 436
	Rank: 21
	Timestamp: 1662054273735
	Total Rank: 627
	Dump: mutant-15_ts_1662054273735.class
------------------------------------------------
16.
	Mutator: LocalNameMutator
	Description: local end is replaced by local start to be used
	File Name: org/apache/commons/lang/time/DurationFormatUtils.java
	Line Number: 434
	Rank: 21
	Timestamp: 1662054273735
	Total Rank: 627
	Dump: mutant-17_ts_1662054273735.class
------------------------------------------------
17.
	Mutator: LocalNameMutator
	Description: local startValue is replaced by local field to be used
	File Name: org/apache/commons/lang/time/DurationFormatUtils.java
	Line Number: 436
	Rank: 21
	Timestamp: 1662054273735
	Total Rank: 627
	Dump: mutant-18_ts_1662054273735.class
------------------------------------------------
18.
	Mutator: LocalNameMutator
	Description: local start is replaced by local end to be used
	File Name: org/apache/commons/lang/time/DurationFormatUtils.java
	Line Number: 322
	Rank: 21
	Timestamp: 1662054273734
	Total Rank: 627
	Dump: mutant-20_ts_1662054273734.class
------------------------------------------------
19.
	Mutator: LocalNameMutator
	Description: local start is replaced by local end to be used
	File Name: org/apache/commons/lang/time/DurationFormatUtils.java
	Line Number: 323
	Rank: 21
	Timestamp: 1662054273734
	Total Rank: 627
	Dump: mutant-21_ts_1662054273734.class
------------------------------------------------
20.
	Mutator: LocalNameMutator
	Description: local startValue is replaced by local difference to be used
	File Name: org/apache/commons/lang/time/DurationFormatUtils.java
	Line Number: 436
	Rank: 21
	Timestamp: 1662054273735
	Total Rank: 627
	Dump: mutant-27_ts_1662054273735.class
------------------------------------------------
21.
	Mutator: LocalNameMutator
	Description: local start is replaced by local end to be used
	File Name: org/apache/commons/lang/time/DurationFormatUtils.java
	Line Number: 435
	Rank: 21
	Timestamp: 1662054273735
	Total Rank: 627
	Dump: mutant-30_ts_1662054273735.class
------------------------------------------------
22.
	Mutator: NonVoidMethodCallMutator
	Description: removed call to org/apache/commons/lang/time/DurationFormatUtils::reduceAndCorrect
	File Name: org/apache/commons/lang/time/DurationFormatUtils.java
	Line Number: 323
	Rank: 23
	Timestamp: 1662054273735
	Total Rank: 653
	Dump: mutant-23_ts_1662054273735.class
------------------------------------------------
23.
	Mutator: NonVoidMethodCallMutator
	Description: removed call to java/util/Calendar::get
	File Name: org/apache/commons/lang/time/DurationFormatUtils.java
	Line Number: 435
	Rank: 23
	Timestamp: 1662054273736
	Total Rank: 653
	Dump: mutant-28_ts_1662054273736.class
------------------------------------------------
24.
	Mutator: RemoveConditionalMutator_ORDER_ELSE
	Description: removed conditional - replaced comparison check with false
	File Name: org/apache/commons/lang/time/DurationFormatUtils.java
	Line Number: 436
	Rank: 24
	Timestamp: 1662054273736
	Total Rank: 661
	Dump: mutant-19_ts_1662054273736.class
------------------------------------------------
25.
	Mutator: MethodNameMutator
	Description: replaced call to get with a call to getActualMaximum
	File Name: org/apache/commons/lang/time/DurationFormatUtils.java
	Line Number: 434
	Rank: 30
	Timestamp: 1662054273736
	Total Rank: 721
	Dump: mutant-1_ts_1662054273736.class
------------------------------------------------
26.
	Mutator: MethodNameMutator
	Description: replaced call to get with a call to getGreatestMinimum
	File Name: org/apache/commons/lang/time/DurationFormatUtils.java
	Line Number: 435
	Rank: 30
	Timestamp: 1662054273736
	Total Rank: 721
	Dump: mutant-4_ts_1662054273736.class
------------------------------------------------
27.
	Mutator: MethodNameMutator
	Description: replaced call to get with a call to getLeastMaximum
	File Name: org/apache/commons/lang/time/DurationFormatUtils.java
	Line Number: 434
	Rank: 30
	Timestamp: 1662054273736
	Total Rank: 721
	Dump: mutant-5_ts_1662054273736.class
------------------------------------------------
28.
	Mutator: MethodNameMutator
	Description: replaced call to get with a call to getMaximum
	File Name: org/apache/commons/lang/time/DurationFormatUtils.java
	Line Number: 434
	Rank: 30
	Timestamp: 1662054273736
	Total Rank: 721
	Dump: mutant-6_ts_1662054273736.class
------------------------------------------------
29.
	Mutator: MethodNameMutator
	Description: replaced call to get with a call to getMinimum
	File Name: org/apache/commons/lang/time/DurationFormatUtils.java
	Line Number: 435
	Rank: 30
	Timestamp: 1662054273736
	Total Rank: 721
	Dump: mutant-22_ts_1662054273736.class
------------------------------------------------
30.
	Mutator: MethodNameMutator
	Description: replaced call to get with a call to getActualMinimum
	File Name: org/apache/commons/lang/time/DurationFormatUtils.java
	Line Number: 435
	Rank: 30
	Timestamp: 1662054273736
	Total Rank: 721
	Dump: mutant-29_ts_1662054273736.class
------------------------------------------------
