PraPR 2 (JDK 1.7) Fix Report - Thu Sep 01 10:47:50 PDT 2022
Number of Plausible Fixes: 2
Total Number of Patches: 2310
================================================
1.
	Mutator: LocalNameMutator
	Description: local j is replaced by local i to be used
	File Name: org/apache/commons/math/optimization/linear/SimplexTableau.java
	Line Number: 338
	Rank: 1
	Timestamp: 1662054511661
	Total Rank: 290
	Dump: mutant-2_ts_1662054511661.class
------------------------------------------------
2.
	Mutator: ConditionalsBoundaryMutator
	Description: changed conditional boundary
	File Name: org/apache/commons/math/optimization/linear/SimplexSolver.java
	Line Number: 83
	Rank: 2
	Timestamp: 1662054531370
	Total Rank: 924
	Dump: mutant-1_ts_1662054531370.class
------------------------------------------------
