PraPR 2 (JDK 1.7) Fix Report - Thu Sep 01 10:49:19 PDT 2022
Number of Plausible Fixes: 8
Total Number of Patches: 1107
================================================
1.
	Mutator: LocalNameMutator
	Description: local sampleSize is replaced by local i to be used
	File Name: org/apache/commons/math3/distribution/DiscreteDistribution.java
	Line Number: 189
	Rank: 2
	Timestamp: 1662054580566
	Total Rank: 25
	Dump: mutant-1_ts_1662054580566.class
------------------------------------------------
2.
	Mutator: LocalNameMutator
	Description: local i is replaced by local sampleSize to be used
	File Name: org/apache/commons/math3/distribution/DiscreteDistribution.java
	Line Number: 189
	Rank: 2
	Timestamp: 1662054580566
	Total Rank: 25
	Dump: mutant-3_ts_1662054580566.class
------------------------------------------------
3.
	Mutator: MethodNameMutator
	Description: the call to factory method java.util.List.get(I)Ljava/lang/Object; is replaced by an instantiation of type java.lang.Object using ()V
	File Name: org/apache/commons/math3/distribution/DiscreteDistribution.java
	Line Number: 187
	Rank: 3
	Timestamp: 1662054580566
	Total Rank: 38
	Dump: mutant-7_ts_1662054580566.class
------------------------------------------------
4.
	Mutator: NonVoidMethodCallMutator
	Description: removed call to org/apache/commons/math3/distribution/DiscreteDistribution::sample
	File Name: org/apache/commons/math3/distribution/DiscreteDistribution.java
	Line Number: 190
	Rank: 4
	Timestamp: 1662054580566
	Total Rank: 42
	Dump: mutant-2_ts_1662054580566.class
------------------------------------------------
5.
	Mutator: InlineConstantMutator
	Description: Substituted 0 with 1
	File Name: org/apache/commons/math3/distribution/DiscreteDistribution.java
	Line Number: 187
	Rank: 6
	Timestamp: 1662054580566
	Total Rank: 44
	Dump: mutant-4_ts_1662054580566.class
------------------------------------------------
6.
	Mutator: InlineConstantMutator
	Description: Substituted 0 with 1
	File Name: org/apache/commons/math3/distribution/DiscreteDistribution.java
	Line Number: 189
	Rank: 6
	Timestamp: 1662054580566
	Total Rank: 44
	Dump: mutant-5_ts_1662054580566.class
------------------------------------------------
7.
	Mutator: NegateConditionalsMutator
	Description: negated conditional
	File Name: org/apache/commons/math3/distribution/DiscreteDistribution.java
	Line Number: 189
	Rank: 7
	Timestamp: 1662054580566
	Total Rank: 46
	Dump: mutant-6_ts_1662054580566.class
------------------------------------------------
8.
	Mutator: RemoveConditionalMutator_ORDER_ELSE
	Description: removed conditional - replaced comparison check with false
	File Name: org/apache/commons/math3/distribution/DiscreteDistribution.java
	Line Number: 189
	Rank: 8
	Timestamp: 1662054580566
	Total Rank: 48
	Dump: mutant-8_ts_1662054580566.class
------------------------------------------------
