PraPR 2 (JDK 1.7) Fix Report - Thu Aug 11 11:43:11 PDT 2022
Number of Plausible Fixes: 2
Total Number of Patches: 92
================================================
1.
	Mutator: LocalNameMutator
	Description: local value is replaced by local v to be used
	File Name: org/jfree/chart/renderer/GrayPaintScale.java
	Line Number: 126
	Rank: 2
	Timestamp: 1660243392738
	Total Rank: 73
	Dump: mutant-1_ts_1660243392738.class
------------------------------------------------
2.
	Mutator: LocalNameMutator
	Description: local v is replaced by local value to be defined
	File Name: org/jfree/chart/renderer/GrayPaintScale.java
	Line Number: 125
	Rank: 2
	Timestamp: 1660243392738
	Total Rank: 73
	Dump: mutant-2_ts_1660243392738.class
------------------------------------------------
