PraPR 2 (JDK 1.7) Fix Report - Thu Sep 01 10:43:58 PDT 2022
Number of Plausible Fixes: 14
Total Number of Patches: 2252
================================================
1.
	Mutator: FieldNameMutator
	Description: replaced access to t0 with an access to g0
	File Name: org/apache/commons/math/ode/events/EventState.java
	Line Number: 174
	Rank: 3
	Timestamp: 1662054318300
	Total Rank: 940
	Dump: mutant-9_ts_1662054318300.class
------------------------------------------------
2.
	Mutator: FieldNameMutator
	Description: replaced access to t0 with an access to convergence
	File Name: org/apache/commons/math/ode/events/EventState.java
	Line Number: 174
	Rank: 3
	Timestamp: 1662054318300
	Total Rank: 940
	Dump: mutant-11_ts_1662054318300.class
------------------------------------------------
3.
	Mutator: FieldNameMutator
	Description: replaced access to t0 with an access to maxCheckInterval
	File Name: org/apache/commons/math/ode/events/EventState.java
	Line Number: 174
	Rank: 3
	Timestamp: 1662054318300
	Total Rank: 940
	Dump: mutant-12_ts_1662054318300.class
------------------------------------------------
4.
	Mutator: LocalToFieldAccessMutator
	Description: access to local t1 is replaced by access to field convergence
	File Name: org/apache/commons/math/ode/events/EventState.java
	Line Number: 174
	Rank: 5
	Timestamp: 1662054318300
	Total Rank: 1002
	Dump: mutant-7_ts_1662054318300.class
------------------------------------------------
5.
	Mutator: LocalToFieldAccessMutator
	Description: access to local t1 is replaced by access to field g0
	File Name: org/apache/commons/math/ode/events/EventState.java
	Line Number: 174
	Rank: 5
	Timestamp: 1662054318300
	Total Rank: 1002
	Dump: mutant-13_ts_1662054318300.class
------------------------------------------------
6.
	Mutator: FieldAccessToMethodCallMutator
	Description: the access to field org.apache.commons.math.ode.events.EventState.t0 is replaced by the call to org.apache.commons.math.ode.events.EventState::getConvergence()D
	File Name: org/apache/commons/math/ode/events/EventState.java
	Line Number: 174
	Rank: 7
	Timestamp: 1662054318300
	Total Rank: 1031
	Dump: mutant-8_ts_1662054318300.class
------------------------------------------------
7.
	Mutator: FieldAccessToMethodCallMutator
	Description: the access to field org.apache.commons.math.ode.events.EventState.t0 is replaced by the call to org.apache.commons.math.ode.events.EventState::getMaxCheckInterval()D
	File Name: org/apache/commons/math/ode/events/EventState.java
	Line Number: 174
	Rank: 7
	Timestamp: 1662054318300
	Total Rank: 1031
	Dump: mutant-10_ts_1662054318300.class
------------------------------------------------
8.
	Mutator: MethodNameMutator
	Description: replaced call to abs with a call to toDegrees
	File Name: org/apache/commons/math/ode/events/EventState.java
	Line Number: 174
	Rank: 11
	Timestamp: 1662054318301
	Total Rank: 1060
	Dump: mutant-1_ts_1662054318301.class
------------------------------------------------
9.
	Mutator: MethodNameMutator
	Description: replaced call to max with a call to addExact
	File Name: org/apache/commons/math/ode/events/EventState.java
	Line Number: 174
	Rank: 11
	Timestamp: 1662054318301
	Total Rank: 1060
	Dump: mutant-2_ts_1662054318301.class
------------------------------------------------
10.
	Mutator: MethodNameMutator
	Description: replaced call to ceil with a call to toDegrees
	File Name: org/apache/commons/math/ode/events/EventState.java
	Line Number: 174
	Rank: 11
	Timestamp: 1662054318301
	Total Rank: 1060
	Dump: mutant-4_ts_1662054318301.class
------------------------------------------------
11.
	Mutator: MethodNameMutator
	Description: replaced call to ceil with a call to exp
	File Name: org/apache/commons/math/ode/events/EventState.java
	Line Number: 174
	Rank: 11
	Timestamp: 1662054318301
	Total Rank: 1060
	Dump: mutant-14_ts_1662054318301.class
------------------------------------------------
12.
	Mutator: MathMutator
	Description: Replaced double subtraction with addition
	File Name: org/apache/commons/math/ode/events/EventState.java
	Line Number: 174
	Rank: 12
	Timestamp: 1662054318301
	Total Rank: 1067
	Dump: mutant-3_ts_1662054318301.class
------------------------------------------------
13.
	Mutator: LocalNameMutator
	Description: local p1 is replaced by local y1 to be used
	File Name: org/apache/commons/math/analysis/solvers/BrentSolver.java
	Line Number: 277
	Rank: 13
	Timestamp: 1662054254745
	Total Rank: 1688
	Dump: mutant-5_ts_1662054254745.class
------------------------------------------------
14.
	Mutator: MathMutator
	Description: Replaced double multiplication with division
	File Name: org/apache/commons/math/analysis/solvers/BrentSolver.java
	Line Number: 277
	Rank: 14
	Timestamp: 1662054254745
	Total Rank: 1715
	Dump: mutant-6_ts_1662054254745.class
------------------------------------------------
