PraPR 2 (JDK 1.7) Fix Report - Thu Aug 11 11:47:39 PDT 2022
Number of Plausible Fixes: 2
Total Number of Patches: 2667
================================================
1.
	Mutator: NegateConditionalsMutator
	Description: negated conditional
	File Name: org/jfree/chart/renderer/category/AbstractCategoryItemRenderer.java
	Line Number: 1797
	Rank: 1
	Timestamp: 1660243786381
	Total Rank: 217
	Dump: mutant-2_ts_1660243786381.class
------------------------------------------------
2.
	Mutator: RemoveConditionalMutator_EQUAL_ELSE
	Description: removed conditional - replaced equality check with false
	File Name: org/jfree/chart/renderer/category/AbstractCategoryItemRenderer.java
	Line Number: 1797
	Rank: 2
	Timestamp: 1660243786381
	Total Rank: 219
	Dump: mutant-1_ts_1660243786381.class
------------------------------------------------
