PraPR 2 (JDK 1.7) Fix Report - Thu Sep 01 11:03:09 PDT 2022
Number of Plausible Fixes: 152
Total Number of Patches: 7593
================================================
1.
	Mutator: FieldNameMutator
	Description: replaced access to pingPong with an access to tType
	File Name: org/apache/commons/math/linear/EigenDecompositionImpl.java
	Line Number: 1533
	Rank: 1
	Timestamp: 1662055847795
	Total Rank: 166
	Dump: mutant-1_ts_1662055847795.class
------------------------------------------------
2.
	Mutator: RemoveConditionalMutator_ORDER_IF
	Description: removed conditional - replaced comparison check with true
	File Name: org/apache/commons/math/linear/EigenDecompositionImpl.java
	Line Number: 1537
	Rank: 2
	Timestamp: 1662055847800
	Total Rank: 171
	Dump: mutant-7_ts_1662055847800.class
------------------------------------------------
3.
	Mutator: MathMutator
	Description: Replaced integer subtraction with addition
	File Name: org/apache/commons/math/linear/EigenDecompositionImpl.java
	Line Number: 1535
	Rank: 3
	Timestamp: 1662055847799
	Total Rank: 190
	Dump: mutant-34_ts_1662055847799.class
------------------------------------------------
4.
	Mutator: InlineConstantMutator
	Description: Substituted 2 with 3
	File Name: org/apache/commons/math/linear/EigenDecompositionImpl.java
	Line Number: 1534
	Rank: 7
	Timestamp: 1662055847799
	Total Rank: 209
	Dump: mutant-86_ts_1662055847799.class
------------------------------------------------
5.
	Mutator: InlineConstantMutator
	Description: Substituted 2 with 3
	File Name: org/apache/commons/math/linear/EigenDecompositionImpl.java
	Line Number: 1533
	Rank: 7
	Timestamp: 1662055847799
	Total Rank: 209
	Dump: mutant-90_ts_1662055847799.class
------------------------------------------------
6.
	Mutator: InlineConstantMutator
	Description: Substituted 2 with 3
	File Name: org/apache/commons/math/linear/EigenDecompositionImpl.java
	Line Number: 1543
	Rank: 7
	Timestamp: 1662055847799
	Total Rank: 209
	Dump: mutant-101_ts_1662055847799.class
------------------------------------------------
7.
	Mutator: InlineConstantMutator
	Description: Substituted 4 with 5
	File Name: org/apache/commons/math/linear/EigenDecompositionImpl.java
	Line Number: 1537
	Rank: 7
	Timestamp: 1662055847799
	Total Rank: 209
	Dump: mutant-121_ts_1662055847799.class
------------------------------------------------
8.
	Mutator: FieldToLocalAccessMutator
	Description: access to field pingPong is replaced by access to local start
	File Name: org/apache/commons/math/linear/EigenDecompositionImpl.java
	Line Number: 1533
	Rank: 10
	Timestamp: 1662055847796
	Total Rank: 240
	Dump: mutant-4_ts_1662055847796.class
------------------------------------------------
9.
	Mutator: FieldToLocalAccessMutator
	Description: access to field pingPong is replaced by access to local deflated
	File Name: org/apache/commons/math/linear/EigenDecompositionImpl.java
	Line Number: 1533
	Rank: 10
	Timestamp: 1662055847796
	Total Rank: 240
	Dump: mutant-11_ts_1662055847796.class
------------------------------------------------
10.
	Mutator: FieldToLocalAccessMutator
	Description: access to field tType is replaced by access to local end
	File Name: org/apache/commons/math/linear/EigenDecompositionImpl.java
	Line Number: 1529
	Rank: 10
	Timestamp: 1662055847796
	Total Rank: 240
	Dump: mutant-80_ts_1662055847796.class
------------------------------------------------
11.
	Mutator: LocalToFieldAccessMutator
	Description: access to local end is replaced by access to field tType
	File Name: org/apache/commons/math/linear/EigenDecompositionImpl.java
	Line Number: 1543
	Rank: 13
	Timestamp: 1662055847798
	Total Rank: 252
	Dump: mutant-21_ts_1662055847798.class
------------------------------------------------
12.
	Mutator: LocalToFieldAccessMutator
	Description: access to local start is replaced by access to field pingPong
	File Name: org/apache/commons/math/linear/EigenDecompositionImpl.java
	Line Number: 1543
	Rank: 13
	Timestamp: 1662055847798
	Total Rank: 252
	Dump: mutant-22_ts_1662055847798.class
------------------------------------------------
13.
	Mutator: LocalToFieldAccessMutator
	Description: access to local end is replaced by access to field pingPong
	File Name: org/apache/commons/math/linear/EigenDecompositionImpl.java
	Line Number: 1543
	Rank: 13
	Timestamp: 1662055847798
	Total Rank: 252
	Dump: mutant-24_ts_1662055847798.class
------------------------------------------------
14.
	Mutator: RemoveConditionalMutator_ORDER_ELSE
	Description: removed conditional - replaced comparison check with false
	File Name: org/apache/commons/math/linear/EigenDecompositionImpl.java
	Line Number: 1537
	Rank: 15
	Timestamp: 1662055847799
	Total Rank: 258
	Dump: mutant-37_ts_1662055847799.class
------------------------------------------------
15.
	Mutator: RemoveConditionalMutator_ORDER_ELSE
	Description: removed conditional - replaced comparison check with false
	File Name: org/apache/commons/math/linear/EigenDecompositionImpl.java
	Line Number: 1543
	Rank: 15
	Timestamp: 1662055847800
	Total Rank: 258
	Dump: mutant-59_ts_1662055847800.class
------------------------------------------------
16.
	Mutator: NegateConditionalsMutator
	Description: negated conditional
	File Name: org/apache/commons/math/linear/EigenDecompositionImpl.java
	Line Number: 1537
	Rank: 17
	Timestamp: 1662055847799
	Total Rank: 263
	Dump: mutant-50_ts_1662055847799.class
------------------------------------------------
17.
	Mutator: NegateConditionalsMutator
	Description: negated conditional
	File Name: org/apache/commons/math/linear/EigenDecompositionImpl.java
	Line Number: 1543
	Rank: 17
	Timestamp: 1662055847799
	Total Rank: 263
	Dump: mutant-57_ts_1662055847799.class
------------------------------------------------
18.
	Mutator: LocalNameMutator
	Description: local start is replaced by local nn to be used
	File Name: org/apache/commons/math/linear/EigenDecompositionImpl.java
	Line Number: 1543
	Rank: 22
	Timestamp: 1662055847797
	Total Rank: 287
	Dump: mutant-2_ts_1662055847797.class
------------------------------------------------
19.
	Mutator: LocalNameMutator
	Description: local end is replaced by local deflated to be used
	File Name: org/apache/commons/math/linear/EigenDecompositionImpl.java
	Line Number: 1543
	Rank: 22
	Timestamp: 1662055847797
	Total Rank: 287
	Dump: mutant-6_ts_1662055847797.class
------------------------------------------------
20.
	Mutator: LocalNameMutator
	Description: local start is replaced by local np to be used
	File Name: org/apache/commons/math/linear/EigenDecompositionImpl.java
	Line Number: 1543
	Rank: 22
	Timestamp: 1662055847797
	Total Rank: 287
	Dump: mutant-14_ts_1662055847797.class
------------------------------------------------
21.
	Mutator: LocalNameMutator
	Description: local end is replaced by local start to be used
	File Name: org/apache/commons/math/linear/EigenDecompositionImpl.java
	Line Number: 1543
	Rank: 22
	Timestamp: 1662055847797
	Total Rank: 287
	Dump: mutant-47_ts_1662055847797.class
------------------------------------------------
22.
	Mutator: LocalNameMutator
	Description: local start is replaced by local end to be used
	File Name: org/apache/commons/math/linear/EigenDecompositionImpl.java
	Line Number: 1543
	Rank: 22
	Timestamp: 1662055847797
	Total Rank: 287
	Dump: mutant-150_ts_1662055847797.class
------------------------------------------------
23.
	Mutator: FieldAccessToMethodCallMutator
	Description: the access to field org.apache.commons.math.linear.EigenDecompositionImpl.dN is replaced by the call to org.apache.commons.math.linear.EigenDecompositionImpl::getDeterminant()D
	File Name: org/apache/commons/math/linear/EigenDecompositionImpl.java
	Line Number: 1479
	Rank: 23
	Timestamp: 1662055847795
	Total Rank: 344
	Dump: mutant-128_ts_1662055847795.class
------------------------------------------------
24.
	Mutator: FieldNameMutator
	Description: replaced access to dN with an access to minPivot
	File Name: org/apache/commons/math/linear/EigenDecompositionImpl.java
	Line Number: 1479
	Rank: 26
	Timestamp: 1662055847796
	Total Rank: 394
	Dump: mutant-13_ts_1662055847796.class
------------------------------------------------
25.
	Mutator: FieldNameMutator
	Description: replaced access to dN with an access to splitTolerance
	File Name: org/apache/commons/math/linear/EigenDecompositionImpl.java
	Line Number: 1479
	Rank: 26
	Timestamp: 1662055847795
	Total Rank: 394
	Dump: mutant-51_ts_1662055847795.class
------------------------------------------------
26.
	Mutator: FieldNameMutator
	Description: replaced access to dN with an access to sigmaLow
	File Name: org/apache/commons/math/linear/EigenDecompositionImpl.java
	Line Number: 1479
	Rank: 26
	Timestamp: 1662055847796
	Total Rank: 394
	Dump: mutant-102_ts_1662055847796.class
------------------------------------------------
27.
	Mutator: MathMutator
	Description: Replaced integer subtraction with addition
	File Name: org/apache/commons/math/linear/EigenDecompositionImpl.java
	Line Number: 1484
	Rank: 27
	Timestamp: 1662055847799
	Total Rank: 408
	Dump: mutant-66_ts_1662055847799.class
------------------------------------------------
28.
	Mutator: InlineConstantMutator
	Description: Substituted 0.0 with 1.0
	File Name: org/apache/commons/math/linear/EigenDecompositionImpl.java
	Line Number: 1480
	Rank: 28
	Timestamp: 1662055847799
	Total Rank: 419
	Dump: mutant-46_ts_1662055847799.class
------------------------------------------------
29.
	Mutator: LocalToFieldAccessMutator
	Description: access to local a2 is replaced by access to field upperSpectra
	File Name: org/apache/commons/math/linear/EigenDecompositionImpl.java
	Line Number: 1480
	Rank: 42
	Timestamp: 1662055847798
	Total Rank: 505
	Dump: mutant-3_ts_1662055847798.class
------------------------------------------------
30.
	Mutator: LocalToFieldAccessMutator
	Description: access to local a2 is replaced by access to field upperSpectra
	File Name: org/apache/commons/math/linear/EigenDecompositionImpl.java
	Line Number: 1512
	Rank: 42
	Timestamp: 1662055847798
	Total Rank: 505
	Dump: mutant-12_ts_1662055847798.class
------------------------------------------------
31.
	Mutator: LocalToFieldAccessMutator
	Description: access to local a2 is replaced by access to field lowerSpectra
	File Name: org/apache/commons/math/linear/EigenDecompositionImpl.java
	Line Number: 1480
	Rank: 42
	Timestamp: 1662055847798
	Total Rank: 505
	Dump: mutant-20_ts_1662055847798.class
------------------------------------------------
32.
	Mutator: LocalToFieldAccessMutator
	Description: access to local a2 is replaced by access to field lowerSpectra
	File Name: org/apache/commons/math/linear/EigenDecompositionImpl.java
	Line Number: 1512
	Rank: 42
	Timestamp: 1662055847798
	Total Rank: 505
	Dump: mutant-28_ts_1662055847798.class
------------------------------------------------
33.
	Mutator: LocalToFieldAccessMutator
	Description: access to local b2 is replaced by access to field upperSpectra
	File Name: org/apache/commons/math/linear/EigenDecompositionImpl.java
	Line Number: 1484
	Rank: 42
	Timestamp: 1662055847798
	Total Rank: 505
	Dump: mutant-49_ts_1662055847798.class
------------------------------------------------
34.
	Mutator: LocalToFieldAccessMutator
	Description: access to local a2 is replaced by access to field splitTolerance
	File Name: org/apache/commons/math/linear/EigenDecompositionImpl.java
	Line Number: 1480
	Rank: 42
	Timestamp: 1662055847798
	Total Rank: 505
	Dump: mutant-65_ts_1662055847798.class
------------------------------------------------
35.
	Mutator: LocalToFieldAccessMutator
	Description: access to local b2 is replaced by access to field upperSpectra
	File Name: org/apache/commons/math/linear/EigenDecompositionImpl.java
	Line Number: 1511
	Rank: 42
	Timestamp: 1662055847798
	Total Rank: 505
	Dump: mutant-84_ts_1662055847798.class
------------------------------------------------
36.
	Mutator: LocalToFieldAccessMutator
	Description: access to local b2 is replaced by access to field upperSpectra
	File Name: org/apache/commons/math/linear/EigenDecompositionImpl.java
	Line Number: 1512
	Rank: 42
	Timestamp: 1662055847798
	Total Rank: 505
	Dump: mutant-87_ts_1662055847798.class
------------------------------------------------
37.
	Mutator: LocalToFieldAccessMutator
	Description: access to local b2 is replaced by access to field lowerSpectra
	File Name: org/apache/commons/math/linear/EigenDecompositionImpl.java
	Line Number: 1512
	Rank: 42
	Timestamp: 1662055847798
	Total Rank: 505
	Dump: mutant-103_ts_1662055847798.class
------------------------------------------------
38.
	Mutator: LocalToFieldAccessMutator
	Description: access to local b2 is replaced by access to field lowerSpectra
	File Name: org/apache/commons/math/linear/EigenDecompositionImpl.java
	Line Number: 1511
	Rank: 42
	Timestamp: 1662055847798
	Total Rank: 505
	Dump: mutant-107_ts_1662055847798.class
------------------------------------------------
39.
	Mutator: LocalToFieldAccessMutator
	Description: access to local b2 is replaced by access to field lowerSpectra
	File Name: org/apache/commons/math/linear/EigenDecompositionImpl.java
	Line Number: 1484
	Rank: 42
	Timestamp: 1662055847798
	Total Rank: 505
	Dump: mutant-111_ts_1662055847798.class
------------------------------------------------
40.
	Mutator: LocalToFieldAccessMutator
	Description: access to local b2 is replaced by access to field splitTolerance
	File Name: org/apache/commons/math/linear/EigenDecompositionImpl.java
	Line Number: 1484
	Rank: 42
	Timestamp: 1662055847798
	Total Rank: 505
	Dump: mutant-119_ts_1662055847798.class
------------------------------------------------
41.
	Mutator: LocalToFieldAccessMutator
	Description: access to local a2 is replaced by access to field minPivot
	File Name: org/apache/commons/math/linear/EigenDecompositionImpl.java
	Line Number: 1480
	Rank: 42
	Timestamp: 1662055847798
	Total Rank: 505
	Dump: mutant-139_ts_1662055847798.class
------------------------------------------------
42.
	Mutator: LocalToFieldAccessMutator
	Description: access to local b2 is replaced by access to field minPivot
	File Name: org/apache/commons/math/linear/EigenDecompositionImpl.java
	Line Number: 1484
	Rank: 42
	Timestamp: 1662055847798
	Total Rank: 505
	Dump: mutant-141_ts_1662055847798.class
------------------------------------------------
43.
	Mutator: LocalNameMutator
	Description: local b2 is replaced by local a2 to be defined
	File Name: org/apache/commons/math/linear/EigenDecompositionImpl.java
	Line Number: 1484
	Rank: 62
	Timestamp: 1662055847797
	Total Rank: 601
	Dump: mutant-29_ts_1662055847797.class
------------------------------------------------
44.
	Mutator: LocalNameMutator
	Description: local a2 is replaced by local cnst2 to be defined
	File Name: org/apache/commons/math/linear/EigenDecompositionImpl.java
	Line Number: 1480
	Rank: 62
	Timestamp: 1662055847797
	Total Rank: 601
	Dump: mutant-30_ts_1662055847797.class
------------------------------------------------
45.
	Mutator: LocalNameMutator
	Description: local b2 is replaced by local b1 to be defined
	File Name: org/apache/commons/math/linear/EigenDecompositionImpl.java
	Line Number: 1484
	Rank: 62
	Timestamp: 1662055847797
	Total Rank: 601
	Dump: mutant-32_ts_1662055847797.class
------------------------------------------------
46.
	Mutator: LocalNameMutator
	Description: local a2 is replaced by local cnst1 to be defined
	File Name: org/apache/commons/math/linear/EigenDecompositionImpl.java
	Line Number: 1480
	Rank: 62
	Timestamp: 1662055847796
	Total Rank: 601
	Dump: mutant-33_ts_1662055847796.class
------------------------------------------------
47.
	Mutator: LocalNameMutator
	Description: local b2 is replaced by local cnst1 to be used
	File Name: org/apache/commons/math/linear/EigenDecompositionImpl.java
	Line Number: 1512
	Rank: 62
	Timestamp: 1662055847796
	Total Rank: 601
	Dump: mutant-36_ts_1662055847796.class
------------------------------------------------
48.
	Mutator: LocalNameMutator
	Description: local a2 is replaced by local cnst3 to be used
	File Name: org/apache/commons/math/linear/EigenDecompositionImpl.java
	Line Number: 1512
	Rank: 62
	Timestamp: 1662055847797
	Total Rank: 601
	Dump: mutant-44_ts_1662055847797.class
------------------------------------------------
49.
	Mutator: LocalNameMutator
	Description: local a2 is replaced by local b1 to be defined
	File Name: org/apache/commons/math/linear/EigenDecompositionImpl.java
	Line Number: 1480
	Rank: 62
	Timestamp: 1662055847797
	Total Rank: 601
	Dump: mutant-56_ts_1662055847797.class
------------------------------------------------
50.
	Mutator: LocalNameMutator
	Description: local a2 is replaced by local s to be defined
	File Name: org/apache/commons/math/linear/EigenDecompositionImpl.java
	Line Number: 1480
	Rank: 62
	Timestamp: 1662055847797
	Total Rank: 601
	Dump: mutant-71_ts_1662055847797.class
------------------------------------------------
51.
	Mutator: LocalNameMutator
	Description: local a2 is replaced by local b2 to be defined
	File Name: org/apache/commons/math/linear/EigenDecompositionImpl.java
	Line Number: 1480
	Rank: 62
	Timestamp: 1662055847797
	Total Rank: 601
	Dump: mutant-77_ts_1662055847797.class
------------------------------------------------
52.
	Mutator: LocalNameMutator
	Description: local b2 is replaced by local cnst3 to be defined
	File Name: org/apache/commons/math/linear/EigenDecompositionImpl.java
	Line Number: 1484
	Rank: 62
	Timestamp: 1662055847797
	Total Rank: 601
	Dump: mutant-81_ts_1662055847797.class
------------------------------------------------
53.
	Mutator: LocalNameMutator
	Description: local b2 is replaced by local cnst3 to be used
	File Name: org/apache/commons/math/linear/EigenDecompositionImpl.java
	Line Number: 1511
	Rank: 62
	Timestamp: 1662055847797
	Total Rank: 601
	Dump: mutant-104_ts_1662055847797.class
------------------------------------------------
54.
	Mutator: LocalNameMutator
	Description: local b2 is replaced by local cnst3 to be used
	File Name: org/apache/commons/math/linear/EigenDecompositionImpl.java
	Line Number: 1512
	Rank: 62
	Timestamp: 1662055847797
	Total Rank: 601
	Dump: mutant-106_ts_1662055847797.class
------------------------------------------------
55.
	Mutator: LocalNameMutator
	Description: local a2 is replaced by local cnst3 to be defined
	File Name: org/apache/commons/math/linear/EigenDecompositionImpl.java
	Line Number: 1480
	Rank: 62
	Timestamp: 1662055847797
	Total Rank: 601
	Dump: mutant-122_ts_1662055847797.class
------------------------------------------------
56.
	Mutator: LocalNameMutator
	Description: local a2 is replaced by local cnst1 to be used
	File Name: org/apache/commons/math/linear/EigenDecompositionImpl.java
	Line Number: 1512
	Rank: 62
	Timestamp: 1662055847796
	Total Rank: 601
	Dump: mutant-129_ts_1662055847796.class
------------------------------------------------
57.
	Mutator: LocalNameMutator
	Description: local b2 is replaced by local s to be defined
	File Name: org/apache/commons/math/linear/EigenDecompositionImpl.java
	Line Number: 1484
	Rank: 62
	Timestamp: 1662055847797
	Total Rank: 601
	Dump: mutant-132_ts_1662055847797.class
------------------------------------------------
58.
	Mutator: LocalNameMutator
	Description: local a2 is replaced by local cnst2 to be used
	File Name: org/apache/commons/math/linear/EigenDecompositionImpl.java
	Line Number: 1512
	Rank: 62
	Timestamp: 1662055847797
	Total Rank: 601
	Dump: mutant-133_ts_1662055847797.class
------------------------------------------------
59.
	Mutator: LocalNameMutator
	Description: local b2 is replaced by local cnst2 to be defined
	File Name: org/apache/commons/math/linear/EigenDecompositionImpl.java
	Line Number: 1484
	Rank: 62
	Timestamp: 1662055847797
	Total Rank: 601
	Dump: mutant-144_ts_1662055847797.class
------------------------------------------------
60.
	Mutator: LocalNameMutator
	Description: local b2 is replaced by local cnst2 to be used
	File Name: org/apache/commons/math/linear/EigenDecompositionImpl.java
	Line Number: 1511
	Rank: 62
	Timestamp: 1662055847797
	Total Rank: 601
	Dump: mutant-145_ts_1662055847797.class
------------------------------------------------
61.
	Mutator: LocalNameMutator
	Description: local b2 is replaced by local cnst2 to be used
	File Name: org/apache/commons/math/linear/EigenDecompositionImpl.java
	Line Number: 1512
	Rank: 62
	Timestamp: 1662055847797
	Total Rank: 601
	Dump: mutant-148_ts_1662055847797.class
------------------------------------------------
62.
	Mutator: LocalNameMutator
	Description: local b2 is replaced by local cnst1 to be defined
	File Name: org/apache/commons/math/linear/EigenDecompositionImpl.java
	Line Number: 1484
	Rank: 62
	Timestamp: 1662055847796
	Total Rank: 601
	Dump: mutant-152_ts_1662055847796.class
------------------------------------------------
63.
	Mutator: MethodNameMutator
	Description: replaced call to sqrt with a call to cos
	File Name: org/apache/commons/math/linear/EigenDecompositionImpl.java
	Line Number: 1521
	Rank: 64
	Timestamp: 1662055847799
	Total Rank: 831
	Dump: mutant-114_ts_1662055847799.class
------------------------------------------------
64.
	Mutator: MethodNameMutator
	Description: replaced call to sqrt with a call to exp
	File Name: org/apache/commons/math/linear/EigenDecompositionImpl.java
	Line Number: 1521
	Rank: 64
	Timestamp: 1662055847799
	Total Rank: 831
	Dump: mutant-135_ts_1662055847799.class
------------------------------------------------
65.
	Mutator: MathMutator
	Description: Replaced double multiplication with division
	File Name: org/apache/commons/math/linear/EigenDecompositionImpl.java
	Line Number: 1517
	Rank: 66
	Timestamp: 1662055847799
	Total Rank: 877
	Dump: mutant-74_ts_1662055847799.class
------------------------------------------------
66.
	Mutator: MathMutator
	Description: Replaced double addition with subtraction
	File Name: org/apache/commons/math/linear/EigenDecompositionImpl.java
	Line Number: 1502
	Rank: 66
	Timestamp: 1662055847799
	Total Rank: 877
	Dump: mutant-78_ts_1662055847799.class
------------------------------------------------
67.
	Mutator: InlineConstantMutator
	Description: Substituted 1.0 with 2.0
	File Name: org/apache/commons/math/linear/EigenDecompositionImpl.java
	Line Number: 1521
	Rank: 67
	Timestamp: 1662055847799
	Total Rank: 885
	Dump: mutant-112_ts_1662055847799.class
------------------------------------------------
68.
	Mutator: LocalToFieldAccessMutator
	Description: access to local a2 is replaced by access to field upperSpectra
	File Name: org/apache/commons/math/linear/EigenDecompositionImpl.java
	Line Number: 1502
	Rank: 86
	Timestamp: 1662055847798
	Total Rank: 955
	Dump: mutant-8_ts_1662055847798.class
------------------------------------------------
69.
	Mutator: LocalToFieldAccessMutator
	Description: access to local a2 is replaced by access to field lowerSpectra
	File Name: org/apache/commons/math/linear/EigenDecompositionImpl.java
	Line Number: 1502
	Rank: 86
	Timestamp: 1662055847798
	Total Rank: 955
	Dump: mutant-10_ts_1662055847798.class
------------------------------------------------
70.
	Mutator: LocalToFieldAccessMutator
	Description: access to local a2 is replaced by access to field upperSpectra
	File Name: org/apache/commons/math/linear/EigenDecompositionImpl.java
	Line Number: 1517
	Rank: 86
	Timestamp: 1662055847799
	Total Rank: 955
	Dump: mutant-16_ts_1662055847799.class
------------------------------------------------
71.
	Mutator: LocalToFieldAccessMutator
	Description: access to local a2 is replaced by access to field upperSpectra
	File Name: org/apache/commons/math/linear/EigenDecompositionImpl.java
	Line Number: 1520
	Rank: 86
	Timestamp: 1662055847799
	Total Rank: 955
	Dump: mutant-17_ts_1662055847799.class
------------------------------------------------
72.
	Mutator: LocalToFieldAccessMutator
	Description: access to local a2 is replaced by access to field upperSpectra
	File Name: org/apache/commons/math/linear/EigenDecompositionImpl.java
	Line Number: 1521
	Rank: 86
	Timestamp: 1662055847799
	Total Rank: 955
	Dump: mutant-18_ts_1662055847799.class
------------------------------------------------
73.
	Mutator: LocalToFieldAccessMutator
	Description: access to local a2 is replaced by access to field lowerSpectra
	File Name: org/apache/commons/math/linear/EigenDecompositionImpl.java
	Line Number: 1520
	Rank: 86
	Timestamp: 1662055847798
	Total Rank: 955
	Dump: mutant-26_ts_1662055847798.class
------------------------------------------------
74.
	Mutator: LocalToFieldAccessMutator
	Description: access to local a2 is replaced by access to field lowerSpectra
	File Name: org/apache/commons/math/linear/EigenDecompositionImpl.java
	Line Number: 1517
	Rank: 86
	Timestamp: 1662055847798
	Total Rank: 955
	Dump: mutant-27_ts_1662055847798.class
------------------------------------------------
75.
	Mutator: LocalToFieldAccessMutator
	Description: access to local s is replaced by access to field lowerSpectra
	File Name: org/apache/commons/math/linear/EigenDecompositionImpl.java
	Line Number: 1521
	Rank: 86
	Timestamp: 1662055847798
	Total Rank: 955
	Dump: mutant-58_ts_1662055847798.class
------------------------------------------------
76.
	Mutator: LocalToFieldAccessMutator
	Description: access to local s is replaced by access to field TOLERANCE_2
	File Name: org/apache/commons/math/linear/EigenDecompositionImpl.java
	Line Number: 1523
	Rank: 86
	Timestamp: 1662055847798
	Total Rank: 955
	Dump: mutant-61_ts_1662055847798.class
------------------------------------------------
77.
	Mutator: LocalToFieldAccessMutator
	Description: access to local b2 is replaced by access to field lowerSpectra
	File Name: org/apache/commons/math/linear/EigenDecompositionImpl.java
	Line Number: 1502
	Rank: 86
	Timestamp: 1662055847798
	Total Rank: 955
	Dump: mutant-83_ts_1662055847798.class
------------------------------------------------
78.
	Mutator: LocalToFieldAccessMutator
	Description: access to local s is replaced by access to field minPivot
	File Name: org/apache/commons/math/linear/EigenDecompositionImpl.java
	Line Number: 1521
	Rank: 86
	Timestamp: 1662055847798
	Total Rank: 955
	Dump: mutant-85_ts_1662055847798.class
------------------------------------------------
79.
	Mutator: LocalToFieldAccessMutator
	Description: access to local b2 is replaced by access to field upperSpectra
	File Name: org/apache/commons/math/linear/EigenDecompositionImpl.java
	Line Number: 1502
	Rank: 86
	Timestamp: 1662055847798
	Total Rank: 955
	Dump: mutant-94_ts_1662055847798.class
------------------------------------------------
80.
	Mutator: LocalToFieldAccessMutator
	Description: access to local s is replaced by access to field splitTolerance
	File Name: org/apache/commons/math/linear/EigenDecompositionImpl.java
	Line Number: 1523
	Rank: 86
	Timestamp: 1662055847798
	Total Rank: 955
	Dump: mutant-95_ts_1662055847798.class
------------------------------------------------
81.
	Mutator: LocalToFieldAccessMutator
	Description: access to local s is replaced by access to field splitTolerance
	File Name: org/apache/commons/math/linear/EigenDecompositionImpl.java
	Line Number: 1521
	Rank: 86
	Timestamp: 1662055847798
	Total Rank: 955
	Dump: mutant-97_ts_1662055847798.class
------------------------------------------------
82.
	Mutator: LocalToFieldAccessMutator
	Description: access to local gam is replaced by access to field TOLERANCE
	File Name: org/apache/commons/math/linear/EigenDecompositionImpl.java
	Line Number: 1521
	Rank: 86
	Timestamp: 1662055847798
	Total Rank: 955
	Dump: mutant-108_ts_1662055847798.class
------------------------------------------------
83.
	Mutator: LocalToFieldAccessMutator
	Description: access to local gam is replaced by access to field TOLERANCE_2
	File Name: org/apache/commons/math/linear/EigenDecompositionImpl.java
	Line Number: 1521
	Rank: 86
	Timestamp: 1662055847798
	Total Rank: 955
	Dump: mutant-110_ts_1662055847798.class
------------------------------------------------
84.
	Mutator: LocalToFieldAccessMutator
	Description: access to local s is replaced by access to field TOLERANCE
	File Name: org/apache/commons/math/linear/EigenDecompositionImpl.java
	Line Number: 1523
	Rank: 86
	Timestamp: 1662055847798
	Total Rank: 955
	Dump: mutant-115_ts_1662055847798.class
------------------------------------------------
85.
	Mutator: LocalToFieldAccessMutator
	Description: access to local s is replaced by access to field upperSpectra
	File Name: org/apache/commons/math/linear/EigenDecompositionImpl.java
	Line Number: 1521
	Rank: 86
	Timestamp: 1662055847798
	Total Rank: 955
	Dump: mutant-126_ts_1662055847798.class
------------------------------------------------
86.
	Mutator: LocalToFieldAccessMutator
	Description: access to local gam is replaced by access to field splitTolerance
	File Name: org/apache/commons/math/linear/EigenDecompositionImpl.java
	Line Number: 1521
	Rank: 86
	Timestamp: 1662055847798
	Total Rank: 955
	Dump: mutant-131_ts_1662055847798.class
------------------------------------------------
87.
	Mutator: RemoveConditionalMutator_ORDER_ELSE
	Description: removed conditional - replaced comparison check with false
	File Name: org/apache/commons/math/linear/EigenDecompositionImpl.java
	Line Number: 1520
	Rank: 87
	Timestamp: 1662055847799
	Total Rank: 958
	Dump: mutant-31_ts_1662055847799.class
------------------------------------------------
88.
	Mutator: NegateConditionalsMutator
	Description: negated conditional
	File Name: org/apache/commons/math/linear/EigenDecompositionImpl.java
	Line Number: 1520
	Rank: 88
	Timestamp: 1662055847799
	Total Rank: 961
	Dump: mutant-64_ts_1662055847799.class
------------------------------------------------
89.
	Mutator: LocalNameMutator
	Description: local gam is replaced by local b2 to be used
	File Name: org/apache/commons/math/linear/EigenDecompositionImpl.java
	Line Number: 1521
	Rank: 115
	Timestamp: 1662055847797
	Total Rank: 1027
	Dump: mutant-5_ts_1662055847797.class
------------------------------------------------
90.
	Mutator: LocalNameMutator
	Description: local a2 is replaced by local cnst3 to be used
	File Name: org/apache/commons/math/linear/EigenDecompositionImpl.java
	Line Number: 1502
	Rank: 115
	Timestamp: 1662055847797
	Total Rank: 1027
	Dump: mutant-35_ts_1662055847797.class
------------------------------------------------
91.
	Mutator: LocalNameMutator
	Description: local a2 is replaced by local cnst3 to be used
	File Name: org/apache/commons/math/linear/EigenDecompositionImpl.java
	Line Number: 1521
	Rank: 115
	Timestamp: 1662055847797
	Total Rank: 1027
	Dump: mutant-38_ts_1662055847797.class
------------------------------------------------
92.
	Mutator: LocalNameMutator
	Description: local a2 is replaced by local cnst3 to be used
	File Name: org/apache/commons/math/linear/EigenDecompositionImpl.java
	Line Number: 1520
	Rank: 115
	Timestamp: 1662055847797
	Total Rank: 1027
	Dump: mutant-39_ts_1662055847797.class
------------------------------------------------
93.
	Mutator: LocalNameMutator
	Description: local a2 is replaced by local cnst3 to be used
	File Name: org/apache/commons/math/linear/EigenDecompositionImpl.java
	Line Number: 1517
	Rank: 115
	Timestamp: 1662055847797
	Total Rank: 1027
	Dump: mutant-43_ts_1662055847797.class
------------------------------------------------
94.
	Mutator: LocalNameMutator
	Description: local s is replaced by local cnst3 to be defined
	File Name: org/apache/commons/math/linear/EigenDecompositionImpl.java
	Line Number: 1521
	Rank: 115
	Timestamp: 1662055847797
	Total Rank: 1027
	Dump: mutant-45_ts_1662055847797.class
------------------------------------------------
95.
	Mutator: LocalNameMutator
	Description: local s is replaced by local cnst2 to be defined
	File Name: org/apache/commons/math/linear/EigenDecompositionImpl.java
	Line Number: 1521
	Rank: 115
	Timestamp: 1662055847797
	Total Rank: 1027
	Dump: mutant-55_ts_1662055847797.class
------------------------------------------------
96.
	Mutator: LocalNameMutator
	Description: local s is replaced by local cnst1 to be defined
	File Name: org/apache/commons/math/linear/EigenDecompositionImpl.java
	Line Number: 1521
	Rank: 115
	Timestamp: 1662055847796
	Total Rank: 1027
	Dump: mutant-63_ts_1662055847796.class
------------------------------------------------
97.
	Mutator: LocalNameMutator
	Description: local gam is replaced by local b1 to be used
	File Name: org/apache/commons/math/linear/EigenDecompositionImpl.java
	Line Number: 1521
	Rank: 115
	Timestamp: 1662055847797
	Total Rank: 1027
	Dump: mutant-75_ts_1662055847797.class
------------------------------------------------
98.
	Mutator: LocalNameMutator
	Description: local s is replaced by local a2 to be defined
	File Name: org/apache/commons/math/linear/EigenDecompositionImpl.java
	Line Number: 1521
	Rank: 115
	Timestamp: 1662055847797
	Total Rank: 1027
	Dump: mutant-89_ts_1662055847797.class
------------------------------------------------
99.
	Mutator: LocalNameMutator
	Description: local b2 is replaced by local cnst3 to be used
	File Name: org/apache/commons/math/linear/EigenDecompositionImpl.java
	Line Number: 1502
	Rank: 115
	Timestamp: 1662055847797
	Total Rank: 1027
	Dump: mutant-92_ts_1662055847797.class
------------------------------------------------
100.
	Mutator: LocalNameMutator
	Description: local a2 is replaced by local cnst1 to be used
	File Name: org/apache/commons/math/linear/EigenDecompositionImpl.java
	Line Number: 1520
	Rank: 115
	Timestamp: 1662055847796
	Total Rank: 1027
	Dump: mutant-99_ts_1662055847796.class
------------------------------------------------
101.
	Mutator: LocalNameMutator
	Description: local a2 is replaced by local cnst1 to be used
	File Name: org/apache/commons/math/linear/EigenDecompositionImpl.java
	Line Number: 1521
	Rank: 115
	Timestamp: 1662055847796
	Total Rank: 1027
	Dump: mutant-100_ts_1662055847796.class
------------------------------------------------
102.
	Mutator: LocalNameMutator
	Description: local gam is replaced by local a2 to be used
	File Name: org/apache/commons/math/linear/EigenDecompositionImpl.java
	Line Number: 1521
	Rank: 115
	Timestamp: 1662055847797
	Total Rank: 1027
	Dump: mutant-105_ts_1662055847797.class
------------------------------------------------
103.
	Mutator: LocalNameMutator
	Description: local b2 is replaced by local cnst1 to be used
	File Name: org/apache/commons/math/linear/EigenDecompositionImpl.java
	Line Number: 1502
	Rank: 115
	Timestamp: 1662055847796
	Total Rank: 1027
	Dump: mutant-113_ts_1662055847796.class
------------------------------------------------
104.
	Mutator: LocalNameMutator
	Description: local s is replaced by local b2 to be used
	File Name: org/apache/commons/math/linear/EigenDecompositionImpl.java
	Line Number: 1523
	Rank: 115
	Timestamp: 1662055847797
	Total Rank: 1027
	Dump: mutant-116_ts_1662055847797.class
------------------------------------------------
105.
	Mutator: LocalNameMutator
	Description: local a2 is replaced by local cnst2 to be used
	File Name: org/apache/commons/math/linear/EigenDecompositionImpl.java
	Line Number: 1502
	Rank: 115
	Timestamp: 1662055847797
	Total Rank: 1027
	Dump: mutant-117_ts_1662055847797.class
------------------------------------------------
106.
	Mutator: LocalNameMutator
	Description: local s is replaced by local b1 to be used
	File Name: org/apache/commons/math/linear/EigenDecompositionImpl.java
	Line Number: 1523
	Rank: 115
	Timestamp: 1662055847797
	Total Rank: 1027
	Dump: mutant-123_ts_1662055847797.class
------------------------------------------------
107.
	Mutator: LocalNameMutator
	Description: local a2 is replaced by local cnst1 to be used
	File Name: org/apache/commons/math/linear/EigenDecompositionImpl.java
	Line Number: 1502
	Rank: 115
	Timestamp: 1662055847796
	Total Rank: 1027
	Dump: mutant-125_ts_1662055847796.class
------------------------------------------------
108.
	Mutator: LocalNameMutator
	Description: local a2 is replaced by local cnst1 to be used
	File Name: org/apache/commons/math/linear/EigenDecompositionImpl.java
	Line Number: 1517
	Rank: 115
	Timestamp: 1662055847796
	Total Rank: 1027
	Dump: mutant-127_ts_1662055847796.class
------------------------------------------------
109.
	Mutator: LocalNameMutator
	Description: local a2 is replaced by local cnst2 to be used
	File Name: org/apache/commons/math/linear/EigenDecompositionImpl.java
	Line Number: 1517
	Rank: 115
	Timestamp: 1662055847797
	Total Rank: 1027
	Dump: mutant-134_ts_1662055847797.class
------------------------------------------------
110.
	Mutator: LocalNameMutator
	Description: local a2 is replaced by local cnst2 to be used
	File Name: org/apache/commons/math/linear/EigenDecompositionImpl.java
	Line Number: 1521
	Rank: 115
	Timestamp: 1662055847797
	Total Rank: 1027
	Dump: mutant-136_ts_1662055847797.class
------------------------------------------------
111.
	Mutator: LocalNameMutator
	Description: local s is replaced by local b2 to be defined
	File Name: org/apache/commons/math/linear/EigenDecompositionImpl.java
	Line Number: 1521
	Rank: 115
	Timestamp: 1662055847797
	Total Rank: 1027
	Dump: mutant-137_ts_1662055847797.class
------------------------------------------------
112.
	Mutator: LocalNameMutator
	Description: local a2 is replaced by local cnst2 to be used
	File Name: org/apache/commons/math/linear/EigenDecompositionImpl.java
	Line Number: 1520
	Rank: 115
	Timestamp: 1662055847797
	Total Rank: 1027
	Dump: mutant-138_ts_1662055847797.class
------------------------------------------------
113.
	Mutator: LocalNameMutator
	Description: local s is replaced by local a2 to be used
	File Name: org/apache/commons/math/linear/EigenDecompositionImpl.java
	Line Number: 1523
	Rank: 115
	Timestamp: 1662055847797
	Total Rank: 1027
	Dump: mutant-142_ts_1662055847797.class
------------------------------------------------
114.
	Mutator: LocalNameMutator
	Description: local s is replaced by local b1 to be defined
	File Name: org/apache/commons/math/linear/EigenDecompositionImpl.java
	Line Number: 1521
	Rank: 115
	Timestamp: 1662055847797
	Total Rank: 1027
	Dump: mutant-143_ts_1662055847797.class
------------------------------------------------
115.
	Mutator: LocalNameMutator
	Description: local b2 is replaced by local cnst2 to be used
	File Name: org/apache/commons/math/linear/EigenDecompositionImpl.java
	Line Number: 1502
	Rank: 115
	Timestamp: 1662055847797
	Total Rank: 1027
	Dump: mutant-149_ts_1662055847797.class
------------------------------------------------
116.
	Mutator: FieldAccessToMethodCallMutator
	Description: the access to field org.apache.commons.math.linear.EigenDecompositionImpl.dMin is replaced by the call to org.apache.commons.math.linear.EigenDecompositionImpl::getDeterminant()D
	File Name: org/apache/commons/math/linear/EigenDecompositionImpl.java
	Line Number: 1526
	Rank: 117
	Timestamp: 1662055847795
	Total Rank: 2632
	Dump: mutant-98_ts_1662055847795.class
------------------------------------------------
117.
	Mutator: FieldAccessToMethodCallMutator
	Description: the access to field org.apache.commons.math.linear.EigenDecompositionImpl.dN2 is replaced by the call to org.apache.commons.math.linear.EigenDecompositionImpl::getDeterminant()D
	File Name: org/apache/commons/math/linear/EigenDecompositionImpl.java
	Line Number: 1526
	Rank: 117
	Timestamp: 1662055847795
	Total Rank: 2632
	Dump: mutant-147_ts_1662055847795.class
------------------------------------------------
118.
	Mutator: FieldNameMutator
	Description: replaced access to dMin with an access to sigma
	File Name: org/apache/commons/math/linear/EigenDecompositionImpl.java
	Line Number: 1314
	Rank: 132
	Timestamp: 1662055847801
	Total Rank: 3733
	Dump: mutant-15_ts_1662055847801.class
------------------------------------------------
119.
	Mutator: FieldNameMutator
	Description: replaced access to dN2 with an access to upperSpectra
	File Name: org/apache/commons/math/linear/EigenDecompositionImpl.java
	Line Number: 1526
	Rank: 132
	Timestamp: 1662055847796
	Total Rank: 3733
	Dump: mutant-25_ts_1662055847796.class
------------------------------------------------
120.
	Mutator: FieldNameMutator
	Description: replaced access to dN2 with an access to lowerSpectra
	File Name: org/apache/commons/math/linear/EigenDecompositionImpl.java
	Line Number: 1526
	Rank: 132
	Timestamp: 1662055847795
	Total Rank: 3733
	Dump: mutant-52_ts_1662055847795.class
------------------------------------------------
121.
	Mutator: FieldNameMutator
	Description: replaced access to dMin with an access to upperSpectra
	File Name: org/apache/commons/math/linear/EigenDecompositionImpl.java
	Line Number: 1526
	Rank: 132
	Timestamp: 1662055847796
	Total Rank: 3733
	Dump: mutant-54_ts_1662055847796.class
------------------------------------------------
122.
	Mutator: FieldNameMutator
	Description: replaced access to dMin with an access to splitTolerance
	File Name: org/apache/commons/math/linear/EigenDecompositionImpl.java
	Line Number: 1526
	Rank: 132
	Timestamp: 1662055847795
	Total Rank: 3733
	Dump: mutant-60_ts_1662055847795.class
------------------------------------------------
123.
	Mutator: FieldNameMutator
	Description: replaced access to dN2 with an access to splitTolerance
	File Name: org/apache/commons/math/linear/EigenDecompositionImpl.java
	Line Number: 1526
	Rank: 132
	Timestamp: 1662055847795
	Total Rank: 3733
	Dump: mutant-67_ts_1662055847795.class
------------------------------------------------
124.
	Mutator: FieldNameMutator
	Description: replaced access to dN2 with an access to minPivot
	File Name: org/apache/commons/math/linear/EigenDecompositionImpl.java
	Line Number: 1526
	Rank: 132
	Timestamp: 1662055847796
	Total Rank: 3733
	Dump: mutant-88_ts_1662055847796.class
------------------------------------------------
125.
	Mutator: FieldNameMutator
	Description: replaced access to dN2 with an access to sigma
	File Name: org/apache/commons/math/linear/EigenDecompositionImpl.java
	Line Number: 1526
	Rank: 132
	Timestamp: 1662055847796
	Total Rank: 3733
	Dump: mutant-93_ts_1662055847796.class
------------------------------------------------
126.
	Mutator: FieldNameMutator
	Description: replaced access to dMin with an access to sigmaLow
	File Name: org/apache/commons/math/linear/EigenDecompositionImpl.java
	Line Number: 1526
	Rank: 132
	Timestamp: 1662055847796
	Total Rank: 3733
	Dump: mutant-96_ts_1662055847796.class
------------------------------------------------
127.
	Mutator: FieldNameMutator
	Description: replaced access to dMin with an access to sigma
	File Name: org/apache/commons/math/linear/EigenDecompositionImpl.java
	Line Number: 1526
	Rank: 132
	Timestamp: 1662055847796
	Total Rank: 3733
	Dump: mutant-109_ts_1662055847796.class
------------------------------------------------
128.
	Mutator: FieldNameMutator
	Description: replaced access to dMin with an access to minPivot
	File Name: org/apache/commons/math/linear/EigenDecompositionImpl.java
	Line Number: 1526
	Rank: 132
	Timestamp: 1662055847796
	Total Rank: 3733
	Dump: mutant-118_ts_1662055847796.class
------------------------------------------------
129.
	Mutator: FieldNameMutator
	Description: replaced access to dN2 with an access to sigmaLow
	File Name: org/apache/commons/math/linear/EigenDecompositionImpl.java
	Line Number: 1526
	Rank: 132
	Timestamp: 1662055847796
	Total Rank: 3733
	Dump: mutant-124_ts_1662055847796.class
------------------------------------------------
130.
	Mutator: FieldNameMutator
	Description: replaced access to dMin with an access to lowerSpectra
	File Name: org/apache/commons/math/linear/EigenDecompositionImpl.java
	Line Number: 1526
	Rank: 132
	Timestamp: 1662055847795
	Total Rank: 3733
	Dump: mutant-140_ts_1662055847795.class
------------------------------------------------
131.
	Mutator: FieldNameMutator
	Description: replaced access to dMin with an access to upperSpectra
	File Name: org/apache/commons/math/linear/EigenDecompositionImpl.java
	Line Number: 1292
	Rank: 132
	Timestamp: 1662055847801
	Total Rank: 3733
	Dump: mutant-146_ts_1662055847801.class
------------------------------------------------
132.
	Mutator: FieldNameMutator
	Description: replaced access to dMin with an access to upperSpectra
	File Name: org/apache/commons/math/linear/EigenDecompositionImpl.java
	Line Number: 1314
	Rank: 132
	Timestamp: 1662055847801
	Total Rank: 3733
	Dump: mutant-151_ts_1662055847801.class
------------------------------------------------
133.
	Mutator: MathMutator
	Description: Replaced integer addition with subtraction
	File Name: org/apache/commons/math/linear/EigenDecompositionImpl.java
	Line Number: 1444
	Rank: 133
	Timestamp: 1662055847799
	Total Rank: 4058
	Dump: mutant-76_ts_1662055847799.class
------------------------------------------------
134.
	Mutator: RemoveConditionalMutator_EQUAL_IF
	Description: removed conditional - replaced equality check with true
	File Name: org/apache/commons/math/linear/EigenDecompositionImpl.java
	Line Number: 1448
	Rank: 134
	Timestamp: 1662055847799
	Total Rank: 4318
	Dump: mutant-120_ts_1662055847799.class
------------------------------------------------
135.
	Mutator: FieldToLocalAccessMutator
	Description: access to field dN2 is replaced by access to local cnst2
	File Name: org/apache/commons/math/linear/EigenDecompositionImpl.java
	Line Number: 1526
	Rank: 141
	Timestamp: 1662055847796
	Total Rank: 4569
	Dump: mutant-40_ts_1662055847796.class
------------------------------------------------
136.
	Mutator: FieldToLocalAccessMutator
	Description: access to field dN2 is replaced by access to local cnst3
	File Name: org/apache/commons/math/linear/EigenDecompositionImpl.java
	Line Number: 1526
	Rank: 141
	Timestamp: 1662055847796
	Total Rank: 4569
	Dump: mutant-41_ts_1662055847796.class
------------------------------------------------
137.
	Mutator: FieldToLocalAccessMutator
	Description: access to field dN2 is replaced by access to local cnst1
	File Name: org/apache/commons/math/linear/EigenDecompositionImpl.java
	Line Number: 1526
	Rank: 141
	Timestamp: 1662055847796
	Total Rank: 4569
	Dump: mutant-42_ts_1662055847796.class
------------------------------------------------
138.
	Mutator: FieldToLocalAccessMutator
	Description: access to field dMin is replaced by access to local cnst1
	File Name: org/apache/commons/math/linear/EigenDecompositionImpl.java
	Line Number: 1526
	Rank: 141
	Timestamp: 1662055847796
	Total Rank: 4569
	Dump: mutant-68_ts_1662055847796.class
------------------------------------------------
139.
	Mutator: FieldToLocalAccessMutator
	Description: access to field dMin is replaced by access to local cnst3
	File Name: org/apache/commons/math/linear/EigenDecompositionImpl.java
	Line Number: 1526
	Rank: 141
	Timestamp: 1662055847796
	Total Rank: 4569
	Dump: mutant-69_ts_1662055847796.class
------------------------------------------------
140.
	Mutator: FieldToLocalAccessMutator
	Description: access to field dMin is replaced by access to local cnst2
	File Name: org/apache/commons/math/linear/EigenDecompositionImpl.java
	Line Number: 1526
	Rank: 141
	Timestamp: 1662055847796
	Total Rank: 4569
	Dump: mutant-70_ts_1662055847796.class
------------------------------------------------
141.
	Mutator: FieldToLocalAccessMutator
	Description: access to field dMin is replaced by access to local d
	File Name: org/apache/commons/math/linear/EigenDecompositionImpl.java
	Line Number: 1292
	Rank: 141
	Timestamp: 1662055847801
	Total Rank: 4569
	Dump: mutant-91_ts_1662055847801.class
------------------------------------------------
142.
	Mutator: LocalToFieldAccessMutator
	Description: access to local d is replaced by access to field upperSpectra
	File Name: org/apache/commons/math/linear/EigenDecompositionImpl.java
	Line Number: 1275
	Rank: 143
	Timestamp: 1662055847802
	Total Rank: 5441
	Dump: mutant-9_ts_1662055847802.class
------------------------------------------------
143.
	Mutator: LocalToFieldAccessMutator
	Description: access to local start is replaced by access to field pingPong
	File Name: org/apache/commons/math/linear/EigenDecompositionImpl.java
	Line Number: 1071
	Rank: 143
	Timestamp: 1662055847803
	Total Rank: 5441
	Dump: mutant-23_ts_1662055847803.class
------------------------------------------------
144.
	Mutator: ArgumentPropagationMutator
	Description: replaced call to java/lang/Math::min with argument
	File Name: org/apache/commons/math/linear/EigenDecompositionImpl.java
	Line Number: 1314
	Rank: 145
	Timestamp: 1662055847802
	Total Rank: 5484
	Dump: mutant-73_ts_1662055847802.class
------------------------------------------------
145.
	Mutator: ArgumentPropagationMutator
	Description: replaced call to java/lang/Math::min with argument
	File Name: org/apache/commons/math/linear/EigenDecompositionImpl.java
	Line Number: 1292
	Rank: 145
	Timestamp: 1662055847802
	Total Rank: 5484
	Dump: mutant-79_ts_1662055847802.class
------------------------------------------------
146.
	Mutator: NegateConditionalsMutator
	Description: negated conditional
	File Name: org/apache/commons/math/linear/EigenDecompositionImpl.java
	Line Number: 1448
	Rank: 147
	Timestamp: 1662055847799
	Total Rank: 5595
	Dump: mutant-48_ts_1662055847799.class
------------------------------------------------
147.
	Mutator: NegateConditionalsMutator
	Description: negated conditional
	File Name: org/apache/commons/math/linear/EigenDecompositionImpl.java
	Line Number: 1526
	Rank: 147
	Timestamp: 1662055847799
	Total Rank: 5595
	Dump: mutant-53_ts_1662055847799.class
------------------------------------------------
148.
	Mutator: LocalNameMutator
	Description: local start is replaced by local end to be used
	File Name: org/apache/commons/math/linear/EigenDecompositionImpl.java
	Line Number: 1071
	Rank: 150
	Timestamp: 1662055847803
	Total Rank: 6328
	Dump: mutant-19_ts_1662055847803.class
------------------------------------------------
149.
	Mutator: LocalNameMutator
	Description: local start is replaced by local deflatedEnd to be used
	File Name: org/apache/commons/math/linear/EigenDecompositionImpl.java
	Line Number: 1071
	Rank: 150
	Timestamp: 1662055847803
	Total Rank: 6328
	Dump: mutant-62_ts_1662055847803.class
------------------------------------------------
150.
	Mutator: LocalNameMutator
	Description: local start is replaced by local l to be used
	File Name: org/apache/commons/math/linear/EigenDecompositionImpl.java
	Line Number: 1071
	Rank: 150
	Timestamp: 1662055847803
	Total Rank: 6328
	Dump: mutant-130_ts_1662055847803.class
------------------------------------------------
151.
	Mutator: RemoveConditionalMutator_EQUAL_ELSE
	Description: removed conditional - replaced equality check with false
	File Name: org/apache/commons/math/linear/EigenDecompositionImpl.java
	Line Number: 1448
	Rank: 152
	Timestamp: 1662055847799
	Total Rank: 6348
	Dump: mutant-72_ts_1662055847799.class
------------------------------------------------
152.
	Mutator: RemoveConditionalMutator_EQUAL_ELSE
	Description: removed conditional - replaced equality check with false
	File Name: org/apache/commons/math/linear/EigenDecompositionImpl.java
	Line Number: 1526
	Rank: 152
	Timestamp: 1662055847799
	Total Rank: 6348
	Dump: mutant-82_ts_1662055847799.class
------------------------------------------------
