PraPR 2 (JDK 1.7) Fix Report - Thu Aug 11 11:51:25 PDT 2022
Number of Plausible Fixes: 3
Total Number of Patches: 211
================================================
1.
	Mutator: FieldNameMutator
	Description: replaced access to NaN with an access to INF
	File Name: org/apache/commons/math3/complex/Complex.java
	Line Number: 305
	Rank: 1
	Timestamp: 1660243891427
	Total Rank: 58
	Dump: mutant-1_ts_1660243891427.class
------------------------------------------------
2.
	Mutator: LocalNameMutator
	Description: local c is replaced by local this to be used
	File Name: org/apache/commons/math3/complex/Complex.java
	Line Number: 345
	Rank: 2
	Timestamp: 1660243891427
	Total Rank: 162
	Dump: mutant-2_ts_1660243891427.class
------------------------------------------------
3.
	Mutator: LocalToFieldAccessMutator
	Description: access to local this is replaced by access to field INF
	File Name: org/apache/commons/math3/complex/Complex.java
	Line Number: 340
	Rank: 3
	Timestamp: 1660243891427
	Total Rank: 173
	Dump: mutant-3_ts_1660243891427.class
------------------------------------------------
