PraPR 2 (JDK 1.7) Fix Report - Thu Sep 01 10:48:21 PDT 2022
Number of Plausible Fixes: 2
Total Number of Patches: 6694
================================================
1.
	Mutator: NonVoidMethodCallMutator
	Description: removed call to org/joda/time/DateTimeZone::convertUTCToLocal
	File Name: org/joda/time/DateTimeZone.java
	Line Number: 1168
	Rank: 1
	Timestamp: 1662054590463
	Total Rank: 82
	Dump: mutant-1_ts_1662054590463.class
------------------------------------------------
2.
	Mutator: ArgumentPropagationMutator
	Description: replaced call to org/joda/time/DateTimeZone::convertUTCToLocal with argument
	File Name: org/joda/time/DateTimeZone.java
	Line Number: 1168
	Rank: 2
	Timestamp: 1662054590463
	Total Rank: 88
	Dump: mutant-2_ts_1662054590463.class
------------------------------------------------
