PraPR 2 (JDK 1.7) Fix Report - Thu Sep 01 11:10:31 PDT 2022
Number of Plausible Fixes: 2
Total Number of Patches: 8029
================================================
1.
	Mutator: FieldToLocalAccessMutator
	Description: access to field stepSize is replaced by access to local t
	File Name: org/apache/commons/math/ode/nonstiff/AdamsMoultonIntegrator.java
	Line Number: 239
	Rank: 1
	Timestamp: 1662057208845
	Total Rank: 921
	Dump: mutant-1_ts_1662057208845.class
------------------------------------------------
2.
	Mutator: MethodNameMutator
	Description: replaced call to pow with a call to nextAfter
	File Name: org/apache/commons/math/ode/MultistepIntegrator.java
	Line Number: 130
	Rank: 2
	Timestamp: 1662057807598
	Total Rank: 1882
	Dump: mutant-2_ts_1662057807598.class
------------------------------------------------
