PraPR 2 (JDK 1.7) Fix Report - Thu Sep 01 10:43:51 PDT 2022
Number of Plausible Fixes: 26
Total Number of Patches: 2818
================================================
1.
	Mutator: MethodNameMutator
	Description: replaced call to abs with a call to toRadians
	File Name: org/apache/commons/math/ode/events/EventState.java
	Line Number: 238
	Rank: 1
	Timestamp: 1662054826362
	Total Rank: 494
	Dump: mutant-3_ts_1662054826362.class
------------------------------------------------
2.
	Mutator: MethodNameMutator
	Description: replaced call to abs with a call to toDegrees
	File Name: org/apache/commons/math/ode/AbstractIntegrator.java
	Line Number: 242
	Rank: 2
	Timestamp: 1662055124327
	Total Rank: 1376
	Dump: mutant-13_ts_1662055124327.class
------------------------------------------------
3.
	Mutator: LocalToFieldAccessMutator
	Description: access to local x1 is replaced by access to field DEFAULT_ABSOLUTE_ACCURACY
	File Name: org/apache/commons/math/analysis/solvers/BrentSolver.java
	Line Number: 282
	Rank: 3
	Timestamp: 1662055091887
	Total Rank: 2278
	Dump: mutant-20_ts_1662055091887.class
------------------------------------------------
4.
	Mutator: LocalNameMutator
	Description: local x1 is replaced by local y2 to be used
	File Name: org/apache/commons/math/analysis/solvers/BrentSolver.java
	Line Number: 282
	Rank: 7
	Timestamp: 1662055091887
	Total Rank: 2392
	Dump: mutant-10_ts_1662055091887.class
------------------------------------------------
5.
	Mutator: LocalNameMutator
	Description: local x1 is replaced by local y1 to be used
	File Name: org/apache/commons/math/analysis/solvers/BrentSolver.java
	Line Number: 282
	Rank: 7
	Timestamp: 1662055091887
	Total Rank: 2392
	Dump: mutant-16_ts_1662055091887.class
------------------------------------------------
6.
	Mutator: LocalNameMutator
	Description: local x1 is replaced by local delta to be used
	File Name: org/apache/commons/math/analysis/solvers/BrentSolver.java
	Line Number: 282
	Rank: 7
	Timestamp: 1662055091887
	Total Rank: 2392
	Dump: mutant-17_ts_1662055091887.class
------------------------------------------------
7.
	Mutator: LocalNameMutator
	Description: local x1 is replaced by local y0 to be used
	File Name: org/apache/commons/math/analysis/solvers/BrentSolver.java
	Line Number: 282
	Rank: 7
	Timestamp: 1662055091887
	Total Rank: 2392
	Dump: mutant-21_ts_1662055091887.class
------------------------------------------------
8.
	Mutator: NonVoidMethodCallMutator
	Description: removed call to java/lang/Math::abs
	File Name: org/apache/commons/math/analysis/solvers/BrentSolver.java
	Line Number: 283
	Rank: 8
	Timestamp: 1662055091888
	Total Rank: 2411
	Dump: mutant-14_ts_1662055091888.class
------------------------------------------------
9.
	Mutator: MethodNameMutator
	Description: replaced call to abs with a call to cos
	File Name: org/apache/commons/math/analysis/solvers/BrentSolver.java
	Line Number: 283
	Rank: 13
	Timestamp: 1662055091887
	Total Rank: 2482
	Dump: mutant-2_ts_1662055091887.class
------------------------------------------------
10.
	Mutator: MethodNameMutator
	Description: replaced call to abs with a call to tan
	File Name: org/apache/commons/math/analysis/solvers/BrentSolver.java
	Line Number: 283
	Rank: 13
	Timestamp: 1662055091888
	Total Rank: 2482
	Dump: mutant-4_ts_1662055091888.class
------------------------------------------------
11.
	Mutator: MethodNameMutator
	Description: replaced call to abs with a call to sin
	File Name: org/apache/commons/math/analysis/solvers/BrentSolver.java
	Line Number: 283
	Rank: 13
	Timestamp: 1662055091887
	Total Rank: 2482
	Dump: mutant-11_ts_1662055091887.class
------------------------------------------------
12.
	Mutator: MethodNameMutator
	Description: replaced call to abs with a call to toRadians
	File Name: org/apache/commons/math/analysis/solvers/BrentSolver.java
	Line Number: 283
	Rank: 13
	Timestamp: 1662055091888
	Total Rank: 2482
	Dump: mutant-18_ts_1662055091888.class
------------------------------------------------
13.
	Mutator: MethodNameMutator
	Description: replaced call to abs with a call to atan
	File Name: org/apache/commons/math/analysis/solvers/BrentSolver.java
	Line Number: 283
	Rank: 13
	Timestamp: 1662055091888
	Total Rank: 2482
	Dump: mutant-23_ts_1662055091888.class
------------------------------------------------
14.
	Mutator: ArgumentPropagationMutator
	Description: replaced call to java/lang/Math::max with argument
	File Name: org/apache/commons/math/analysis/solvers/BrentSolver.java
	Line Number: 283
	Rank: 14
	Timestamp: 1662055091888
	Total Rank: 2489
	Dump: mutant-22_ts_1662055091888.class
------------------------------------------------
15.
	Mutator: FieldToLocalAccessMutator
	Description: access to field relativeAccuracy is replaced by access to local defaultAbsoluteAccuracy
	File Name: org/apache/commons/math/ConvergingAlgorithmImpl.java
	Line Number: 65
	Rank: 15
	Timestamp: 1662055380484
	Total Rank: 2777
	Dump: mutant-26_ts_1662055380484.class
------------------------------------------------
16.
	Mutator: FieldNameMutator
	Description: replaced access to defaultRelativeAccuracy with an access to defaultAbsoluteAccuracy
	File Name: org/apache/commons/math/ConvergingAlgorithmImpl.java
	Line Number: 63
	Rank: 21
	Timestamp: 1662055380484
	Total Rank: 2798
	Dump: mutant-1_ts_1662055380484.class
------------------------------------------------
17.
	Mutator: FieldNameMutator
	Description: replaced access to defaultRelativeAccuracy with an access to relativeAccuracy
	File Name: org/apache/commons/math/ConvergingAlgorithmImpl.java
	Line Number: 65
	Rank: 21
	Timestamp: 1662055380484
	Total Rank: 2798
	Dump: mutant-6_ts_1662055380484.class
------------------------------------------------
18.
	Mutator: FieldNameMutator
	Description: replaced access to defaultRelativeAccuracy with an access to relativeAccuracy
	File Name: org/apache/commons/math/ConvergingAlgorithmImpl.java
	Line Number: 63
	Rank: 21
	Timestamp: 1662055380484
	Total Rank: 2798
	Dump: mutant-8_ts_1662055380484.class
------------------------------------------------
19.
	Mutator: FieldNameMutator
	Description: replaced access to relativeAccuracy with an access to defaultAbsoluteAccuracy
	File Name: org/apache/commons/math/ConvergingAlgorithmImpl.java
	Line Number: 65
	Rank: 21
	Timestamp: 1662055380484
	Total Rank: 2798
	Dump: mutant-9_ts_1662055380484.class
------------------------------------------------
20.
	Mutator: FieldNameMutator
	Description: replaced access to relativeAccuracy with an access to defaultRelativeAccuracy
	File Name: org/apache/commons/math/ConvergingAlgorithmImpl.java
	Line Number: 65
	Rank: 21
	Timestamp: 1662055380484
	Total Rank: 2798
	Dump: mutant-15_ts_1662055380484.class
------------------------------------------------
21.
	Mutator: FieldNameMutator
	Description: replaced access to defaultRelativeAccuracy with an access to absoluteAccuracy
	File Name: org/apache/commons/math/ConvergingAlgorithmImpl.java
	Line Number: 63
	Rank: 21
	Timestamp: 1662055380484
	Total Rank: 2798
	Dump: mutant-25_ts_1662055380484.class
------------------------------------------------
22.
	Mutator: FieldAccessToMethodCallMutator
	Description: the access to field org.apache.commons.math.ConvergingAlgorithmImpl.defaultRelativeAccuracy is replaced by the call to org.apache.commons.math.ConvergingAlgorithmImpl::setAbsoluteAccuracy(D)V
	File Name: org/apache/commons/math/ConvergingAlgorithmImpl.java
	Line Number: 63
	Rank: 24
	Timestamp: 1662055380483
	Total Rank: 2811
	Dump: mutant-5_ts_1662055380483.class
------------------------------------------------
23.
	Mutator: FieldAccessToMethodCallMutator
	Description: the access to field org.apache.commons.math.ConvergingAlgorithmImpl.defaultRelativeAccuracy is replaced by the call to org.apache.commons.math.ConvergingAlgorithmImpl::getRelativeAccuracy()D
	File Name: org/apache/commons/math/ConvergingAlgorithmImpl.java
	Line Number: 65
	Rank: 24
	Timestamp: 1662055380484
	Total Rank: 2811
	Dump: mutant-7_ts_1662055380484.class
------------------------------------------------
24.
	Mutator: FieldAccessToMethodCallMutator
	Description: the access to field org.apache.commons.math.ConvergingAlgorithmImpl.defaultRelativeAccuracy is replaced by the call to org.apache.commons.math.ConvergingAlgorithmImpl::setRelativeAccuracy(D)V
	File Name: org/apache/commons/math/ConvergingAlgorithmImpl.java
	Line Number: 63
	Rank: 24
	Timestamp: 1662055380484
	Total Rank: 2811
	Dump: mutant-19_ts_1662055380484.class
------------------------------------------------
25.
	Mutator: MemberVariableMutator
	Description: Removed assignment to member variable defaultRelativeAccuracy
	File Name: org/apache/commons/math/ConvergingAlgorithmImpl.java
	Line Number: 63
	Rank: 26
	Timestamp: 1662055380484
	Total Rank: 2818
	Dump: mutant-12_ts_1662055380484.class
------------------------------------------------
26.
	Mutator: MemberVariableMutator
	Description: Removed assignment to member variable relativeAccuracy
	File Name: org/apache/commons/math/ConvergingAlgorithmImpl.java
	Line Number: 65
	Rank: 26
	Timestamp: 1662055380484
	Total Rank: 2818
	Dump: mutant-24_ts_1662055380484.class
------------------------------------------------
