PraPR 2 (JDK 1.7) Fix Report - Thu Sep 01 10:43:54 PDT 2022
Number of Plausible Fixes: 2
Total Number of Patches: 172
================================================
1.
	Mutator: InlineConstantMutator
	Description: Substituted 1 with 0
	File Name: org/apache/commons/lang/text/ExtendedMessageFormat.java
	Line Number: 158
	Rank: 1
	Timestamp: 1662059703760
	Total Rank: 48
	Dump: mutant-1_ts_1662059703760.class
------------------------------------------------
2.
	Mutator: RemoveSwitchMutator
	Description: RemoveSwitch 0 mutation
	File Name: org/apache/commons/lang/text/ExtendedMessageFormat.java
	Line Number: 156
	Rank: 2
	Timestamp: 1662059703760
	Total Rank: 142
	Dump: mutant-2_ts_1662059703760.class
------------------------------------------------
