PraPR 2 (JDK 1.7) Fix Report - Thu Sep 01 10:40:35 PDT 2022
Number of Plausible Fixes: 16
Total Number of Patches: 1077
================================================
1.
	Mutator: FieldAccessToMethodCallMutator
	Description: the access to field org.jfree.data.time.TimePeriodValues.maxMiddleIndex is replaced by the call to org.jfree.data.time.TimePeriodValues::getMaxStartIndex()I
	File Name: org/jfree/data/time/TimePeriodValues.java
	Line Number: 552
	Rank: 1
	Timestamp: 1662054048152
	Total Rank: 11
	Dump: mutant-7_ts_1662054048152.class
------------------------------------------------
2.
	Mutator: FieldNameMutator
	Description: replaced access to maxMiddleIndex with an access to maxStartIndex
	File Name: org/jfree/data/time/TimePeriodValues.java
	Line Number: 552
	Rank: 3
	Timestamp: 1662054048153
	Total Rank: 16
	Dump: mutant-3_ts_1662054048153.class
------------------------------------------------
3.
	Mutator: FieldNameMutator
	Description: replaced access to maxMiddleIndex with an access to maxEndIndex
	File Name: org/jfree/data/time/TimePeriodValues.java
	Line Number: 552
	Rank: 3
	Timestamp: 1662054048153
	Total Rank: 16
	Dump: mutant-9_ts_1662054048153.class
------------------------------------------------
4.
	Mutator: LocalToFieldAccessMutator
	Description: access to local index is replaced by access to field maxStartIndex
	File Name: org/jfree/data/time/TimePeriodValues.java
	Line Number: 306
	Rank: 4
	Timestamp: 1662054048153
	Total Rank: 574
	Dump: mutant-8_ts_1662054048153.class
------------------------------------------------
5.
	Mutator: FieldAccessToMethodCallMutator
	Description: the access to field org.jfree.data.time.TimePeriodValues.minMiddleIndex is replaced by the call to org.jfree.data.time.TimePeriodValues::getMaxStartIndex()I
	File Name: org/jfree/data/time/TimePeriodValues.java
	Line Number: 302
	Rank: 7
	Timestamp: 1662054048153
	Total Rank: 645
	Dump: mutant-2_ts_1662054048153.class
------------------------------------------------
6.
	Mutator: FieldAccessToMethodCallMutator
	Description: the access to field org.jfree.data.time.TimePeriodValues.minMiddleIndex is replaced by the call to org.jfree.data.time.TimePeriodValues::getMaxStartIndex()I
	File Name: org/jfree/data/time/TimePeriodValues.java
	Line Number: 288
	Rank: 7
	Timestamp: 1662054048153
	Total Rank: 645
	Dump: mutant-14_ts_1662054048153.class
------------------------------------------------
7.
	Mutator: FieldAccessToMethodCallMutator
	Description: the access to field org.jfree.data.time.TimePeriodValues.minMiddleIndex is replaced by the call to org.jfree.data.time.TimePeriodValues::getMaxStartIndex()I
	File Name: org/jfree/data/time/TimePeriodValues.java
	Line Number: 300
	Rank: 7
	Timestamp: 1662054048153
	Total Rank: 645
	Dump: mutant-16_ts_1662054048153.class
------------------------------------------------
8.
	Mutator: FieldNameMutator
	Description: replaced access to minMiddleIndex with an access to maxEndIndex
	File Name: org/jfree/data/time/TimePeriodValues.java
	Line Number: 300
	Rank: 16
	Timestamp: 1662054048153
	Total Rank: 760
	Dump: mutant-1_ts_1662054048153.class
------------------------------------------------
9.
	Mutator: FieldNameMutator
	Description: replaced access to minMiddleIndex with an access to maxStartIndex
	File Name: org/jfree/data/time/TimePeriodValues.java
	Line Number: 300
	Rank: 16
	Timestamp: 1662054048153
	Total Rank: 760
	Dump: mutant-4_ts_1662054048153.class
------------------------------------------------
10.
	Mutator: FieldNameMutator
	Description: replaced access to minMiddleIndex with an access to maxEndIndex
	File Name: org/jfree/data/time/TimePeriodValues.java
	Line Number: 302
	Rank: 16
	Timestamp: 1662054048153
	Total Rank: 760
	Dump: mutant-5_ts_1662054048153.class
------------------------------------------------
11.
	Mutator: FieldNameMutator
	Description: replaced access to minMiddleIndex with an access to maxStartIndex
	File Name: org/jfree/data/time/TimePeriodValues.java
	Line Number: 302
	Rank: 16
	Timestamp: 1662054048153
	Total Rank: 760
	Dump: mutant-6_ts_1662054048153.class
------------------------------------------------
12.
	Mutator: FieldNameMutator
	Description: replaced access to minMiddleIndex with an access to maxMiddleIndex
	File Name: org/jfree/data/time/TimePeriodValues.java
	Line Number: 288
	Rank: 16
	Timestamp: 1662054048153
	Total Rank: 760
	Dump: mutant-10_ts_1662054048153.class
------------------------------------------------
13.
	Mutator: FieldNameMutator
	Description: replaced access to minMiddleIndex with an access to maxMiddleIndex
	File Name: org/jfree/data/time/TimePeriodValues.java
	Line Number: 300
	Rank: 16
	Timestamp: 1662054048153
	Total Rank: 760
	Dump: mutant-11_ts_1662054048153.class
------------------------------------------------
14.
	Mutator: FieldNameMutator
	Description: replaced access to minMiddleIndex with an access to maxEndIndex
	File Name: org/jfree/data/time/TimePeriodValues.java
	Line Number: 288
	Rank: 16
	Timestamp: 1662054048153
	Total Rank: 760
	Dump: mutant-12_ts_1662054048153.class
------------------------------------------------
15.
	Mutator: FieldNameMutator
	Description: replaced access to minMiddleIndex with an access to maxMiddleIndex
	File Name: org/jfree/data/time/TimePeriodValues.java
	Line Number: 302
	Rank: 16
	Timestamp: 1662054048153
	Total Rank: 760
	Dump: mutant-13_ts_1662054048153.class
------------------------------------------------
16.
	Mutator: FieldNameMutator
	Description: replaced access to minMiddleIndex with an access to maxStartIndex
	File Name: org/jfree/data/time/TimePeriodValues.java
	Line Number: 288
	Rank: 16
	Timestamp: 1662054048153
	Total Rank: 760
	Dump: mutant-15_ts_1662054048153.class
------------------------------------------------
