PraPR 2 (JDK 1.7) Fix Report - Thu Sep 01 10:49:39 PDT 2022
Number of Plausible Fixes: 10
Total Number of Patches: 693
================================================
1.
	Mutator: LocalToFieldAccessMutator
	Description: access to local i is replaced by access to field PAD_LIMIT
	File Name: org/apache/commons/lang3/StringUtils.java
	Line Number: 3675
	Rank: 1
	Timestamp: 1662054715964
	Total Rank: 295
	Dump: mutant-5_ts_1662054715964.class
------------------------------------------------
2.
	Mutator: LocalNameMutator
	Description: local replacementList is replaced by local searchList to be used
	File Name: org/apache/commons/lang3/StringUtils.java
	Line Number: 3676
	Rank: 6
	Timestamp: 1662054715963
	Total Rank: 629
	Dump: mutant-1_ts_1662054715963.class
------------------------------------------------
3.
	Mutator: LocalNameMutator
	Description: local i is replaced by local searchLength to be used
	File Name: org/apache/commons/lang3/StringUtils.java
	Line Number: 3675
	Rank: 6
	Timestamp: 1662054715964
	Total Rank: 629
	Dump: mutant-3_ts_1662054715964.class
------------------------------------------------
4.
	Mutator: LocalNameMutator
	Description: local i is replaced by local textIndex to be used
	File Name: org/apache/commons/lang3/StringUtils.java
	Line Number: 3676
	Rank: 6
	Timestamp: 1662054715964
	Total Rank: 629
	Dump: mutant-4_ts_1662054715964.class
------------------------------------------------
5.
	Mutator: LocalNameMutator
	Description: local i is replaced by local replacementLength to be used
	File Name: org/apache/commons/lang3/StringUtils.java
	Line Number: 3675
	Rank: 6
	Timestamp: 1662054715964
	Total Rank: 629
	Dump: mutant-9_ts_1662054715964.class
------------------------------------------------
6.
	Mutator: LocalNameMutator
	Description: local i is replaced by local replaceIndex to be used
	File Name: org/apache/commons/lang3/StringUtils.java
	Line Number: 3676
	Rank: 6
	Timestamp: 1662054715964
	Total Rank: 629
	Dump: mutant-10_ts_1662054715964.class
------------------------------------------------
7.
	Mutator: NegateConditionalsMutator
	Description: negated conditional
	File Name: org/apache/commons/lang3/StringUtils.java
	Line Number: 3675
	Rank: 7
	Timestamp: 1662054715964
	Total Rank: 649
	Dump: mutant-2_ts_1662054715964.class
------------------------------------------------
8.
	Mutator: NonVoidMethodCallMutator
	Description: removed call to java/lang/String::length
	File Name: org/apache/commons/lang3/StringUtils.java
	Line Number: 3676
	Rank: 8
	Timestamp: 1662054715964
	Total Rank: 667
	Dump: mutant-7_ts_1662054715964.class
------------------------------------------------
9.
	Mutator: NonVoidMethodCallGuardMutator
	Description: the call to java.lang.String::length()I is guarded using default value 0
	File Name: org/apache/commons/lang3/StringUtils.java
	Line Number: 3676
	Rank: 9
	Timestamp: 1662054715964
	Total Rank: 684
	Dump: mutant-6_ts_1662054715964.class
------------------------------------------------
10.
	Mutator: RemoveConditionalMutator_ORDER_ELSE
	Description: removed conditional - replaced comparison check with false
	File Name: org/apache/commons/lang3/StringUtils.java
	Line Number: 3675
	Rank: 10
	Timestamp: 1662054715964
	Total Rank: 693
	Dump: mutant-8_ts_1662054715964.class
------------------------------------------------
