PraPR 2 (JDK 1.7) Fix Report - Thu Sep 01 10:43:46 PDT 2022
Number of Plausible Fixes: 14
Total Number of Patches: 75
================================================
1.
	Mutator: NegateConditionalsMutator
	Description: negated conditional
	File Name: org/apache/commons/math/util/MathUtils.java
	Line Number: 417
	Rank: 1
	Timestamp: 1662054228540
	Total Rank: 39
	Dump: mutant-14_ts_1662054228540.class
------------------------------------------------
2.
	Mutator: RemoveConditionalMutator_EQUAL_ELSE
	Description: removed conditional - replaced equality check with false
	File Name: org/apache/commons/math/util/MathUtils.java
	Line Number: 417
	Rank: 3
	Timestamp: 1662054228540
	Total Rank: 51
	Dump: mutant-5_ts_1662054228540.class
------------------------------------------------
3.
	Mutator: RemoveConditionalMutator_EQUAL_IF
	Description: removed conditional - replaced equality check with true
	File Name: org/apache/commons/math/util/MathUtils.java
	Line Number: 417
	Rank: 3
	Timestamp: 1662054228540
	Total Rank: 51
	Dump: mutant-6_ts_1662054228540.class
------------------------------------------------
4.
	Mutator: ArgumentsListMutator
	Description: replaced call to equals(DD)Z with a call to equals(DDD)Z
	File Name: org/apache/commons/math/util/MathUtils.java
	Line Number: 530
	Rank: 5
	Timestamp: 1662054228540
	Total Rank: 56
	Dump: mutant-1_ts_1662054228540.class
------------------------------------------------
5.
	Mutator: ArgumentsListMutator
	Description: replaced call to equals(DD)Z with a call to equals(DDI)Z
	File Name: org/apache/commons/math/util/MathUtils.java
	Line Number: 530
	Rank: 5
	Timestamp: 1662054228540
	Total Rank: 56
	Dump: mutant-7_ts_1662054228540.class
------------------------------------------------
6.
	Mutator: LocalToFieldAccessMutator
	Description: access to local y is replaced by access to field TWO_PI
	File Name: org/apache/commons/math/util/MathUtils.java
	Line Number: 417
	Rank: 11
	Timestamp: 1662054228539
	Total Rank: 70
	Dump: mutant-3_ts_1662054228539.class
------------------------------------------------
7.
	Mutator: LocalToFieldAccessMutator
	Description: access to local y is replaced by access to field SAFE_MIN
	File Name: org/apache/commons/math/util/MathUtils.java
	Line Number: 417
	Rank: 11
	Timestamp: 1662054228539
	Total Rank: 70
	Dump: mutant-4_ts_1662054228539.class
------------------------------------------------
8.
	Mutator: LocalToFieldAccessMutator
	Description: access to local x is replaced by access to field SAFE_MIN
	File Name: org/apache/commons/math/util/MathUtils.java
	Line Number: 417
	Rank: 11
	Timestamp: 1662054228539
	Total Rank: 70
	Dump: mutant-10_ts_1662054228539.class
------------------------------------------------
9.
	Mutator: LocalToFieldAccessMutator
	Description: access to local x is replaced by access to field EPSILON
	File Name: org/apache/commons/math/util/MathUtils.java
	Line Number: 417
	Rank: 11
	Timestamp: 1662054228539
	Total Rank: 70
	Dump: mutant-11_ts_1662054228539.class
------------------------------------------------
10.
	Mutator: LocalToFieldAccessMutator
	Description: access to local y is replaced by access to field EPSILON
	File Name: org/apache/commons/math/util/MathUtils.java
	Line Number: 417
	Rank: 11
	Timestamp: 1662054228539
	Total Rank: 70
	Dump: mutant-12_ts_1662054228539.class
------------------------------------------------
11.
	Mutator: LocalToFieldAccessMutator
	Description: access to local x is replaced by access to field TWO_PI
	File Name: org/apache/commons/math/util/MathUtils.java
	Line Number: 417
	Rank: 11
	Timestamp: 1662054228539
	Total Rank: 70
	Dump: mutant-13_ts_1662054228539.class
------------------------------------------------
12.
	Mutator: NonVoidMethodCallMutator
	Description: removed call to java/lang/Double::isNaN
	File Name: org/apache/commons/math/util/MathUtils.java
	Line Number: 417
	Rank: 12
	Timestamp: 1662054228540
	Total Rank: 72
	Dump: mutant-2_ts_1662054228540.class
------------------------------------------------
13.
	Mutator: MethodNameMutator
	Description: replaced call to isNaN with a call to isFinite
	File Name: org/apache/commons/math/util/MathUtils.java
	Line Number: 417
	Rank: 14
	Timestamp: 1662054228540
	Total Rank: 75
	Dump: mutant-8_ts_1662054228540.class
------------------------------------------------
14.
	Mutator: MethodNameMutator
	Description: replaced call to isNaN with a call to isInfinite
	File Name: org/apache/commons/math/util/MathUtils.java
	Line Number: 417
	Rank: 14
	Timestamp: 1662054228539
	Total Rank: 75
	Dump: mutant-9_ts_1662054228539.class
------------------------------------------------
