PraPR 2 (JDK 1.7) Fix Report - Thu Sep 01 10:44:54 PDT 2022
Number of Plausible Fixes: 3
Total Number of Patches: 1598
================================================
1.
	Mutator: LocalNameMutator
	Description: local signChangeIndex is replaced by local end to be used
	File Name: org/apache/commons/math/analysis/solvers/BracketingNthOrderBrentSolver.java
	Line Number: 297
	Rank: 1
	Timestamp: 1662054346950
	Total Rank: 173
	Dump: mutant-2_ts_1662054346950.class
------------------------------------------------
2.
	Mutator: LocalToFieldAccessMutator
	Description: access to local signChangeIndex is replaced by access to field MAXIMAL_AGING
	File Name: org/apache/commons/math/analysis/solvers/BracketingNthOrderBrentSolver.java
	Line Number: 260
	Rank: 2
	Timestamp: 1662054346950
	Total Rank: 420
	Dump: mutant-1_ts_1662054346950.class
------------------------------------------------
3.
	Mutator: LocalToFieldAccessMutator
	Description: access to local end is replaced by access to field maximalOrder
	File Name: org/apache/commons/math/analysis/solvers/BracketingNthOrderBrentSolver.java
	Line Number: 374
	Rank: 3
	Timestamp: 1662054346950
	Total Rank: 915
	Dump: mutant-3_ts_1662054346950.class
------------------------------------------------
