PraPR 2 (JDK 1.7) Fix Report - Thu Sep 01 10:46:46 PDT 2022
Number of Plausible Fixes: 3
Total Number of Patches: 428
================================================
1.
	Mutator: LocalToMethodCallMutator
	Description: the access to the local this is replaced a call this.minimizeCapacity()
	File Name: org/apache/commons/lang/text/StrBuilder.java
	Line Number: 1672
	Rank: 1
	Timestamp: 1662054419294
	Total Rank: 22
	Dump: mutant-3_ts_1662054419294.class
------------------------------------------------
2.
	Mutator: LocalToMethodCallMutator
	Description: the access to the local this is replaced a call this.minimizeCapacity()
	File Name: org/apache/commons/lang/text/StrBuilder.java
	Line Number: 1209
	Rank: 2
	Timestamp: 1662054419294
	Total Rank: 77
	Dump: mutant-1_ts_1662054419294.class
------------------------------------------------
3.
	Mutator: FieldAccessToMethodCallMutator
	Description: the access to field org.apache.commons.lang.text.StrBuilder.size is replaced by the call to org.apache.commons.lang.text.StrBuilder::capacity()I
	File Name: org/apache/commons/lang/text/StrBuilder.java
	Line Number: 1114
	Rank: 3
	Timestamp: 1662054419294
	Total Rank: 291
	Dump: mutant-2_ts_1662054419294.class
------------------------------------------------
