PraPR 2 (JDK 1.7) Fix Report - Thu Sep 01 10:44:28 PDT 2022
Number of Plausible Fixes: 2
Total Number of Patches: 377
================================================
1.
	Mutator: ConditionalsBoundaryMutator
	Description: changed conditional boundary
	File Name: org/apache/commons/math/stat/clustering/KMeansPlusPlusClusterer.java
	Line Number: 99
	Rank: 1
	Timestamp: 1662054328118
	Total Rank: 257
	Dump: mutant-1_ts_1662054328118.class
------------------------------------------------
2.
	Mutator: InlineConstantMutator
	Description: Substituted 0 with 1
	File Name: org/apache/commons/math/stat/clustering/EuclideanIntegerPoint.java
	Line Number: 84
	Rank: 2
	Timestamp: 1662054329601
	Total Rank: 306
	Dump: mutant-2_ts_1662054329601.class
------------------------------------------------
