PraPR 2 (JDK 1.7) Fix Report - Thu Sep 01 10:47:49 PDT 2022
Number of Plausible Fixes: 13
Total Number of Patches: 2275
================================================
1.
	Mutator: MethodNameMutator
	Description: the call to factory method org.jfree.chart.block.Block.arrange(Ljava/awt/Graphics2D;Lorg/jfree/chart/block/RectangleConstraint;)Lorg/jfree/chart/util/Size2D; is replaced by an instantiation of type org.jfree.chart.util.Size2D using (DD)V
	File Name: org/jfree/chart/block/BorderArrangement.java
	Line Number: 449
	Rank: 3
	Timestamp: 1662054484911
	Total Rank: 532
	Dump: mutant-7_ts_1662054484911.class
------------------------------------------------
2.
	Mutator: MethodNameMutator
	Description: replaced call to getWidth with a call to getHeight
	File Name: org/jfree/chart/block/BorderArrangement.java
	Line Number: 455
	Rank: 3
	Timestamp: 1662054484911
	Total Rank: 532
	Dump: mutant-9_ts_1662054484911.class
------------------------------------------------
3.
	Mutator: MethodNameMutator
	Description: the call to factory method org.jfree.chart.block.Block.arrange(Ljava/awt/Graphics2D;Lorg/jfree/chart/block/RectangleConstraint;)Lorg/jfree/chart/util/Size2D; is replaced by an instantiation of type org.jfree.chart.util.Size2D using ()V
	File Name: org/jfree/chart/block/BorderArrangement.java
	Line Number: 449
	Rank: 3
	Timestamp: 1662054484911
	Total Rank: 532
	Dump: mutant-11_ts_1662054484911.class
------------------------------------------------
4.
	Mutator: LocalNameMutator
	Description: local w is replaced by local h to be used
	File Name: org/jfree/chart/block/BorderArrangement.java
	Line Number: 450
	Rank: 4
	Timestamp: 1662054484911
	Total Rank: 579
	Dump: mutant-2_ts_1662054484911.class
------------------------------------------------
5.
	Mutator: InlineConstantMutator
	Description: Substituted 2 with 3
	File Name: org/jfree/chart/block/BorderArrangement.java
	Line Number: 450
	Rank: 6
	Timestamp: 1662054484911
	Total Rank: 639
	Dump: mutant-5_ts_1662054484911.class
------------------------------------------------
6.
	Mutator: InlineConstantMutator
	Description: Substituted 2 with 3
	File Name: org/jfree/chart/block/BorderArrangement.java
	Line Number: 455
	Rank: 6
	Timestamp: 1662054484911
	Total Rank: 639
	Dump: mutant-6_ts_1662054484911.class
------------------------------------------------
7.
	Mutator: ConstructorCallMutator
	Description: removed call to org/jfree/data/Range::<init>
	File Name: org/jfree/chart/block/BorderArrangement.java
	Line Number: 455
	Rank: 7
	Timestamp: 1662054484911
	Total Rank: 657
	Dump: mutant-12_ts_1662054484911.class
------------------------------------------------
8.
	Mutator: RemoveConditionalMutator_EQUAL_ELSE
	Description: removed conditional - replaced equality check with false
	File Name: org/jfree/chart/block/BorderArrangement.java
	Line Number: 453
	Rank: 9
	Timestamp: 1662054484912
	Total Rank: 675
	Dump: mutant-3_ts_1662054484912.class
------------------------------------------------
9.
	Mutator: RemoveConditionalMutator_EQUAL_ELSE
	Description: removed conditional - replaced equality check with false
	File Name: org/jfree/chart/block/BorderArrangement.java
	Line Number: 444
	Rank: 9
	Timestamp: 1662054484912
	Total Rank: 675
	Dump: mutant-13_ts_1662054484912.class
------------------------------------------------
10.
	Mutator: MathMutator
	Description: Replaced double subtraction with addition
	File Name: org/jfree/chart/block/BorderArrangement.java
	Line Number: 455
	Rank: 10
	Timestamp: 1662054484911
	Total Rank: 682
	Dump: mutant-4_ts_1662054484911.class
------------------------------------------------
11.
	Mutator: LocalNameMutator
	Description: local upper is replaced by local lower to be used
	File Name: org/jfree/data/Range.java
	Line Number: 84
	Rank: 12
	Timestamp: 1662054509883
	Total Rank: 2274
	Dump: mutant-1_ts_1662054509883.class
------------------------------------------------
12.
	Mutator: LocalNameMutator
	Description: local lower is replaced by local upper to be used
	File Name: org/jfree/data/Range.java
	Line Number: 84
	Rank: 12
	Timestamp: 1662054509883
	Total Rank: 2274
	Dump: mutant-10_ts_1662054509883.class
------------------------------------------------
13.
	Mutator: RemoveConditionalMutator_ORDER_ELSE
	Description: removed conditional - replaced comparison check with false
	File Name: org/jfree/data/Range.java
	Line Number: 84
	Rank: 13
	Timestamp: 1662054509884
	Total Rank: 2275
	Dump: mutant-8_ts_1662054509884.class
------------------------------------------------
