PraPR 2 (JDK 1.7) Fix Report - Thu Sep 01 10:52:18 PDT 2022
Number of Plausible Fixes: 7
Total Number of Patches: 942
================================================
1.
	Mutator: LocalNameMutator
	Description: local d is replaced by local ret to be used
	File Name: org/apache/commons/math/distribution/FDistributionImpl.java
	Line Number: 148
	Rank: 2
	Timestamp: 1662070391396
	Total Rank: 52
	Dump: mutant-1_ts_1662070391396.class
------------------------------------------------
2.
	Mutator: LocalNameMutator
	Description: local d is replaced by local p to be used
	File Name: org/apache/commons/math/distribution/FDistributionImpl.java
	Line Number: 148
	Rank: 2
	Timestamp: 1662070391396
	Total Rank: 52
	Dump: mutant-6_ts_1662070391396.class
------------------------------------------------
3.
	Mutator: LocalToFieldAccessMutator
	Description: access to local d is replaced by access to field denominatorDegreesOfFreedom
	File Name: org/apache/commons/math/distribution/FDistributionImpl.java
	Line Number: 148
	Rank: 4
	Timestamp: 1662070391396
	Total Rank: 56
	Dump: mutant-3_ts_1662070391396.class
------------------------------------------------
4.
	Mutator: LocalToFieldAccessMutator
	Description: access to local d is replaced by access to field numeratorDegreesOfFreedom
	File Name: org/apache/commons/math/distribution/FDistributionImpl.java
	Line Number: 148
	Rank: 4
	Timestamp: 1662070391396
	Total Rank: 56
	Dump: mutant-4_ts_1662070391396.class
------------------------------------------------
5.
	Mutator: MathMutator
	Description: Replaced double subtraction with addition
	File Name: org/apache/commons/math/distribution/FDistributionImpl.java
	Line Number: 147
	Rank: 5
	Timestamp: 1662070391396
	Total Rank: 58
	Dump: mutant-2_ts_1662070391396.class
------------------------------------------------
6.
	Mutator: NonVoidMethodCallMutator
	Description: removed call to org/apache/commons/math/distribution/FDistributionImpl::getDenominatorDegreesOfFreedom
	File Name: org/apache/commons/math/distribution/FDistributionImpl.java
	Line Number: 145
	Rank: 6
	Timestamp: 1662070391396
	Total Rank: 59
	Dump: mutant-7_ts_1662070391396.class
------------------------------------------------
7.
	Mutator: PrimitiveReturnsMutator
	Description: replaced double return with 0.0d for org/apache/commons/math/distribution/FDistributionImpl::getInitialDomain
	File Name: org/apache/commons/math/distribution/FDistributionImpl.java
	Line Number: 148
	Rank: 7
	Timestamp: 1662070391396
	Total Rank: 61
	Dump: mutant-5_ts_1662070391396.class
------------------------------------------------
