PraPR 2 (JDK 1.7) Fix Report - Thu Sep 01 10:48:57 PDT 2022
Number of Plausible Fixes: 28
Total Number of Patches: 9942
================================================
1.
	Mutator: LocalToFieldAccessMutator
	Description: access to local j is replaced by access to field pingPong
	File Name: org/apache/commons/math/linear/EigenDecompositionImpl.java
	Line Number: 1136
	Rank: 4
	Timestamp: 1662055143552
	Total Rank: 455
	Dump: mutant-17_ts_1662055143552.class
------------------------------------------------
2.
	Mutator: LocalToFieldAccessMutator
	Description: access to local n is replaced by access to field pingPong
	File Name: org/apache/commons/math/linear/EigenDecompositionImpl.java
	Line Number: 1135
	Rank: 4
	Timestamp: 1662055143552
	Total Rank: 455
	Dump: mutant-20_ts_1662055143552.class
------------------------------------------------
3.
	Mutator: LocalToFieldAccessMutator
	Description: access to local n is replaced by access to field tType
	File Name: org/apache/commons/math/linear/EigenDecompositionImpl.java
	Line Number: 1135
	Rank: 4
	Timestamp: 1662055143552
	Total Rank: 455
	Dump: mutant-26_ts_1662055143552.class
------------------------------------------------
4.
	Mutator: LocalToFieldAccessMutator
	Description: access to local j is replaced by access to field tType
	File Name: org/apache/commons/math/linear/EigenDecompositionImpl.java
	Line Number: 1136
	Rank: 4
	Timestamp: 1662055143552
	Total Rank: 455
	Dump: mutant-28_ts_1662055143552.class
------------------------------------------------
5.
	Mutator: InlineConstantMutator
	Description: Substituted 0 with 1
	File Name: org/apache/commons/math/linear/EigenDecompositionImpl.java
	Line Number: 1136
	Rank: 5
	Timestamp: 1662055143552
	Total Rank: 528
	Dump: mutant-23_ts_1662055143552.class
------------------------------------------------
6.
	Mutator: LocalNameMutator
	Description: local k is replaced by local j to be used
	File Name: org/apache/commons/math/linear/EigenDecompositionImpl.java
	Line Number: 1137
	Rank: 13
	Timestamp: 1662055143552
	Total Rank: 624
	Dump: mutant-2_ts_1662055143552.class
------------------------------------------------
7.
	Mutator: LocalNameMutator
	Description: local k is replaced by local j to be used
	File Name: org/apache/commons/math/linear/EigenDecompositionImpl.java
	Line Number: 1139
	Rank: 13
	Timestamp: 1662055143552
	Total Rank: 624
	Dump: mutant-3_ts_1662055143552.class
------------------------------------------------
8.
	Mutator: LocalNameMutator
	Description: local i is replaced by local n to be used
	File Name: org/apache/commons/math/linear/EigenDecompositionImpl.java
	Line Number: 1139
	Rank: 13
	Timestamp: 1662055143552
	Total Rank: 624
	Dump: mutant-7_ts_1662055143552.class
------------------------------------------------
9.
	Mutator: LocalNameMutator
	Description: local j is replaced by local i to be used
	File Name: org/apache/commons/math/linear/EigenDecompositionImpl.java
	Line Number: 1136
	Rank: 13
	Timestamp: 1662055143552
	Total Rank: 624
	Dump: mutant-8_ts_1662055143552.class
------------------------------------------------
10.
	Mutator: LocalNameMutator
	Description: local k is replaced by local n to be used
	File Name: org/apache/commons/math/linear/EigenDecompositionImpl.java
	Line Number: 1139
	Rank: 13
	Timestamp: 1662055143552
	Total Rank: 624
	Dump: mutant-9_ts_1662055143552.class
------------------------------------------------
11.
	Mutator: LocalNameMutator
	Description: local k is replaced by local n to be used
	File Name: org/apache/commons/math/linear/EigenDecompositionImpl.java
	Line Number: 1137
	Rank: 13
	Timestamp: 1662055143552
	Total Rank: 624
	Dump: mutant-10_ts_1662055143552.class
------------------------------------------------
12.
	Mutator: LocalNameMutator
	Description: local i is replaced by local j to be used
	File Name: org/apache/commons/math/linear/EigenDecompositionImpl.java
	Line Number: 1139
	Rank: 13
	Timestamp: 1662055143552
	Total Rank: 624
	Dump: mutant-11_ts_1662055143552.class
------------------------------------------------
13.
	Mutator: LocalNameMutator
	Description: local i is replaced by local j to be used
	File Name: org/apache/commons/math/linear/EigenDecompositionImpl.java
	Line Number: 1136
	Rank: 13
	Timestamp: 1662055143552
	Total Rank: 624
	Dump: mutant-12_ts_1662055143552.class
------------------------------------------------
14.
	Mutator: MathMutator
	Description: Replaced integer multiplication with division
	File Name: org/apache/commons/math/linear/EigenDecompositionImpl.java
	Line Number: 1135
	Rank: 14
	Timestamp: 1662055143552
	Total Rank: 653
	Dump: mutant-24_ts_1662055143552.class
------------------------------------------------
15.
	Mutator: NegateConditionalsMutator
	Description: negated conditional
	File Name: org/apache/commons/math/linear/EigenDecompositionImpl.java
	Line Number: 1136
	Rank: 16
	Timestamp: 1662055143552
	Total Rank: 661
	Dump: mutant-18_ts_1662055143552.class
------------------------------------------------
16.
	Mutator: NegateConditionalsMutator
	Description: negated conditional
	File Name: org/apache/commons/math/linear/EigenDecompositionImpl.java
	Line Number: 1137
	Rank: 16
	Timestamp: 1662055143552
	Total Rank: 661
	Dump: mutant-19_ts_1662055143552.class
------------------------------------------------
17.
	Mutator: RemoveConditionalMutator_ORDER_ELSE
	Description: removed conditional - replaced comparison check with false
	File Name: org/apache/commons/math/linear/EigenDecompositionImpl.java
	Line Number: 1136
	Rank: 18
	Timestamp: 1662055143552
	Total Rank: 663
	Dump: mutant-13_ts_1662055143552.class
------------------------------------------------
18.
	Mutator: RemoveConditionalMutator_ORDER_ELSE
	Description: removed conditional - replaced comparison check with false
	File Name: org/apache/commons/math/linear/EigenDecompositionImpl.java
	Line Number: 1137
	Rank: 18
	Timestamp: 1662055143552
	Total Rank: 663
	Dump: mutant-14_ts_1662055143552.class
------------------------------------------------
19.
	Mutator: FieldToLocalAccessMutator
	Description: access to field pingPong is replaced by access to local step
	File Name: org/apache/commons/math/linear/EigenDecompositionImpl.java
	Line Number: 1133
	Rank: 19
	Timestamp: 1662055143552
	Total Rank: 4568
	Dump: mutant-15_ts_1662055143552.class
------------------------------------------------
20.
	Mutator: LocalToFieldAccessMutator
	Description: access to local range is replaced by access to field main
	File Name: org/apache/commons/math/linear/EigenDecompositionImpl.java
	Line Number: 647
	Rank: 20
	Timestamp: 1662055143551
	Total Rank: 5383
	Dump: mutant-1_ts_1662055143551.class
------------------------------------------------
21.
	Mutator: MethodNameMutator
	Description: replaced call to max with a call to pow
	File Name: org/apache/commons/math/linear/EigenDecompositionImpl.java
	Line Number: 1204
	Rank: 22
	Timestamp: 1662055143550
	Total Rank: 5673
	Dump: mutant-6_ts_1662055143550.class
------------------------------------------------
22.
	Mutator: MethodNameMutator
	Description: replaced call to max with a call to pow
	File Name: org/apache/commons/math/linear/EigenDecompositionImpl.java
	Line Number: 1168
	Rank: 22
	Timestamp: 1662055143550
	Total Rank: 5673
	Dump: mutant-21_ts_1662055143550.class
------------------------------------------------
23.
	Mutator: InlineConstantMutator
	Description: Substituted 1 with 0
	File Name: org/apache/commons/math/linear/EigenDecompositionImpl.java
	Line Number: 649
	Rank: 23
	Timestamp: 1662055143551
	Total Rank: 5914
	Dump: mutant-5_ts_1662055143551.class
------------------------------------------------
24.
	Mutator: LocalNameMutator
	Description: local n is replaced by local step to be used
	File Name: org/apache/commons/math/linear/EigenDecompositionImpl.java
	Line Number: 1133
	Rank: 24
	Timestamp: 1662055143552
	Total Rank: 6641
	Dump: mutant-22_ts_1662055143552.class
------------------------------------------------
25.
	Mutator: MathMutator
	Description: Replaced double multiplication with division
	File Name: org/apache/commons/math/linear/EigenDecompositionImpl.java
	Line Number: 1204
	Rank: 26
	Timestamp: 1662055143551
	Total Rank: 6910
	Dump: mutant-4_ts_1662055143551.class
------------------------------------------------
26.
	Mutator: MathMutator
	Description: Replaced integer multiplication with division
	File Name: org/apache/commons/math/linear/EigenDecompositionImpl.java
	Line Number: 1133
	Rank: 26
	Timestamp: 1662055143552
	Total Rank: 6910
	Dump: mutant-25_ts_1662055143552.class
------------------------------------------------
27.
	Mutator: NonVoidMethodCallMutator
	Description: removed call to org/apache/commons/math/linear/EigenDecompositionImpl::flipIfWarranted
	File Name: org/apache/commons/math/linear/EigenDecompositionImpl.java
	Line Number: 840
	Rank: 27
	Timestamp: 1662055143555
	Total Rank: 6954
	Dump: mutant-27_ts_1662055143555.class
------------------------------------------------
28.
	Mutator: RemoveConditionalMutator_ORDER_ELSE
	Description: removed conditional - replaced comparison check with false
	File Name: org/apache/commons/math/linear/EigenDecompositionImpl.java
	Line Number: 1133
	Rank: 28
	Timestamp: 1662055143552
	Total Rank: 7068
	Dump: mutant-16_ts_1662055143552.class
------------------------------------------------
