PraPR 2 (JDK 1.7) Fix Report - Thu Aug 11 11:57:00 PDT 2022
Number of Plausible Fixes: 2
Total Number of Patches: 1519
================================================
1.
	Mutator: BooleanTrueReturnValsMutator
	Description: replaced boolean return with true for org/jfree/data/general/AbstractDataset::hasListener
	File Name: org/jfree/data/general/AbstractDataset.java
	Line Number: 161
	Rank: 1
	Timestamp: 1660244266392
	Total Rank: 24
	Dump: mutant-2_ts_1660244266392.class
------------------------------------------------
2.
	Mutator: FieldAccessToMethodCallMutator
	Description: the access to field org.jfree.chart.plot.MultiplePiePlot.dataset is replaced by the call to org.jfree.chart.plot.MultiplePiePlot::setDataset(Lorg/jfree/data/category/CategoryDataset;)V
	File Name: org/jfree/chart/plot/MultiplePiePlot.java
	Line Number: 145
	Rank: 2
	Timestamp: 1660244252615
	Total Rank: 119
	Dump: mutant-1_ts_1660244252615.class
------------------------------------------------
