PraPR 2 (JDK 1.7) Fix Report - Thu Aug 11 11:47:11 PDT 2022
Number of Plausible Fixes: 2
Total Number of Patches: 2839
================================================
1.
	Mutator: ReturningMethodCallGuardMutator
	Description: the call to toString()Ljava/lang/String; is guarded returning enclosing method
	File Name: org/mockito/internal/matchers/Same.java
	Line Number: 29
	Rank: 1
	Timestamp: 1660243693355
	Total Rank: 72
	Dump: mutant-1_ts_1660243693355.class
------------------------------------------------
2.
	Mutator: NonVoidMethodCallGuardMutator
	Description: the call to java.lang.Object::toString()Ljava/lang/String; is guarded using default value null
	File Name: org/mockito/internal/matchers/Same.java
	Line Number: 29
	Rank: 2
	Timestamp: 1660243693355
	Total Rank: 77
	Dump: mutant-2_ts_1660243693355.class
------------------------------------------------
