PraPR 2 (JDK 1.7) Fix Report - Thu Aug 11 11:47:28 PDT 2022
Number of Plausible Fixes: 40
Total Number of Patches: 931
================================================
1.
	Mutator: LocalToFieldAccessMutator
	Description: access to local x0 is replaced by access to field DEFAULT_ABSOLUTE_ACCURACY
	File Name: org/apache/commons/math/analysis/solvers/BaseSecantSolver.java
	Line Number: 189
	Rank: 1
	Timestamp: 1660243654984
	Total Rank: 13
	Dump: mutant-15_ts_1660243654984.class
------------------------------------------------
2.
	Mutator: InlineConstantMutator
	Description: Substituted 0.5 with 1.0
	File Name: org/apache/commons/math/analysis/solvers/BaseSecantSolver.java
	Line Number: 188
	Rank: 2
	Timestamp: 1660243654985
	Total Rank: 14
	Dump: mutant-35_ts_1660243654985.class
------------------------------------------------
3.
	Mutator: MathMutator
	Description: Replaced double subtraction with addition
	File Name: org/apache/commons/math/analysis/solvers/BaseSecantSolver.java
	Line Number: 188
	Rank: 3
	Timestamp: 1660243654985
	Total Rank: 17
	Dump: mutant-18_ts_1660243654985.class
------------------------------------------------
4.
	Mutator: NonVoidMethodCallMutator
	Description: removed call to org/apache/commons/math/analysis/solvers/BaseSecantSolver::computeObjectiveValue
	File Name: org/apache/commons/math/analysis/solvers/BaseSecantSolver.java
	Line Number: 189
	Rank: 5
	Timestamp: 1660243654985
	Total Rank: 20
	Dump: mutant-28_ts_1660243654985.class
------------------------------------------------
5.
	Mutator: NonVoidMethodCallMutator
	Description: removed call to org/apache/commons/math/util/FastMath::max
	File Name: org/apache/commons/math/analysis/solvers/BaseSecantSolver.java
	Line Number: 188
	Rank: 5
	Timestamp: 1660243654985
	Total Rank: 20
	Dump: mutant-31_ts_1660243654985.class
------------------------------------------------
6.
	Mutator: LocalNameMutator
	Description: local x1 is replaced by local f0 to be used
	File Name: org/apache/commons/math/analysis/solvers/BaseSecantSolver.java
	Line Number: 188
	Rank: 19
	Timestamp: 1660243654983
	Total Rank: 64
	Dump: mutant-4_ts_1660243654983.class
------------------------------------------------
7.
	Mutator: LocalNameMutator
	Description: local x0 is replaced by local f0 to be defined
	File Name: org/apache/commons/math/analysis/solvers/BaseSecantSolver.java
	Line Number: 188
	Rank: 19
	Timestamp: 1660243654983
	Total Rank: 64
	Dump: mutant-6_ts_1660243654983.class
------------------------------------------------
8.
	Mutator: LocalNameMutator
	Description: local x0 is replaced by local f1 to be defined
	File Name: org/apache/commons/math/analysis/solvers/BaseSecantSolver.java
	Line Number: 188
	Rank: 19
	Timestamp: 1660243654983
	Total Rank: 64
	Dump: mutant-8_ts_1660243654983.class
------------------------------------------------
9.
	Mutator: LocalNameMutator
	Description: local x0 is replaced by local f1 to be used
	File Name: org/apache/commons/math/analysis/solvers/BaseSecantSolver.java
	Line Number: 189
	Rank: 19
	Timestamp: 1660243654983
	Total Rank: 64
	Dump: mutant-9_ts_1660243654983.class
------------------------------------------------
10.
	Mutator: LocalNameMutator
	Description: local x0 is replaced by local rtol to be used
	File Name: org/apache/commons/math/analysis/solvers/BaseSecantSolver.java
	Line Number: 189
	Rank: 19
	Timestamp: 1660243654984
	Total Rank: 64
	Dump: mutant-13_ts_1660243654984.class
------------------------------------------------
11.
	Mutator: LocalNameMutator
	Description: local atol is replaced by local rtol to be used
	File Name: org/apache/commons/math/analysis/solvers/BaseSecantSolver.java
	Line Number: 188
	Rank: 19
	Timestamp: 1660243654984
	Total Rank: 64
	Dump: mutant-14_ts_1660243654984.class
------------------------------------------------
12.
	Mutator: LocalNameMutator
	Description: local x0 is replaced by local f0 to be used
	File Name: org/apache/commons/math/analysis/solvers/BaseSecantSolver.java
	Line Number: 188
	Rank: 19
	Timestamp: 1660243654983
	Total Rank: 64
	Dump: mutant-19_ts_1660243654983.class
------------------------------------------------
13.
	Mutator: LocalNameMutator
	Description: local atol is replaced by local ftol to be used
	File Name: org/apache/commons/math/analysis/solvers/BaseSecantSolver.java
	Line Number: 188
	Rank: 19
	Timestamp: 1660243654984
	Total Rank: 64
	Dump: mutant-20_ts_1660243654984.class
------------------------------------------------
14.
	Mutator: LocalNameMutator
	Description: local x0 is replaced by local ftol to be used
	File Name: org/apache/commons/math/analysis/solvers/BaseSecantSolver.java
	Line Number: 189
	Rank: 19
	Timestamp: 1660243654983
	Total Rank: 64
	Dump: mutant-22_ts_1660243654983.class
------------------------------------------------
15.
	Mutator: LocalNameMutator
	Description: local x1 is replaced by local x0 to be used
	File Name: org/apache/commons/math/analysis/solvers/BaseSecantSolver.java
	Line Number: 188
	Rank: 19
	Timestamp: 1660243654983
	Total Rank: 64
	Dump: mutant-23_ts_1660243654983.class
------------------------------------------------
16.
	Mutator: LocalNameMutator
	Description: local x0 is replaced by local x1 to be used
	File Name: org/apache/commons/math/analysis/solvers/BaseSecantSolver.java
	Line Number: 189
	Rank: 19
	Timestamp: 1660243654983
	Total Rank: 64
	Dump: mutant-25_ts_1660243654983.class
------------------------------------------------
17.
	Mutator: LocalNameMutator
	Description: local x0 is replaced by local x1 to be defined
	File Name: org/apache/commons/math/analysis/solvers/BaseSecantSolver.java
	Line Number: 188
	Rank: 19
	Timestamp: 1660243654983
	Total Rank: 64
	Dump: mutant-26_ts_1660243654983.class
------------------------------------------------
18.
	Mutator: LocalNameMutator
	Description: local x0 is replaced by local atol to be used
	File Name: org/apache/commons/math/analysis/solvers/BaseSecantSolver.java
	Line Number: 189
	Rank: 19
	Timestamp: 1660243654984
	Total Rank: 64
	Dump: mutant-39_ts_1660243654984.class
------------------------------------------------
19.
	Mutator: LocalNameMutator
	Description: local atol is replaced by local f1 to be used
	File Name: org/apache/commons/math/analysis/solvers/BaseSecantSolver.java
	Line Number: 188
	Rank: 19
	Timestamp: 1660243654983
	Total Rank: 64
	Dump: mutant-40_ts_1660243654983.class
------------------------------------------------
20.
	Mutator: MethodNameMutator
	Description: replaced call to max with a call to copySign
	File Name: org/apache/commons/math/analysis/solvers/BaseSecantSolver.java
	Line Number: 188
	Rank: 26
	Timestamp: 1660243654984
	Total Rank: 81
	Dump: mutant-1_ts_1660243654984.class
------------------------------------------------
21.
	Mutator: MethodNameMutator
	Description: replaced call to max with a call to pow
	File Name: org/apache/commons/math/analysis/solvers/BaseSecantSolver.java
	Line Number: 188
	Rank: 26
	Timestamp: 1660243654984
	Total Rank: 81
	Dump: mutant-3_ts_1660243654984.class
------------------------------------------------
22.
	Mutator: MethodNameMutator
	Description: replaced call to max with a call to IEEEremainder
	File Name: org/apache/commons/math/analysis/solvers/BaseSecantSolver.java
	Line Number: 188
	Rank: 26
	Timestamp: 1660243654984
	Total Rank: 81
	Dump: mutant-11_ts_1660243654984.class
------------------------------------------------
23.
	Mutator: MethodNameMutator
	Description: replaced call to max with a call to atan2
	File Name: org/apache/commons/math/analysis/solvers/BaseSecantSolver.java
	Line Number: 188
	Rank: 26
	Timestamp: 1660243654984
	Total Rank: 81
	Dump: mutant-24_ts_1660243654984.class
------------------------------------------------
24.
	Mutator: MethodNameMutator
	Description: replaced call to max with a call to min
	File Name: org/apache/commons/math/analysis/solvers/BaseSecantSolver.java
	Line Number: 188
	Rank: 26
	Timestamp: 1660243654984
	Total Rank: 81
	Dump: mutant-32_ts_1660243654984.class
------------------------------------------------
25.
	Mutator: MethodNameMutator
	Description: replaced call to max with a call to nextAfter
	File Name: org/apache/commons/math/analysis/solvers/BaseSecantSolver.java
	Line Number: 188
	Rank: 26
	Timestamp: 1660243654984
	Total Rank: 81
	Dump: mutant-37_ts_1660243654984.class
------------------------------------------------
26.
	Mutator: MethodNameMutator
	Description: replaced call to abs with a call to atanh
	File Name: org/apache/commons/math/analysis/solvers/BaseSecantSolver.java
	Line Number: 188
	Rank: 26
	Timestamp: 1660243654984
	Total Rank: 81
	Dump: mutant-38_ts_1660243654984.class
------------------------------------------------
27.
	Mutator: LocalToFieldAccessMutator
	Description: access to local x1 is replaced by access to field DEFAULT_ABSOLUTE_ACCURACY
	File Name: org/apache/commons/math/analysis/solvers/BaseSecantSolver.java
	Line Number: 187
	Rank: 28
	Timestamp: 1660243654984
	Total Rank: 94
	Dump: mutant-2_ts_1660243654984.class
------------------------------------------------
28.
	Mutator: LocalToFieldAccessMutator
	Description: access to local x is replaced by access to field DEFAULT_ABSOLUTE_ACCURACY
	File Name: org/apache/commons/math/analysis/solvers/BaseSecantSolver.java
	Line Number: 187
	Rank: 28
	Timestamp: 1660243654984
	Total Rank: 94
	Dump: mutant-5_ts_1660243654984.class
------------------------------------------------
29.
	Mutator: LocalNameMutator
	Description: local x is replaced by local ftol to be used
	File Name: org/apache/commons/math/analysis/solvers/BaseSecantSolver.java
	Line Number: 187
	Rank: 39
	Timestamp: 1660243654983
	Total Rank: 106
	Dump: mutant-7_ts_1660243654983.class
------------------------------------------------
30.
	Mutator: LocalNameMutator
	Description: local x is replaced by local f1 to be used
	File Name: org/apache/commons/math/analysis/solvers/BaseSecantSolver.java
	Line Number: 187
	Rank: 39
	Timestamp: 1660243654983
	Total Rank: 106
	Dump: mutant-10_ts_1660243654983.class
------------------------------------------------
31.
	Mutator: LocalNameMutator
	Description: local x1 is replaced by local x0 to be used
	File Name: org/apache/commons/math/analysis/solvers/BaseSecantSolver.java
	Line Number: 187
	Rank: 39
	Timestamp: 1660243654983
	Total Rank: 106
	Dump: mutant-16_ts_1660243654983.class
------------------------------------------------
32.
	Mutator: LocalNameMutator
	Description: local x1 is replaced by local atol to be used
	File Name: org/apache/commons/math/analysis/solvers/BaseSecantSolver.java
	Line Number: 187
	Rank: 39
	Timestamp: 1660243654984
	Total Rank: 106
	Dump: mutant-17_ts_1660243654984.class
------------------------------------------------
33.
	Mutator: LocalNameMutator
	Description: local x1 is replaced by local rtol to be used
	File Name: org/apache/commons/math/analysis/solvers/BaseSecantSolver.java
	Line Number: 187
	Rank: 39
	Timestamp: 1660243654984
	Total Rank: 106
	Dump: mutant-21_ts_1660243654984.class
------------------------------------------------
34.
	Mutator: LocalNameMutator
	Description: local x1 is replaced by local f1 to be used
	File Name: org/apache/commons/math/analysis/solvers/BaseSecantSolver.java
	Line Number: 187
	Rank: 39
	Timestamp: 1660243654983
	Total Rank: 106
	Dump: mutant-27_ts_1660243654983.class
------------------------------------------------
35.
	Mutator: LocalNameMutator
	Description: local x is replaced by local x0 to be used
	File Name: org/apache/commons/math/analysis/solvers/BaseSecantSolver.java
	Line Number: 187
	Rank: 39
	Timestamp: 1660243654982
	Total Rank: 106
	Dump: mutant-29_ts_1660243654982.class
------------------------------------------------
36.
	Mutator: LocalNameMutator
	Description: local x is replaced by local f0 to be used
	File Name: org/apache/commons/math/analysis/solvers/BaseSecantSolver.java
	Line Number: 187
	Rank: 39
	Timestamp: 1660243654983
	Total Rank: 106
	Dump: mutant-30_ts_1660243654983.class
------------------------------------------------
37.
	Mutator: LocalNameMutator
	Description: local x is replaced by local atol to be used
	File Name: org/apache/commons/math/analysis/solvers/BaseSecantSolver.java
	Line Number: 187
	Rank: 39
	Timestamp: 1660243654984
	Total Rank: 106
	Dump: mutant-33_ts_1660243654984.class
------------------------------------------------
38.
	Mutator: LocalNameMutator
	Description: local x1 is replaced by local ftol to be used
	File Name: org/apache/commons/math/analysis/solvers/BaseSecantSolver.java
	Line Number: 187
	Rank: 39
	Timestamp: 1660243654983
	Total Rank: 106
	Dump: mutant-34_ts_1660243654983.class
------------------------------------------------
39.
	Mutator: LocalNameMutator
	Description: local x1 is replaced by local f0 to be used
	File Name: org/apache/commons/math/analysis/solvers/BaseSecantSolver.java
	Line Number: 187
	Rank: 39
	Timestamp: 1660243654983
	Total Rank: 106
	Dump: mutant-36_ts_1660243654983.class
------------------------------------------------
40.
	Mutator: RemoveConditionalMutator_EQUAL_ELSE
	Description: removed conditional - replaced equality check with false
	File Name: org/apache/commons/math/analysis/solvers/BaseSecantSolver.java
	Line Number: 187
	Rank: 40
	Timestamp: 1660243654985
	Total Rank: 107
	Dump: mutant-12_ts_1660243654985.class
------------------------------------------------
