PraPR 2 (JDK 1.7) Fix Report - Thu Sep 01 12:18:27 PDT 2022
Number of Plausible Fixes: 4
Total Number of Patches: 203
================================================
1.
	Mutator: NonVoidMethodCallMutator
	Description: removed call to java/lang/String::charAt
	File Name: org/apache/commons/lang/NumberUtils.java
	Line Number: 195
	Rank: 1
	Timestamp: 1662059915171
	Total Rank: 173
	Dump: mutant-4_ts_1662059915171.class
------------------------------------------------
2.
	Mutator: LocalNameMutator
	Description: local numeric is replaced by local mant to be used
	File Name: org/apache/commons/lang/NumberUtils.java
	Line Number: 193
	Rank: 3
	Timestamp: 1662059915171
	Total Rank: 197
	Dump: mutant-1_ts_1662059915171.class
------------------------------------------------
3.
	Mutator: LocalNameMutator
	Description: local numeric is replaced by local val to be used
	File Name: org/apache/commons/lang/NumberUtils.java
	Line Number: 193
	Rank: 3
	Timestamp: 1662059915170
	Total Rank: 197
	Dump: mutant-3_ts_1662059915170.class
------------------------------------------------
4.
	Mutator: RemoveSwitchMutator
	Description: RemoveSwitch 5 mutation
	File Name: org/apache/commons/lang/NumberUtils.java
	Line Number: 190
	Rank: 4
	Timestamp: 1662059915171
	Total Rank: 203
	Dump: mutant-2_ts_1662059915171.class
------------------------------------------------
