PraPR 2 (JDK 1.7) Fix Report - Thu Sep 01 11:14:04 PDT 2022
Number of Plausible Fixes: 37
Total Number of Patches: 11981
================================================
1.
	Mutator: LocalToFieldAccessMutator
	Description: access to local negccov is replaced by access to field stopTolX
	File Name: org/apache/commons/math3/optimization/direct/CMAESOptimizer.java
	Line Number: 730
	Rank: 1
	Timestamp: 1662056512702
	Total Rank: 26
	Dump: mutant-37_ts_1662056512702.class
------------------------------------------------
2.
	Mutator: ArgumentsListMutator
	Description: replaced call to <init>(I)V with a call to <init>(I[DIDZIILorg/apache/commons/math3/random/RandomGenerator;Z)V
	File Name: org/apache/commons/math3/optimization/direct/CMAESOptimizer.java
	Line Number: 240
	Rank: 3
	Timestamp: 1662056512697
	Total Rank: 54
	Dump: mutant-3_ts_1662056512697.class
------------------------------------------------
3.
	Mutator: ArgumentsListMutator
	Description: replaced call to <init>(I)V with a call to <init>(I[DIDZIILorg/apache/commons/math3/random/RandomGenerator;ZLorg/apache/commons/math3/optimization/ConvergenceChecker;)V
	File Name: org/apache/commons/math3/optimization/direct/CMAESOptimizer.java
	Line Number: 240
	Rank: 3
	Timestamp: 1662056512696
	Total Rank: 54
	Dump: mutant-18_ts_1662056512696.class
------------------------------------------------
4.
	Mutator: InlineConstantMutator
	Description: Substituted 0.0 with 1.0
	File Name: org/apache/commons/math3/optimization/direct/CMAESOptimizer.java
	Line Number: 247
	Rank: 4
	Timestamp: 1662056512697
	Total Rank: 61
	Dump: mutant-25_ts_1662056512697.class
------------------------------------------------
5.
	Mutator: LocalNameMutator
	Description: local repaired is replaced by local x to be used
	File Name: org/apache/commons/math3/optimization/direct/CMAESOptimizer.java
	Line Number: 995
	Rank: 5
	Timestamp: 1662056832816
	Total Rank: 64
	Dump: mutant-32_ts_1662056832816.class
------------------------------------------------
6.
	Mutator: InlineConstantMutator
	Description: Substituted 1.0 with 2.0
	File Name: org/apache/commons/math3/optimization/direct/CMAESOptimizer.java
	Line Number: 995
	Rank: 6
	Timestamp: 1662056832816
	Total Rank: 65
	Dump: mutant-7_ts_1662056832816.class
------------------------------------------------
7.
	Mutator: LocalNameMutator
	Description: local res is replaced by local x to be used
	File Name: org/apache/commons/math3/optimization/direct/CMAESOptimizer.java
	Line Number: 913
	Rank: 8
	Timestamp: 1662056832816
	Total Rank: 162
	Dump: mutant-6_ts_1662056832816.class
------------------------------------------------
8.
	Mutator: LocalNameMutator
	Description: local res is replaced by local x to be used
	File Name: org/apache/commons/math3/optimization/direct/CMAESOptimizer.java
	Line Number: 911
	Rank: 8
	Timestamp: 1662056832816
	Total Rank: 162
	Dump: mutant-8_ts_1662056832816.class
------------------------------------------------
9.
	Mutator: NegateConditionalsMutator
	Description: negated conditional
	File Name: org/apache/commons/math3/optimization/direct/CMAESOptimizer.java
	Line Number: 909
	Rank: 9
	Timestamp: 1662056832816
	Total Rank: 197
	Dump: mutant-15_ts_1662056832816.class
------------------------------------------------
10.
	Mutator: InlineConstantMutator
	Description: Substituted 0 with 1
	File Name: org/apache/commons/math3/optimization/direct/CMAESOptimizer.java
	Line Number: 911
	Rank: 11
	Timestamp: 1662056832816
	Total Rank: 214
	Dump: mutant-19_ts_1662056832816.class
------------------------------------------------
11.
	Mutator: InlineConstantMutator
	Description: Substituted 0 with 1
	File Name: org/apache/commons/math3/optimization/direct/CMAESOptimizer.java
	Line Number: 909
	Rank: 11
	Timestamp: 1662056832816
	Total Rank: 214
	Dump: mutant-20_ts_1662056832816.class
------------------------------------------------
12.
	Mutator: MathMutator
	Description: Replaced double subtraction with addition
	File Name: org/apache/commons/math3/optimization/direct/CMAESOptimizer.java
	Line Number: 911
	Rank: 13
	Timestamp: 1662056832816
	Total Rank: 224
	Dump: mutant-21_ts_1662056832816.class
------------------------------------------------
13.
	Mutator: MathMutator
	Description: Replaced double multiplication with division
	File Name: org/apache/commons/math3/optimization/direct/CMAESOptimizer.java
	Line Number: 1012
	Rank: 13
	Timestamp: 1662056832816
	Total Rank: 224
	Dump: mutant-22_ts_1662056832816.class
------------------------------------------------
14.
	Mutator: InlineConstantMutator
	Description: Substituted 0 with 1
	File Name: org/apache/commons/math3/optimization/direct/CMAESOptimizer.java
	Line Number: 1132
	Rank: 14
	Timestamp: 1662056512702
	Total Rank: 1905
	Dump: mutant-4_ts_1662056512702.class
------------------------------------------------
15.
	Mutator: FieldNameMutator
	Description: replaced access to logMu2 with an access to stopTolUpX
	File Name: org/apache/commons/math3/optimization/direct/CMAESOptimizer.java
	Line Number: 582
	Rank: 15
	Timestamp: 1662056512700
	Total Rank: 3895
	Dump: mutant-27_ts_1662056512700.class
------------------------------------------------
16.
	Mutator: LocalToFieldAccessMutator
	Description: access to local bestFitness is replaced by access to field stopTolUpX
	File Name: org/apache/commons/math3/optimization/direct/CMAESOptimizer.java
	Line Number: 416
	Rank: 17
	Timestamp: 1662056512699
	Total Rank: 4526
	Dump: mutant-16_ts_1662056512699.class
------------------------------------------------
17.
	Mutator: LocalToFieldAccessMutator
	Description: access to local bestValue is replaced by access to field stopTolUpX
	File Name: org/apache/commons/math3/optimization/direct/CMAESOptimizer.java
	Line Number: 415
	Rank: 17
	Timestamp: 1662056512699
	Total Rank: 4526
	Dump: mutant-23_ts_1662056512699.class
------------------------------------------------
18.
	Mutator: NonVoidMethodCallMutator
	Description: removed call to org/apache/commons/math3/optimization/direct/CMAESOptimizer::access$100
	File Name: org/apache/commons/math3/optimization/direct/CMAESOptimizer.java
	Line Number: 905
	Rank: 18
	Timestamp: 1662056832816
	Total Rank: 4960
	Dump: mutant-29_ts_1662056832816.class
------------------------------------------------
19.
	Mutator: MethodNameMutator
	Description: replaced call to log with a call to atan
	File Name: org/apache/commons/math3/optimization/direct/CMAESOptimizer.java
	Line Number: 1028
	Rank: 19
	Timestamp: 1662056512701
	Total Rank: 5247
	Dump: mutant-5_ts_1662056512701.class
------------------------------------------------
20.
	Mutator: FieldToLocalAccessMutator
	Description: access to field mueff is replaced by access to local sumwq
	File Name: org/apache/commons/math3/optimization/direct/CMAESOptimizer.java
	Line Number: 597
	Rank: 20
	Timestamp: 1662056512700
	Total Rank: 5398
	Dump: mutant-26_ts_1662056512700.class
------------------------------------------------
21.
	Mutator: RemoveConditionalMutator_EQUAL_IF
	Description: removed conditional - replaced equality check with true
	File Name: org/apache/commons/math3/optimization/direct/CMAESOptimizer.java
	Line Number: 905
	Rank: 21
	Timestamp: 1662056832816
	Total Rank: 5534
	Dump: mutant-12_ts_1662056832816.class
------------------------------------------------
22.
	Mutator: ArgumentsListMutator
	Description: replaced call to max(Lorg/apache/commons/math3/linear/RealMatrix;)D with a call to max([D)D
	File Name: org/apache/commons/math3/optimization/direct/CMAESOptimizer.java
	Line Number: 571
	Rank: 22
	Timestamp: 1662056512699
	Total Rank: 5616
	Dump: mutant-24_ts_1662056512699.class
------------------------------------------------
23.
	Mutator: InlineConstantMutator
	Description: Substituted 0 with 1
	File Name: org/apache/commons/math3/optimization/direct/CMAESOptimizer.java
	Line Number: 1148
	Rank: 25
	Timestamp: 1662056512698
	Total Rank: 5756
	Dump: mutant-2_ts_1662056512698.class
------------------------------------------------
24.
	Mutator: InlineConstantMutator
	Description: Substituted 1.0 with 2.0
	File Name: org/apache/commons/math3/optimization/direct/CMAESOptimizer.java
	Line Number: 597
	Rank: 25
	Timestamp: 1662056512700
	Total Rank: 5756
	Dump: mutant-13_ts_1662056512700.class
------------------------------------------------
25.
	Mutator: InlineConstantMutator
	Description: Substituted 0 with 1
	File Name: org/apache/commons/math3/optimization/direct/CMAESOptimizer.java
	Line Number: 1253
	Rank: 25
	Timestamp: 1662056512701
	Total Rank: 5756
	Dump: mutant-17_ts_1662056512701.class
------------------------------------------------
26.
	Mutator: MathMutator
	Description: Replaced double multiplication with division
	File Name: org/apache/commons/math3/optimization/direct/CMAESOptimizer.java
	Line Number: 575
	Rank: 30
	Timestamp: 1662056512701
	Total Rank: 5847
	Dump: mutant-1_ts_1662056512701.class
------------------------------------------------
27.
	Mutator: MathMutator
	Description: Replaced double addition with subtraction
	File Name: org/apache/commons/math3/optimization/direct/CMAESOptimizer.java
	Line Number: 602
	Rank: 30
	Timestamp: 1662056512701
	Total Rank: 5847
	Dump: mutant-30_ts_1662056512701.class
------------------------------------------------
28.
	Mutator: MathMutator
	Description: Replaced double addition with subtraction
	File Name: org/apache/commons/math3/optimization/direct/CMAESOptimizer.java
	Line Number: 594
	Rank: 30
	Timestamp: 1662056512701
	Total Rank: 5847
	Dump: mutant-33_ts_1662056512701.class
------------------------------------------------
29.
	Mutator: MathMutator
	Description: Replaced double addition with subtraction
	File Name: org/apache/commons/math3/optimization/direct/CMAESOptimizer.java
	Line Number: 596
	Rank: 30
	Timestamp: 1662056512701
	Total Rank: 5847
	Dump: mutant-34_ts_1662056512701.class
------------------------------------------------
30.
	Mutator: MathMutator
	Description: Replaced double addition with subtraction
	File Name: org/apache/commons/math3/optimization/direct/CMAESOptimizer.java
	Line Number: 581
	Rank: 30
	Timestamp: 1662056512701
	Total Rank: 5847
	Dump: mutant-35_ts_1662056512701.class
------------------------------------------------
31.
	Mutator: InlineConstantMutator
	Description: Substituted 0 with 1
	File Name: org/apache/commons/math3/linear/MatrixUtils.java
	Line Number: 344
	Rank: 31
	Timestamp: 1662056800677
	Total Rank: 5913
	Dump: mutant-28_ts_1662056800677.class
------------------------------------------------
32.
	Mutator: MethodNameMutator
	Description: replaced call to encode with a call to repairAndDecode
	File Name: org/apache/commons/math3/optimization/direct/CMAESOptimizer.java
	Line Number: 354
	Rank: 33
	Timestamp: 1662056512699
	Total Rank: 6375
	Dump: mutant-9_ts_1662056512699.class
------------------------------------------------
33.
	Mutator: MethodNameMutator
	Description: replaced call to encode with a call to decode
	File Name: org/apache/commons/math3/optimization/direct/CMAESOptimizer.java
	Line Number: 354
	Rank: 33
	Timestamp: 1662056512699
	Total Rank: 6375
	Dump: mutant-10_ts_1662056512699.class
------------------------------------------------
34.
	Mutator: ArgumentPropagationMutator
	Description: replaced call to org/apache/commons/math3/optimization/direct/CMAESOptimizer$FitnessFunction::encode with argument
	File Name: org/apache/commons/math3/optimization/direct/CMAESOptimizer.java
	Line Number: 354
	Rank: 34
	Timestamp: 1662056512699
	Total Rank: 6381
	Dump: mutant-31_ts_1662056512699.class
------------------------------------------------
35.
	Mutator: LocalNameMutator
	Description: local checkFeasableCount is replaced by local maxIterations to be used
	File Name: org/apache/commons/math3/optimization/direct/CMAESOptimizer.java
	Line Number: 282
	Rank: 36
	Timestamp: 1662056512697
	Total Rank: 6610
	Dump: mutant-11_ts_1662056512697.class
------------------------------------------------
36.
	Mutator: LocalNameMutator
	Description: local checkFeasableCount is replaced by local maxIterations to be used
	File Name: org/apache/commons/math3/optimization/direct/CMAESOptimizer.java
	Line Number: 314
	Rank: 36
	Timestamp: 1662056512697
	Total Rank: 6610
	Dump: mutant-14_ts_1662056512697.class
------------------------------------------------
37.
	Mutator: LocalNameMutator
	Description: local cosEpsB is replaced by local xb to be used
	File Name: org/apache/commons/math3/util/FastMath.java
	Line Number: 1795
	Rank: 37
	Timestamp: 1662056659516
	Total Rank: 10311
	Dump: mutant-36_ts_1662056659516.class
------------------------------------------------
