PraPR 2 (JDK 1.7) Fix Report - Thu Aug 11 11:46:41 PDT 2022
Number of Plausible Fixes: 93
Total Number of Patches: 9501
================================================
1.
	Mutator: InlineConstantMutator
	Description: Substituted 0 with 1
	File Name: org/jfree/chart/plot/CategoryPlot.java
	Line Number: 2537
	Rank: 2
	Timestamp: 1660243796932
	Total Rank: 677
	Dump: mutant-82_ts_1660243796932.class
------------------------------------------------
2.
	Mutator: InlineConstantMutator
	Description: Substituted 0 with 1
	File Name: org/jfree/chart/plot/CategoryPlot.java
	Line Number: 2536
	Rank: 2
	Timestamp: 1660243796932
	Total Rank: 677
	Dump: mutant-83_ts_1660243796932.class
------------------------------------------------
3.
	Mutator: RemoveConditionalMutator_EQUAL_IF
	Description: removed conditional - replaced equality check with true
	File Name: org/jfree/chart/plot/CategoryPlot.java
	Line Number: 2538
	Rank: 3
	Timestamp: 1660243796933
	Total Rank: 712
	Dump: mutant-59_ts_1660243796933.class
------------------------------------------------
4.
	Mutator: RemoveConditionalMutator_EQUAL_ELSE
	Description: removed conditional - replaced equality check with false
	File Name: org/jfree/chart/plot/CategoryPlot.java
	Line Number: 2538
	Rank: 4
	Timestamp: 1660243796933
	Total Rank: 747
	Dump: mutant-73_ts_1660243796933.class
------------------------------------------------
5.
	Mutator: NegateConditionalsMutator
	Description: negated conditional
	File Name: org/jfree/chart/plot/CategoryPlot.java
	Line Number: 2536
	Rank: 7
	Timestamp: 1660243796932
	Total Rank: 922
	Dump: mutant-86_ts_1660243796932.class
------------------------------------------------
6.
	Mutator: NegateConditionalsMutator
	Description: negated conditional
	File Name: org/jfree/chart/plot/CategoryPlot.java
	Line Number: 2537
	Rank: 7
	Timestamp: 1660243796932
	Total Rank: 922
	Dump: mutant-88_ts_1660243796932.class
------------------------------------------------
7.
	Mutator: NegateConditionalsMutator
	Description: negated conditional
	File Name: org/jfree/chart/plot/CategoryPlot.java
	Line Number: 2538
	Rank: 7
	Timestamp: 1660243796932
	Total Rank: 922
	Dump: mutant-89_ts_1660243796932.class
------------------------------------------------
8.
	Mutator: NonVoidMethodCallMutator
	Description: removed call to java/awt/geom/Rectangle2D::getHeight
	File Name: org/jfree/chart/plot/CategoryPlot.java
	Line Number: 2537
	Rank: 9
	Timestamp: 1660243796932
	Total Rank: 989
	Dump: mutant-51_ts_1660243796932.class
------------------------------------------------
9.
	Mutator: NonVoidMethodCallMutator
	Description: removed call to java/awt/geom/Rectangle2D::getWidth
	File Name: org/jfree/chart/plot/CategoryPlot.java
	Line Number: 2536
	Rank: 9
	Timestamp: 1660243796932
	Total Rank: 989
	Dump: mutant-65_ts_1660243796932.class
------------------------------------------------
10.
	Mutator: LocalToFieldAccessMutator
	Description: access to local b1 is replaced by access to field DEFAULT_RANGE_GRIDLINES_VISIBLE
	File Name: org/jfree/chart/plot/CategoryPlot.java
	Line Number: 2538
	Rank: 11
	Timestamp: 1660243796932
	Total Rank: 1067
	Dump: mutant-27_ts_1660243796932.class
------------------------------------------------
11.
	Mutator: LocalToFieldAccessMutator
	Description: access to local b2 is replaced by access to field DEFAULT_RANGE_GRIDLINES_VISIBLE
	File Name: org/jfree/chart/plot/CategoryPlot.java
	Line Number: 2538
	Rank: 11
	Timestamp: 1660243796932
	Total Rank: 1067
	Dump: mutant-36_ts_1660243796932.class
------------------------------------------------
12.
	Mutator: RemoveConditionalMutator_ORDER_IF
	Description: removed conditional - replaced comparison check with true
	File Name: org/jfree/chart/plot/CategoryPlot.java
	Line Number: 2536
	Rank: 13
	Timestamp: 1660243796933
	Total Rank: 1109
	Dump: mutant-32_ts_1660243796933.class
------------------------------------------------
13.
	Mutator: RemoveConditionalMutator_ORDER_IF
	Description: removed conditional - replaced comparison check with true
	File Name: org/jfree/chart/plot/CategoryPlot.java
	Line Number: 2537
	Rank: 13
	Timestamp: 1660243796933
	Total Rank: 1109
	Dump: mutant-34_ts_1660243796933.class
------------------------------------------------
14.
	Mutator: ReturningMethodCallGuardMutator
	Description: the call to getEntityCollection()Lorg/jfree/chart/entity/EntityCollection; is guarded returning local state
	File Name: org/jfree/chart/axis/Axis.java
	Line Number: 1192
	Rank: 14
	Timestamp: 1660243923215
	Total Rank: 1123
	Dump: mutant-15_ts_1660243923215.class
------------------------------------------------
15.
	Mutator: NonVoidMethodCallGuardMutator
	Description: the call to org.jfree.chart.ChartRenderingInfo::getEntityCollection()Lorg/jfree/chart/entity/EntityCollection; is guarded using default value null
	File Name: org/jfree/chart/axis/Axis.java
	Line Number: 1192
	Rank: 15
	Timestamp: 1660243923215
	Total Rank: 1125
	Dump: mutant-78_ts_1660243923215.class
------------------------------------------------
16.
	Mutator: MethodNameMutator
	Description: the call to factory method org.jfree.chart.plot.PlotRenderingInfo.getOwner()Lorg/jfree/chart/ChartRenderingInfo; is replaced by an instantiation of type org.jfree.chart.ChartRenderingInfo using (Lorg/jfree/chart/entity/EntityCollection;)V
	File Name: org/jfree/chart/axis/Axis.java
	Line Number: 1191
	Rank: 18
	Timestamp: 1660243923215
	Total Rank: 1130
	Dump: mutant-1_ts_1660243923215.class
------------------------------------------------
17.
	Mutator: MethodNameMutator
	Description: the call to factory method org.jfree.chart.ChartRenderingInfo.getEntityCollection()Lorg/jfree/chart/entity/EntityCollection; is replaced by an instantiation of type org.jfree.chart.entity.StandardEntityCollection using ()V
	File Name: org/jfree/chart/axis/Axis.java
	Line Number: 1192
	Rank: 18
	Timestamp: 1660243923215
	Total Rank: 1130
	Dump: mutant-38_ts_1660243923215.class
------------------------------------------------
18.
	Mutator: MethodNameMutator
	Description: the call to factory method org.jfree.chart.plot.PlotRenderingInfo.getOwner()Lorg/jfree/chart/ChartRenderingInfo; is replaced by an instantiation of type org.jfree.chart.ChartRenderingInfo using ()V
	File Name: org/jfree/chart/axis/Axis.java
	Line Number: 1191
	Rank: 18
	Timestamp: 1660243923215
	Total Rank: 1130
	Dump: mutant-64_ts_1660243923215.class
------------------------------------------------
19.
	Mutator: NonVoidMethodCallMutator
	Description: removed call to org/jfree/chart/ChartRenderingInfo::getEntityCollection
	File Name: org/jfree/chart/axis/Axis.java
	Line Number: 1192
	Rank: 19
	Timestamp: 1660243923215
	Total Rank: 1133
	Dump: mutant-11_ts_1660243923215.class
------------------------------------------------
20.
	Mutator: RemoveConditionalMutator_EQUAL_IF
	Description: removed conditional - replaced equality check with true
	File Name: org/jfree/chart/axis/Axis.java
	Line Number: 1101
	Rank: 20
	Timestamp: 1660243923215
	Total Rank: 2290
	Dump: mutant-14_ts_1660243923215.class
------------------------------------------------
21.
	Mutator: RemoveConditionalMutator_EQUAL_ELSE
	Description: removed conditional - replaced equality check with false
	File Name: org/jfree/chart/axis/Axis.java
	Line Number: 1190
	Rank: 22
	Timestamp: 1660243923215
	Total Rank: 2315
	Dump: mutant-58_ts_1660243923215.class
------------------------------------------------
22.
	Mutator: RemoveConditionalMutator_EQUAL_ELSE
	Description: removed conditional - replaced equality check with false
	File Name: org/jfree/chart/axis/Axis.java
	Line Number: 1101
	Rank: 22
	Timestamp: 1660243923215
	Total Rank: 2315
	Dump: mutant-74_ts_1660243923215.class
------------------------------------------------
23.
	Mutator: ReturnValsMutator
	Description: replaced return of integer sized value with (x == 0 ? 1 : 0)
	File Name: org/jfree/chart/axis/Axis.java
	Line Number: 314
	Rank: 23
	Timestamp: 1660243923216
	Total Rank: 2345
	Dump: mutant-21_ts_1660243923216.class
------------------------------------------------
24.
	Mutator: NegateConditionalsMutator
	Description: negated conditional
	File Name: org/jfree/chart/axis/Axis.java
	Line Number: 1190
	Rank: 25
	Timestamp: 1660243923215
	Total Rank: 2522
	Dump: mutant-66_ts_1660243923215.class
------------------------------------------------
25.
	Mutator: NegateConditionalsMutator
	Description: negated conditional
	File Name: org/jfree/chart/axis/Axis.java
	Line Number: 1101
	Rank: 25
	Timestamp: 1660243923215
	Total Rank: 2522
	Dump: mutant-76_ts_1660243923215.class
------------------------------------------------
26.
	Mutator: LocalToFieldAccessMutator
	Description: access to local label is replaced by access to field labelURL
	File Name: org/jfree/chart/axis/Axis.java
	Line Number: 1101
	Rank: 27
	Timestamp: 1660243923215
	Total Rank: 2678
	Dump: mutant-90_ts_1660243923215.class
------------------------------------------------
27.
	Mutator: LocalToFieldAccessMutator
	Description: access to local label is replaced by access to field labelToolTip
	File Name: org/jfree/chart/axis/Axis.java
	Line Number: 1101
	Rank: 27
	Timestamp: 1660243923215
	Total Rank: 2678
	Dump: mutant-93_ts_1660243923215.class
------------------------------------------------
28.
	Mutator: BooleanFalseReturnValsMutator
	Description: replaced boolean return with false for org/jfree/chart/axis/Axis::isVisible
	File Name: org/jfree/chart/axis/Axis.java
	Line Number: 314
	Rank: 28
	Timestamp: 1660243923216
	Total Rank: 2823
	Dump: mutant-69_ts_1660243923216.class
------------------------------------------------
29.
	Mutator: NonVoidMethodCallMutator
	Description: removed call to java/awt/geom/Rectangle2D::getHeight
	File Name: org/jfree/chart/JFreeChart.java
	Line Number: 1313
	Rank: 30
	Timestamp: 1660243948838
	Total Rank: 3689
	Dump: mutant-7_ts_1660243948838.class
------------------------------------------------
30.
	Mutator: NonVoidMethodCallMutator
	Description: removed call to java/awt/geom/Rectangle2D::getWidth
	File Name: org/jfree/chart/JFreeChart.java
	Line Number: 1312
	Rank: 30
	Timestamp: 1660243948838
	Total Rank: 3689
	Dump: mutant-75_ts_1660243948838.class
------------------------------------------------
31.
	Mutator: FieldToLocalAccessMutator
	Description: access to field height is replaced by access to local ww
	File Name: org/jfree/chart/JFreeChart.java
	Line Number: 1313
	Rank: 32
	Timestamp: 1660243948838
	Total Rank: 3726
	Dump: mutant-41_ts_1660243948838.class
------------------------------------------------
32.
	Mutator: FieldToLocalAccessMutator
	Description: access to field height is replaced by access to local hh
	File Name: org/jfree/chart/JFreeChart.java
	Line Number: 1313
	Rank: 32
	Timestamp: 1660243948838
	Total Rank: 3726
	Dump: mutant-92_ts_1660243948838.class
------------------------------------------------
33.
	Mutator: LocalNameMutator
	Description: local area is replaced by local titleArea to be used
	File Name: org/jfree/chart/JFreeChart.java
	Line Number: 1312
	Rank: 33
	Timestamp: 1660243948838
	Total Rank: 3883
	Dump: mutant-85_ts_1660243948838.class
------------------------------------------------
34.
	Mutator: ArgumentsListMutator
	Description: replaced call to setRect(Ljava/awt/geom/Rectangle2D;)V with a call to setRect(DDDD)V
	File Name: org/jfree/chart/JFreeChart.java
	Line Number: 1181
	Rank: 34
	Timestamp: 1660243948838
	Total Rank: 4671
	Dump: mutant-79_ts_1660243948838.class
------------------------------------------------
35.
	Mutator: LocalToMethodCallMutator
	Description: the access to the local nonTitleArea is replaced a call nonTitleArea.getBounds2D()
	File Name: org/jfree/chart/JFreeChart.java
	Line Number: 1181
	Rank: 35
	Timestamp: 1660243948838
	Total Rank: 4710
	Dump: mutant-26_ts_1660243948838.class
------------------------------------------------
36.
	Mutator: VoidMethodCallMutator
	Description: removed call to org/jfree/chart/plot/Plot::draw
	File Name: org/jfree/chart/JFreeChart.java
	Line Number: 1213
	Rank: 37
	Timestamp: 1660243948838
	Total Rank: 4844
	Dump: mutant-30_ts_1660243948838.class
------------------------------------------------
37.
	Mutator: VoidMethodCallMutator
	Description: removed call to java/awt/geom/Rectangle2D::setRect
	File Name: org/jfree/chart/JFreeChart.java
	Line Number: 1181
	Rank: 37
	Timestamp: 1660243948838
	Total Rank: 4844
	Dump: mutant-37_ts_1660243948838.class
------------------------------------------------
38.
	Mutator: MethodNameMutator
	Description: replaced call to calculateRightInset with a call to extendWidth
	File Name: org/jfree/chart/util/RectangleInsets.java
	Line Number: 525
	Rank: 49
	Timestamp: 1660243972759
	Total Rank: 5154
	Dump: mutant-2_ts_1660243972759.class
------------------------------------------------
39.
	Mutator: MethodNameMutator
	Description: replaced call to calculateTopInset with a call to extendWidth
	File Name: org/jfree/chart/util/RectangleInsets.java
	Line Number: 526
	Rank: 49
	Timestamp: 1660243972759
	Total Rank: 5154
	Dump: mutant-9_ts_1660243972759.class
------------------------------------------------
40.
	Mutator: MethodNameMutator
	Description: replaced call to calculateTopInset with a call to trimHeight
	File Name: org/jfree/chart/util/RectangleInsets.java
	Line Number: 526
	Rank: 49
	Timestamp: 1660243972759
	Total Rank: 5154
	Dump: mutant-16_ts_1660243972759.class
------------------------------------------------
41.
	Mutator: MethodNameMutator
	Description: replaced call to calculateBottomInset with a call to extendWidth
	File Name: org/jfree/chart/util/RectangleInsets.java
	Line Number: 527
	Rank: 49
	Timestamp: 1660243972759
	Total Rank: 5154
	Dump: mutant-18_ts_1660243972759.class
------------------------------------------------
42.
	Mutator: MethodNameMutator
	Description: replaced call to calculateBottomInset with a call to trimHeight
	File Name: org/jfree/chart/util/RectangleInsets.java
	Line Number: 527
	Rank: 49
	Timestamp: 1660243972759
	Total Rank: 5154
	Dump: mutant-19_ts_1660243972759.class
------------------------------------------------
43.
	Mutator: MethodNameMutator
	Description: replaced call to calculateRightInset with a call to trimHeight
	File Name: org/jfree/chart/util/RectangleInsets.java
	Line Number: 525
	Rank: 49
	Timestamp: 1660243972759
	Total Rank: 5154
	Dump: mutant-20_ts_1660243972759.class
------------------------------------------------
44.
	Mutator: MethodNameMutator
	Description: replaced call to calculateRightInset with a call to trimWidth
	File Name: org/jfree/chart/util/RectangleInsets.java
	Line Number: 525
	Rank: 49
	Timestamp: 1660243972759
	Total Rank: 5154
	Dump: mutant-42_ts_1660243972759.class
------------------------------------------------
45.
	Mutator: MethodNameMutator
	Description: replaced call to calculateLeftInset with a call to trimWidth
	File Name: org/jfree/chart/util/RectangleInsets.java
	Line Number: 524
	Rank: 49
	Timestamp: 1660243972759
	Total Rank: 5154
	Dump: mutant-43_ts_1660243972759.class
------------------------------------------------
46.
	Mutator: MethodNameMutator
	Description: replaced call to calculateLeftInset with a call to trimHeight
	File Name: org/jfree/chart/util/RectangleInsets.java
	Line Number: 524
	Rank: 49
	Timestamp: 1660243972759
	Total Rank: 5154
	Dump: mutant-49_ts_1660243972759.class
------------------------------------------------
47.
	Mutator: MethodNameMutator
	Description: replaced call to calculateBottomInset with a call to trimWidth
	File Name: org/jfree/chart/util/RectangleInsets.java
	Line Number: 527
	Rank: 49
	Timestamp: 1660243972759
	Total Rank: 5154
	Dump: mutant-54_ts_1660243972759.class
------------------------------------------------
48.
	Mutator: MethodNameMutator
	Description: replaced call to calculateLeftInset with a call to extendWidth
	File Name: org/jfree/chart/util/RectangleInsets.java
	Line Number: 524
	Rank: 49
	Timestamp: 1660243972759
	Total Rank: 5154
	Dump: mutant-62_ts_1660243972759.class
------------------------------------------------
49.
	Mutator: MethodNameMutator
	Description: replaced call to calculateTopInset with a call to trimWidth
	File Name: org/jfree/chart/util/RectangleInsets.java
	Line Number: 526
	Rank: 49
	Timestamp: 1660243972759
	Total Rank: 5154
	Dump: mutant-91_ts_1660243972759.class
------------------------------------------------
50.
	Mutator: NonVoidMethodCallMutator
	Description: removed call to java/awt/geom/Rectangle2D::getHeight
	File Name: org/jfree/chart/util/RectangleInsets.java
	Line Number: 523
	Rank: 51
	Timestamp: 1660243972759
	Total Rank: 5273
	Dump: mutant-31_ts_1660243972759.class
------------------------------------------------
51.
	Mutator: NonVoidMethodCallMutator
	Description: removed call to java/awt/geom/Rectangle2D::getWidth
	File Name: org/jfree/chart/util/RectangleInsets.java
	Line Number: 522
	Rank: 51
	Timestamp: 1660243972759
	Total Rank: 5273
	Dump: mutant-52_ts_1660243972759.class
------------------------------------------------
52.
	Mutator: LocalToFieldAccessMutator
	Description: access to local w is replaced by access to field bottom
	File Name: org/jfree/chart/util/RectangleInsets.java
	Line Number: 528
	Rank: 59
	Timestamp: 1660243972758
	Total Rank: 5390
	Dump: mutant-5_ts_1660243972758.class
------------------------------------------------
53.
	Mutator: LocalToFieldAccessMutator
	Description: access to local h is replaced by access to field top
	File Name: org/jfree/chart/util/RectangleInsets.java
	Line Number: 528
	Rank: 59
	Timestamp: 1660243972758
	Total Rank: 5390
	Dump: mutant-22_ts_1660243972758.class
------------------------------------------------
54.
	Mutator: LocalToFieldAccessMutator
	Description: access to local h is replaced by access to field bottom
	File Name: org/jfree/chart/util/RectangleInsets.java
	Line Number: 528
	Rank: 59
	Timestamp: 1660243972758
	Total Rank: 5390
	Dump: mutant-33_ts_1660243972758.class
------------------------------------------------
55.
	Mutator: LocalToFieldAccessMutator
	Description: access to local h is replaced by access to field left
	File Name: org/jfree/chart/util/RectangleInsets.java
	Line Number: 528
	Rank: 59
	Timestamp: 1660243972758
	Total Rank: 5390
	Dump: mutant-48_ts_1660243972758.class
------------------------------------------------
56.
	Mutator: LocalToFieldAccessMutator
	Description: access to local w is replaced by access to field right
	File Name: org/jfree/chart/util/RectangleInsets.java
	Line Number: 528
	Rank: 59
	Timestamp: 1660243972759
	Total Rank: 5390
	Dump: mutant-55_ts_1660243972759.class
------------------------------------------------
57.
	Mutator: LocalToFieldAccessMutator
	Description: access to local h is replaced by access to field right
	File Name: org/jfree/chart/util/RectangleInsets.java
	Line Number: 528
	Rank: 59
	Timestamp: 1660243972759
	Total Rank: 5390
	Dump: mutant-61_ts_1660243972759.class
------------------------------------------------
58.
	Mutator: LocalToFieldAccessMutator
	Description: access to local w is replaced by access to field top
	File Name: org/jfree/chart/util/RectangleInsets.java
	Line Number: 528
	Rank: 59
	Timestamp: 1660243972758
	Total Rank: 5390
	Dump: mutant-71_ts_1660243972758.class
------------------------------------------------
59.
	Mutator: LocalToFieldAccessMutator
	Description: access to local w is replaced by access to field left
	File Name: org/jfree/chart/util/RectangleInsets.java
	Line Number: 528
	Rank: 59
	Timestamp: 1660243972758
	Total Rank: 5390
	Dump: mutant-81_ts_1660243972758.class
------------------------------------------------
60.
	Mutator: LocalNameMutator
	Description: local h is replaced by local l to be used
	File Name: org/jfree/chart/util/RectangleInsets.java
	Line Number: 528
	Rank: 75
	Timestamp: 1660243972758
	Total Rank: 5564
	Dump: mutant-4_ts_1660243972758.class
------------------------------------------------
61.
	Mutator: LocalNameMutator
	Description: local chartArea is replaced by local nonTitleArea to be used
	File Name: org/jfree/chart/JFreeChart.java
	Line Number: 1181
	Rank: 75
	Timestamp: 1660243948838
	Total Rank: 5564
	Dump: mutant-6_ts_1660243948838.class
------------------------------------------------
62.
	Mutator: LocalNameMutator
	Description: local r is replaced by local w to be used
	File Name: org/jfree/chart/util/RectangleInsets.java
	Line Number: 528
	Rank: 75
	Timestamp: 1660243972758
	Total Rank: 5564
	Dump: mutant-8_ts_1660243972758.class
------------------------------------------------
63.
	Mutator: LocalNameMutator
	Description: local w is replaced by local l to be used
	File Name: org/jfree/chart/util/RectangleInsets.java
	Line Number: 528
	Rank: 75
	Timestamp: 1660243972758
	Total Rank: 5564
	Dump: mutant-10_ts_1660243972758.class
------------------------------------------------
64.
	Mutator: LocalNameMutator
	Description: local b is replaced by local h to be used
	File Name: org/jfree/chart/util/RectangleInsets.java
	Line Number: 528
	Rank: 75
	Timestamp: 1660243972758
	Total Rank: 5564
	Dump: mutant-13_ts_1660243972758.class
------------------------------------------------
65.
	Mutator: LocalNameMutator
	Description: local b is replaced by local w to be used
	File Name: org/jfree/chart/util/RectangleInsets.java
	Line Number: 528
	Rank: 75
	Timestamp: 1660243972758
	Total Rank: 5564
	Dump: mutant-17_ts_1660243972758.class
------------------------------------------------
66.
	Mutator: LocalNameMutator
	Description: local t is replaced by local w to be used
	File Name: org/jfree/chart/util/RectangleInsets.java
	Line Number: 528
	Rank: 75
	Timestamp: 1660243972758
	Total Rank: 5564
	Dump: mutant-24_ts_1660243972758.class
------------------------------------------------
67.
	Mutator: LocalNameMutator
	Description: local w is replaced by local b to be used
	File Name: org/jfree/chart/util/RectangleInsets.java
	Line Number: 528
	Rank: 75
	Timestamp: 1660243972758
	Total Rank: 5564
	Dump: mutant-25_ts_1660243972758.class
------------------------------------------------
68.
	Mutator: LocalNameMutator
	Description: local h is replaced by local b to be used
	File Name: org/jfree/chart/util/RectangleInsets.java
	Line Number: 528
	Rank: 75
	Timestamp: 1660243972758
	Total Rank: 5564
	Dump: mutant-29_ts_1660243972758.class
------------------------------------------------
69.
	Mutator: LocalNameMutator
	Description: local l is replaced by local w to be used
	File Name: org/jfree/chart/util/RectangleInsets.java
	Line Number: 528
	Rank: 75
	Timestamp: 1660243972758
	Total Rank: 5564
	Dump: mutant-53_ts_1660243972758.class
------------------------------------------------
70.
	Mutator: LocalNameMutator
	Description: local w is replaced by local t to be used
	File Name: org/jfree/chart/util/RectangleInsets.java
	Line Number: 528
	Rank: 75
	Timestamp: 1660243972758
	Total Rank: 5564
	Dump: mutant-56_ts_1660243972758.class
------------------------------------------------
71.
	Mutator: LocalNameMutator
	Description: local h is replaced by local t to be used
	File Name: org/jfree/chart/util/RectangleInsets.java
	Line Number: 528
	Rank: 75
	Timestamp: 1660243972758
	Total Rank: 5564
	Dump: mutant-60_ts_1660243972758.class
------------------------------------------------
72.
	Mutator: LocalNameMutator
	Description: local h is replaced by local r to be used
	File Name: org/jfree/chart/util/RectangleInsets.java
	Line Number: 528
	Rank: 75
	Timestamp: 1660243972758
	Total Rank: 5564
	Dump: mutant-67_ts_1660243972758.class
------------------------------------------------
73.
	Mutator: LocalNameMutator
	Description: local w is replaced by local r to be used
	File Name: org/jfree/chart/util/RectangleInsets.java
	Line Number: 528
	Rank: 75
	Timestamp: 1660243972758
	Total Rank: 5564
	Dump: mutant-72_ts_1660243972758.class
------------------------------------------------
74.
	Mutator: LocalNameMutator
	Description: local nonTitleArea is replaced by local chartArea to be used
	File Name: org/jfree/chart/JFreeChart.java
	Line Number: 1181
	Rank: 75
	Timestamp: 1660243948838
	Total Rank: 5564
	Dump: mutant-80_ts_1660243948838.class
------------------------------------------------
75.
	Mutator: LocalNameMutator
	Description: local t is replaced by local h to be used
	File Name: org/jfree/chart/util/RectangleInsets.java
	Line Number: 528
	Rank: 75
	Timestamp: 1660243972758
	Total Rank: 5564
	Dump: mutant-87_ts_1660243972758.class
------------------------------------------------
76.
	Mutator: ArgumentPropagationMutator
	Description: replaced call to org/jfree/chart/util/RectangleInsets::calculateTopInset with argument
	File Name: org/jfree/chart/util/RectangleInsets.java
	Line Number: 526
	Rank: 79
	Timestamp: 1660243972759
	Total Rank: 5601
	Dump: mutant-35_ts_1660243972759.class
------------------------------------------------
77.
	Mutator: ArgumentPropagationMutator
	Description: replaced call to org/jfree/chart/util/RectangleInsets::calculateRightInset with argument
	File Name: org/jfree/chart/util/RectangleInsets.java
	Line Number: 525
	Rank: 79
	Timestamp: 1660243972759
	Total Rank: 5601
	Dump: mutant-44_ts_1660243972759.class
------------------------------------------------
78.
	Mutator: ArgumentPropagationMutator
	Description: replaced call to org/jfree/chart/util/RectangleInsets::calculateBottomInset with argument
	File Name: org/jfree/chart/util/RectangleInsets.java
	Line Number: 527
	Rank: 79
	Timestamp: 1660243972759
	Total Rank: 5601
	Dump: mutant-50_ts_1660243972759.class
------------------------------------------------
79.
	Mutator: ArgumentPropagationMutator
	Description: replaced call to org/jfree/chart/util/RectangleInsets::calculateLeftInset with argument
	File Name: org/jfree/chart/util/RectangleInsets.java
	Line Number: 524
	Rank: 79
	Timestamp: 1660243972759
	Total Rank: 5601
	Dump: mutant-63_ts_1660243972759.class
------------------------------------------------
80.
	Mutator: FieldToLocalAccessMutator
	Description: access to field right is replaced by access to local width
	File Name: org/jfree/chart/util/RectangleInsets.java
	Line Number: 448
	Rank: 83
	Timestamp: 1660243972758
	Total Rank: 6041
	Dump: mutant-12_ts_1660243972758.class
------------------------------------------------
81.
	Mutator: FieldToLocalAccessMutator
	Description: access to field left is replaced by access to local width
	File Name: org/jfree/chart/util/RectangleInsets.java
	Line Number: 418
	Rank: 83
	Timestamp: 1660243972757
	Total Rank: 6041
	Dump: mutant-45_ts_1660243972757.class
------------------------------------------------
82.
	Mutator: FieldToLocalAccessMutator
	Description: access to field bottom is replaced by access to local height
	File Name: org/jfree/chart/util/RectangleInsets.java
	Line Number: 388
	Rank: 83
	Timestamp: 1660243972757
	Total Rank: 6041
	Dump: mutant-47_ts_1660243972757.class
------------------------------------------------
83.
	Mutator: FieldToLocalAccessMutator
	Description: access to field top is replaced by access to local height
	File Name: org/jfree/chart/util/RectangleInsets.java
	Line Number: 358
	Rank: 83
	Timestamp: 1660243972758
	Total Rank: 6041
	Dump: mutant-84_ts_1660243972758.class
------------------------------------------------
84.
	Mutator: LocalNameMutator
	Description: local result is replaced by local height to be used
	File Name: org/jfree/chart/util/RectangleInsets.java
	Line Number: 392
	Rank: 87
	Timestamp: 1660243972757
	Total Rank: 6059
	Dump: mutant-23_ts_1660243972757.class
------------------------------------------------
85.
	Mutator: LocalNameMutator
	Description: local result is replaced by local height to be used
	File Name: org/jfree/chart/util/RectangleInsets.java
	Line Number: 362
	Rank: 87
	Timestamp: 1660243972758
	Total Rank: 6059
	Dump: mutant-28_ts_1660243972758.class
------------------------------------------------
86.
	Mutator: LocalNameMutator
	Description: local result is replaced by local width to be used
	File Name: org/jfree/chart/util/RectangleInsets.java
	Line Number: 452
	Rank: 87
	Timestamp: 1660243972758
	Total Rank: 6059
	Dump: mutant-40_ts_1660243972758.class
------------------------------------------------
87.
	Mutator: LocalNameMutator
	Description: local result is replaced by local width to be used
	File Name: org/jfree/chart/util/RectangleInsets.java
	Line Number: 422
	Rank: 87
	Timestamp: 1660243972758
	Total Rank: 6059
	Dump: mutant-46_ts_1660243972758.class
------------------------------------------------
88.
	Mutator: FieldNameMutator
	Description: replaced access to label with an access to labelURL
	File Name: org/jfree/chart/axis/Axis.java
	Line Number: 342
	Rank: 89
	Timestamp: 1660243923216
	Total Rank: 6295
	Dump: mutant-39_ts_1660243923216.class
------------------------------------------------
89.
	Mutator: FieldNameMutator
	Description: replaced access to label with an access to labelToolTip
	File Name: org/jfree/chart/axis/Axis.java
	Line Number: 342
	Rank: 89
	Timestamp: 1660243923216
	Total Rank: 6295
	Dump: mutant-57_ts_1660243923216.class
------------------------------------------------
90.
	Mutator: FieldAccessToMethodCallMutator
	Description: the access to field org.jfree.chart.axis.Axis.label is replaced by the call to org.jfree.chart.axis.Axis::getLabelURL()Ljava/lang/String;
	File Name: org/jfree/chart/axis/Axis.java
	Line Number: 342
	Rank: 91
	Timestamp: 1660243923216
	Total Rank: 6302
	Dump: mutant-3_ts_1660243923216.class
------------------------------------------------
91.
	Mutator: FieldAccessToMethodCallMutator
	Description: the access to field org.jfree.chart.axis.Axis.label is replaced by the call to org.jfree.chart.axis.Axis::getLabelToolTip()Ljava/lang/String;
	File Name: org/jfree/chart/axis/Axis.java
	Line Number: 342
	Rank: 91
	Timestamp: 1660243923216
	Total Rank: 6302
	Dump: mutant-77_ts_1660243923216.class
------------------------------------------------
92.
	Mutator: ReturnValsMutator
	Description: mutated return of Object value for org/jfree/chart/axis/Axis::getLabel to ( if (x != null) null else throw new RuntimeException )
	File Name: org/jfree/chart/axis/Axis.java
	Line Number: 342
	Rank: 92
	Timestamp: 1660243923216
	Total Rank: 6309
	Dump: mutant-68_ts_1660243923216.class
------------------------------------------------
93.
	Mutator: EmptyObjectReturnValsMutator
	Description: replaced return value with "" for org/jfree/chart/axis/Axis::getLabel
	File Name: org/jfree/chart/axis/Axis.java
	Line Number: 342
	Rank: 93
	Timestamp: 1660243923216
	Total Rank: 6318
	Dump: mutant-70_ts_1660243923216.class
------------------------------------------------
