PraPR 2 (JDK 1.7) Fix Report - Thu Aug 11 11:47:10 PDT 2022
Number of Plausible Fixes: 2
Total Number of Patches: 6181
================================================
1.
	Mutator: MethodNameMutator
	Description: replaced call to getX with a call to getY
	File Name: org/apache/commons/math/optimization/fitting/GaussianFitter.java
	Line Number: 313
	Rank: 1
	Timestamp: 1660245123647
	Total Rank: 354
	Dump: mutant-1_ts_1660245123647.class
------------------------------------------------
2.
	Mutator: ArgumentsListMutator
	Description: replaced call to fit(Lorg/apache/commons/math/analysis/ParametricUnivariateRealFunction;[D)[D with a call to fit([D)[D
	File Name: org/apache/commons/math/optimization/fitting/GaussianFitter.java
	Line Number: 121
	Rank: 2
	Timestamp: 1660245139510
	Total Rank: 383
	Dump: mutant-2_ts_1660245139510.class
------------------------------------------------
