PraPR 2 (JDK 1.7) Fix Report - Thu Aug 11 11:46:59 PDT 2022
Number of Plausible Fixes: 4
Total Number of Patches: 1190
================================================
1.
	Mutator: InlineConstantMutator
	Description: Substituted 0.0 with 1.0
	File Name: org/apache/commons/math/analysis/solvers/UnivariateRealSolverUtils.java
	Line Number: 198
	Rank: 1
	Timestamp: 1660243888021
	Total Rank: 560
	Dump: mutant-4_ts_1660243888021.class
------------------------------------------------
2.
	Mutator: MathMutator
	Description: Replaced double multiplication with division
	File Name: org/apache/commons/math/analysis/solvers/UnivariateRealSolverUtils.java
	Line Number: 198
	Rank: 2
	Timestamp: 1660243888022
	Total Rank: 564
	Dump: mutant-3_ts_1660243888022.class
------------------------------------------------
3.
	Mutator: ConditionalsBoundaryMutator
	Description: changed conditional boundary
	File Name: org/apache/commons/math/analysis/solvers/UnivariateRealSolverUtils.java
	Line Number: 198
	Rank: 4
	Timestamp: 1660243888021
	Total Rank: 568
	Dump: mutant-1_ts_1660243888021.class
------------------------------------------------
4.
	Mutator: RemoveConditionalMutator_ORDER_ELSE
	Description: removed conditional - replaced comparison check with false
	File Name: org/apache/commons/math/analysis/solvers/UnivariateRealSolverUtils.java
	Line Number: 198
	Rank: 4
	Timestamp: 1660243888022
	Total Rank: 568
	Dump: mutant-2_ts_1660243888022.class
------------------------------------------------
