PraPR 2 (JDK 1.7) Fix Report - Thu Aug 11 11:46:41 PDT 2022
Number of Plausible Fixes: 7
Total Number of Patches: 2024
================================================
1.
	Mutator: LocalNameMutator
	Description: local ratio is replaced by local rhs to be used
	File Name: org/apache/commons/math/optimization/linear/SimplexSolver.java
	Line Number: 85
	Rank: 1
	Timestamp: 1660243642800
	Total Rank: 641
	Dump: mutant-1_ts_1660243642800.class
------------------------------------------------
2.
	Mutator: NonVoidMethodCallMutator
	Description: removed call to org/apache/commons/math/optimization/linear/SimplexTableau::getEntry
	File Name: org/apache/commons/math/optimization/linear/SimplexSolver.java
	Line Number: 63
	Rank: 2
	Timestamp: 1660243642800
	Total Rank: 669
	Dump: mutant-5_ts_1660243642800.class
------------------------------------------------
3.
	Mutator: LocalToFieldAccessMutator
	Description: access to local minValue is replaced by access to field epsilon
	File Name: org/apache/commons/math/optimization/linear/SimplexSolver.java
	Line Number: 62
	Rank: 4
	Timestamp: 1660243642800
	Total Rank: 704
	Dump: mutant-4_ts_1660243642800.class
------------------------------------------------
4.
	Mutator: LocalToFieldAccessMutator
	Description: access to local minValue is replaced by access to field DEFAULT_EPSILON
	File Name: org/apache/commons/math/optimization/linear/SimplexSolver.java
	Line Number: 62
	Rank: 4
	Timestamp: 1660243642800
	Total Rank: 704
	Dump: mutant-7_ts_1660243642800.class
------------------------------------------------
5.
	Mutator: FieldToLocalAccessMutator
	Description: access to field epsilon is replaced by access to local entry
	File Name: org/apache/commons/math/optimization/linear/SimplexSolver.java
	Line Number: 82
	Rank: 5
	Timestamp: 1660243642800
	Total Rank: 714
	Dump: mutant-6_ts_1660243642800.class
------------------------------------------------
6.
	Mutator: ConditionalsBoundaryMutator
	Description: changed conditional boundary
	File Name: org/apache/commons/math/optimization/linear/SimplexSolver.java
	Line Number: 82
	Rank: 7
	Timestamp: 1660243642800
	Total Rank: 722
	Dump: mutant-2_ts_1660243642800.class
------------------------------------------------
7.
	Mutator: ConditionalsBoundaryMutator
	Description: changed conditional boundary
	File Name: org/apache/commons/math/optimization/linear/SimplexSolver.java
	Line Number: 84
	Rank: 7
	Timestamp: 1660243642800
	Total Rank: 722
	Dump: mutant-3_ts_1660243642800.class
------------------------------------------------
