PraPR 2 (JDK 1.7) Fix Report - Thu Sep 01 10:57:59 PDT 2022
Number of Plausible Fixes: 11
Total Number of Patches: 1194
================================================
1.
	Mutator: MemberVariableMutator
	Description: Removed assignment to member variable epsilon
	File Name: org/apache/commons/math/linear/OpenMapRealVector.java
	Line Number: 77
	Rank: 1
	Timestamp: 1662055094674
	Total Rank: 157
	Dump: mutant-2_ts_1662055094674.class
------------------------------------------------
2.
	Mutator: FieldToLocalAccessMutator
	Description: access to field epsilon is replaced by access to local epsilon
	File Name: org/apache/commons/math/linear/OpenMapRealVector.java
	Line Number: 77
	Rank: 2
	Timestamp: 1662055094674
	Total Rank: 159
	Dump: mutant-10_ts_1662055094674.class
------------------------------------------------
3.
	Mutator: LocalToFieldAccessMutator
	Description: access to local value is replaced by access to field DEFAULT_ZERO_TOLERANCE
	File Name: org/apache/commons/math/linear/OpenMapRealVector.java
	Line Number: 664
	Rank: 4
	Timestamp: 1662055094674
	Total Rank: 197
	Dump: mutant-6_ts_1662055094674.class
------------------------------------------------
4.
	Mutator: LocalToFieldAccessMutator
	Description: access to local value is replaced by access to field epsilon
	File Name: org/apache/commons/math/linear/OpenMapRealVector.java
	Line Number: 664
	Rank: 4
	Timestamp: 1662055094674
	Total Rank: 197
	Dump: mutant-9_ts_1662055094674.class
------------------------------------------------
5.
	Mutator: NonVoidMethodCallMutator
	Description: removed call to org/apache/commons/math/linear/OpenMapRealVector::isDefaultValue
	File Name: org/apache/commons/math/linear/OpenMapRealVector.java
	Line Number: 664
	Rank: 5
	Timestamp: 1662055094674
	Total Rank: 200
	Dump: mutant-5_ts_1662055094674.class
------------------------------------------------
6.
	Mutator: RemoveConditionalMutator_EQUAL_IF
	Description: removed conditional - replaced equality check with true
	File Name: org/apache/commons/math/linear/OpenMapRealVector.java
	Line Number: 664
	Rank: 6
	Timestamp: 1662055094674
	Total Rank: 204
	Dump: mutant-4_ts_1662055094674.class
------------------------------------------------
7.
	Mutator: FieldNameMutator
	Description: replaced access to count with an access to size
	File Name: org/apache/commons/math/util/OpenIntToDoubleHashMap.java
	Line Number: 399
	Rank: 7
	Timestamp: 1662055089725
	Total Rank: 456
	Dump: mutant-8_ts_1662055089725.class
------------------------------------------------
8.
	Mutator: InlineConstantMutator
	Description: Substituted 1 with 0
	File Name: org/apache/commons/math/util/OpenIntToDoubleHashMap.java
	Line Number: 399
	Rank: 8
	Timestamp: 1662055089726
	Total Rank: 464
	Dump: mutant-7_ts_1662055089726.class
------------------------------------------------
9.
	Mutator: FieldAccessToMethodCallMutator
	Description: the access to field org.apache.commons.math.util.OpenIntToDoubleHashMap.count is replaced by the call to org.apache.commons.math.util.OpenIntToDoubleHashMap::size()I
	File Name: org/apache/commons/math/util/OpenIntToDoubleHashMap.java
	Line Number: 399
	Rank: 9
	Timestamp: 1662055089725
	Total Rank: 469
	Dump: mutant-1_ts_1662055089725.class
------------------------------------------------
10.
	Mutator: MemberVariableMutator
	Description: Removed assignment to member variable count
	File Name: org/apache/commons/math/util/OpenIntToDoubleHashMap.java
	Line Number: 399
	Rank: 10
	Timestamp: 1662055089726
	Total Rank: 478
	Dump: mutant-11_ts_1662055089726.class
------------------------------------------------
11.
	Mutator: FieldToLocalAccessMutator
	Description: access to field count is replaced by access to local index
	File Name: org/apache/commons/math/util/OpenIntToDoubleHashMap.java
	Line Number: 399
	Rank: 11
	Timestamp: 1662055089726
	Total Rank: 485
	Dump: mutant-3_ts_1662055089726.class
------------------------------------------------
