PraPR 2 (JDK 1.7) Fix Report - Thu Aug 11 11:45:34 PDT 2022
Number of Plausible Fixes: 2
Total Number of Patches: 114
================================================
1.
	Mutator: LocalToFieldAccessMutator
	Description: access to local width is replaced by access to field CAPACITY
	File Name: org/apache/commons/lang/text/StrBuilder.java
	Line Number: 880
	Rank: 1
	Timestamp: 1660243536676
	Total Rank: 91
	Dump: mutant-2_ts_1660243536676.class
------------------------------------------------
2.
	Mutator: LocalNameMutator
	Description: local strLen is replaced by local width to be used
	File Name: org/apache/commons/lang/text/StrBuilder.java
	Line Number: 884
	Rank: 2
	Timestamp: 1660243536676
	Total Rank: 94
	Dump: mutant-1_ts_1660243536676.class
------------------------------------------------
