PraPR 2 (JDK 1.7) Fix Report - Wed Aug 31 10:18:06 PDT 2022
Number of Plausible Fixes: 2
Total Number of Patches: 406
================================================
1.
	Mutator: ArgumentsListMutator
	Description: replaced call to getInstance(Ljava/util/TimeZone;Ljava/util/Locale;)Ljava/util/Calendar; with a call to getInstance(Ljava/util/Locale;)Ljava/util/Calendar;
	File Name: org/jfree/data/time/Week.java
	Line Number: 198
	Rank: 1
	Total Rank: 87
	Dump: mutant-5.class
------------------------------------------------
2.
	Mutator: FieldToLocalAccessMutator
	Description: access to field DEFAULT_TIME_ZONE is replaced by access to local zone
	File Name: org/jfree/data/time/Week.java
	Line Number: 175
	Rank: 2
	Total Rank: 88
	Dump: mutant-7.class
------------------------------------------------
