PraPR 2 (JDK 1.7) Fix Report - Thu Aug 11 11:53:36 PDT 2022
Number of Plausible Fixes: 2
Total Number of Patches: 101
================================================
1.
	Mutator: LocalNameMutator
	Description: local p1 is replaced by local p2 to be used
	File Name: org/jfree/chart/util/ShapeUtilities.java
	Line Number: 274
	Rank: 2
	Timestamp: 1660244018545
	Total Rank: 101
	Dump: mutant-1_ts_1660244018545.class
------------------------------------------------
2.
	Mutator: LocalNameMutator
	Description: local p1 is replaced by local p2 to be used
	File Name: org/jfree/chart/util/ShapeUtilities.java
	Line Number: 275
	Rank: 2
	Timestamp: 1660244018545
	Total Rank: 101
	Dump: mutant-2_ts_1660244018545.class
------------------------------------------------
