PraPR 2 (JDK 1.7) Fix Report - Thu Sep 01 10:44:00 PDT 2022
Number of Plausible Fixes: 3
Total Number of Patches: 585
================================================
1.
	Mutator: NegateConditionalsMutator
	Description: negated conditional
	File Name: org/apache/commons/math/optimization/direct/MultiDirectional.java
	Line Number: 90
	Rank: 1
	Timestamp: 1662054269326
	Total Rank: 116
	Dump: mutant-2_ts_1662054269326.class
------------------------------------------------
2.
	Mutator: RemoveConditionalMutator_ORDER_IF
	Description: removed conditional - replaced comparison check with true
	File Name: org/apache/commons/math/optimization/direct/MultiDirectional.java
	Line Number: 90
	Rank: 3
	Timestamp: 1662054269326
	Total Rank: 124
	Dump: mutant-1_ts_1662054269326.class
------------------------------------------------
3.
	Mutator: ConditionalsBoundaryMutator
	Description: changed conditional boundary
	File Name: org/apache/commons/math/optimization/direct/MultiDirectional.java
	Line Number: 90
	Rank: 3
	Timestamp: 1662054269326
	Total Rank: 124
	Dump: mutant-3_ts_1662054269326.class
------------------------------------------------
