PraPR 2 (JDK 1.7) Fix Report - Thu Sep 01 10:49:38 PDT 2022
Number of Plausible Fixes: 208
Total Number of Patches: 19541
================================================
1.
	Mutator: NonVoidMethodCallMutator
	Description: removed call to org/jfree/chart/plot/CategoryPlot::getOrientation
	File Name: org/jfree/chart/renderer/category/StatisticalBarRenderer.java
	Line Number: 206
	Rank: 1
	Timestamp: 1662055503140
	Total Rank: 11
	Dump: mutant-164_ts_1662055503140.class
------------------------------------------------
2.
	Mutator: MethodNameMutator
	Description: replaced call to getColumnCount with a call to getRowCount
	File Name: org/jfree/data/statistics/DefaultStatisticalCategoryDataset.java
	Line Number: 273
	Rank: 2
	Timestamp: 1662055394221
	Total Rank: 94
	Dump: mutant-51_ts_1662055394221.class
------------------------------------------------
3.
	Mutator: ArgumentsListMutator
	Description: replaced call to getObject(II)Ljava/lang/Object; with a call to getObject(Ljava/lang/Comparable;Ljava/lang/Comparable;)Ljava/lang/Object;
	File Name: org/jfree/data/statistics/DefaultStatisticalCategoryDataset.java
	Line Number: 109
	Rank: 4
	Timestamp: 1662055394222
	Total Rank: 97
	Dump: mutant-112_ts_1662055394222.class
------------------------------------------------
4.
	Mutator: ArgumentsListMutator
	Description: replaced call to getMeanValue(II)Ljava/lang/Number; with a call to getMeanValue(Ljava/lang/Comparable;Ljava/lang/Comparable;)Ljava/lang/Number;
	File Name: org/jfree/data/statistics/DefaultStatisticalCategoryDataset.java
	Line Number: 126
	Rank: 4
	Timestamp: 1662055394222
	Total Rank: 97
	Dump: mutant-199_ts_1662055394222.class
------------------------------------------------
5.
	Mutator: RemoveConditionalMutator_EQUAL_ELSE
	Description: removed conditional - replaced equality check with false
	File Name: org/jfree/data/statistics/DefaultStatisticalCategoryDataset.java
	Line Number: 110
	Rank: 5
	Timestamp: 1662055394222
	Total Rank: 99
	Dump: mutant-173_ts_1662055394222.class
------------------------------------------------
6.
	Mutator: ReturnValsMutator
	Description: replaced return of integer sized value with (x == 0 ? 1 : 0)
	File Name: org/jfree/data/statistics/DefaultStatisticalCategoryDataset.java
	Line Number: 264
	Rank: 7
	Timestamp: 1662055394222
	Total Rank: 108
	Dump: mutant-206_ts_1662055394222.class
------------------------------------------------
7.
	Mutator: ReturnValsMutator
	Description: replaced return of integer sized value with (x == 0 ? 1 : 0)
	File Name: org/jfree/data/statistics/DefaultStatisticalCategoryDataset.java
	Line Number: 273
	Rank: 7
	Timestamp: 1662055394222
	Total Rank: 108
	Dump: mutant-207_ts_1662055394222.class
------------------------------------------------
8.
	Mutator: NullReturnValsMutator
	Description: replaced return value with null for org/jfree/data/statistics/DefaultStatisticalCategoryDataset::getValue
	File Name: org/jfree/data/statistics/DefaultStatisticalCategoryDataset.java
	Line Number: 126
	Rank: 10
	Timestamp: 1662055394222
	Total Rank: 115
	Dump: mutant-71_ts_1662055394222.class
------------------------------------------------
9.
	Mutator: NullReturnValsMutator
	Description: replaced return value with null for org/jfree/data/statistics/MeanAndStandardDeviation::getMean
	File Name: org/jfree/data/statistics/MeanAndStandardDeviation.java
	Line Number: 95
	Rank: 10
	Timestamp: 1662055523750
	Total Rank: 115
	Dump: mutant-169_ts_1662055523750.class
------------------------------------------------
10.
	Mutator: NullReturnValsMutator
	Description: replaced return value with null for org/jfree/data/statistics/DefaultStatisticalCategoryDataset::getMeanValue
	File Name: org/jfree/data/statistics/DefaultStatisticalCategoryDataset.java
	Line Number: 113
	Rank: 10
	Timestamp: 1662055394222
	Total Rank: 115
	Dump: mutant-178_ts_1662055394222.class
------------------------------------------------
11.
	Mutator: NegateConditionalsMutator
	Description: negated conditional
	File Name: org/jfree/data/statistics/DefaultStatisticalCategoryDataset.java
	Line Number: 110
	Rank: 11
	Timestamp: 1662055394222
	Total Rank: 117
	Dump: mutant-175_ts_1662055394222.class
------------------------------------------------
12.
	Mutator: NonVoidMethodCallMutator
	Description: removed call to org/jfree/data/KeyedObjects2D::getObject
	File Name: org/jfree/data/statistics/DefaultStatisticalCategoryDataset.java
	Line Number: 109
	Rank: 16
	Timestamp: 1662055394222
	Total Rank: 132
	Dump: mutant-145_ts_1662055394222.class
------------------------------------------------
13.
	Mutator: NonVoidMethodCallMutator
	Description: removed call to org/jfree/data/KeyedObjects2D::getColumnCount
	File Name: org/jfree/data/statistics/DefaultStatisticalCategoryDataset.java
	Line Number: 273
	Rank: 16
	Timestamp: 1662055394222
	Total Rank: 132
	Dump: mutant-161_ts_1662055394222.class
------------------------------------------------
14.
	Mutator: NonVoidMethodCallMutator
	Description: removed call to org/jfree/data/statistics/MeanAndStandardDeviation::getMean
	File Name: org/jfree/data/statistics/DefaultStatisticalCategoryDataset.java
	Line Number: 111
	Rank: 16
	Timestamp: 1662055394222
	Total Rank: 132
	Dump: mutant-174_ts_1662055394222.class
------------------------------------------------
15.
	Mutator: NonVoidMethodCallMutator
	Description: removed call to org/jfree/data/statistics/DefaultStatisticalCategoryDataset::getMeanValue
	File Name: org/jfree/data/statistics/DefaultStatisticalCategoryDataset.java
	Line Number: 126
	Rank: 16
	Timestamp: 1662055394222
	Total Rank: 132
	Dump: mutant-198_ts_1662055394222.class
------------------------------------------------
16.
	Mutator: NonVoidMethodCallMutator
	Description: removed call to org/jfree/data/KeyedObjects2D::getRowCount
	File Name: org/jfree/data/statistics/DefaultStatisticalCategoryDataset.java
	Line Number: 264
	Rank: 16
	Timestamp: 1662055394222
	Total Rank: 132
	Dump: mutant-201_ts_1662055394222.class
------------------------------------------------
17.
	Mutator: PrimitiveReturnsMutator
	Description: replaced int return with 0 for org/jfree/data/statistics/DefaultStatisticalCategoryDataset::getColumnCount
	File Name: org/jfree/data/statistics/DefaultStatisticalCategoryDataset.java
	Line Number: 273
	Rank: 18
	Timestamp: 1662055394222
	Total Rank: 134
	Dump: mutant-36_ts_1662055394222.class
------------------------------------------------
18.
	Mutator: PrimitiveReturnsMutator
	Description: replaced int return with 0 for org/jfree/data/statistics/DefaultStatisticalCategoryDataset::getRowCount
	File Name: org/jfree/data/statistics/DefaultStatisticalCategoryDataset.java
	Line Number: 264
	Rank: 18
	Timestamp: 1662055394222
	Total Rank: 134
	Dump: mutant-107_ts_1662055394222.class
------------------------------------------------
19.
	Mutator: MethodNameMutator
	Description: replaced call to get with a call to remove
	File Name: org/jfree/data/KeyedObjects2D.java
	Line Number: 159
	Rank: 19
	Timestamp: 1662055462495
	Total Rank: 236
	Dump: mutant-153_ts_1662055462495.class
------------------------------------------------
20.
	Mutator: ConstructorCallMutator
	Description: removed call to org/jfree/data/statistics/MeanAndStandardDeviation::<init>
	File Name: org/jfree/data/statistics/DefaultStatisticalCategoryDataset.java
	Line Number: 299
	Rank: 20
	Timestamp: 1662055394221
	Total Rank: 349
	Dump: mutant-96_ts_1662055394221.class
------------------------------------------------
21.
	Mutator: ArgumentsListMutator
	Description: replaced call to <init>(Ljava/lang/Number;Ljava/lang/Number;)V with a call to <init>(DD)V
	File Name: org/jfree/data/statistics/DefaultStatisticalCategoryDataset.java
	Line Number: 299
	Rank: 21
	Timestamp: 1662055394221
	Total Rank: 438
	Dump: mutant-87_ts_1662055394221.class
------------------------------------------------
22.
	Mutator: VoidMethodCallMutator
	Description: removed call to org/jfree/data/KeyedObjects2D::addObject
	File Name: org/jfree/data/statistics/DefaultStatisticalCategoryDataset.java
	Line Number: 301
	Rank: 22
	Timestamp: 1662055394221
	Total Rank: 586
	Dump: mutant-176_ts_1662055394221.class
------------------------------------------------
23.
	Mutator: ArgumentsListMutator
	Description: replaced call to getObject(Ljava/lang/Comparable;)Ljava/lang/Object; with a call to getObject(I)Ljava/lang/Object;
	File Name: org/jfree/data/KeyedObjects2D.java
	Line Number: 113
	Rank: 23
	Timestamp: 1662055462495
	Total Rank: 923
	Dump: mutant-146_ts_1662055462495.class
------------------------------------------------
24.
	Mutator: RemoveConditionalMutator_EQUAL_ELSE
	Description: removed conditional - replaced equality check with false
	File Name: org/jfree/data/KeyedObjects2D.java
	Line Number: 110
	Rank: 25
	Timestamp: 1662055462496
	Total Rank: 931
	Dump: mutant-98_ts_1662055462496.class
------------------------------------------------
25.
	Mutator: RemoveConditionalMutator_EQUAL_ELSE
	Description: removed conditional - replaced equality check with false
	File Name: org/jfree/data/KeyedObjects2D.java
	Line Number: 112
	Rank: 25
	Timestamp: 1662055462496
	Total Rank: 931
	Dump: mutant-100_ts_1662055462496.class
------------------------------------------------
26.
	Mutator: NullReturnValsMutator
	Description: replaced return value with null for org/jfree/data/KeyedObjects2D::getObject
	File Name: org/jfree/data/KeyedObjects2D.java
	Line Number: 116
	Rank: 26
	Timestamp: 1662055462496
	Total Rank: 936
	Dump: mutant-53_ts_1662055462496.class
------------------------------------------------
27.
	Mutator: NegateConditionalsMutator
	Description: negated conditional
	File Name: org/jfree/data/KeyedObjects2D.java
	Line Number: 110
	Rank: 28
	Timestamp: 1662055462495
	Total Rank: 939
	Dump: mutant-54_ts_1662055462495.class
------------------------------------------------
28.
	Mutator: NegateConditionalsMutator
	Description: negated conditional
	File Name: org/jfree/data/KeyedObjects2D.java
	Line Number: 112
	Rank: 28
	Timestamp: 1662055462495
	Total Rank: 939
	Dump: mutant-55_ts_1662055462495.class
------------------------------------------------
29.
	Mutator: NonVoidMethodCallMutator
	Description: removed call to java/util/List::get
	File Name: org/jfree/data/KeyedObjects2D.java
	Line Number: 109
	Rank: 31
	Timestamp: 1662055462495
	Total Rank: 946
	Dump: mutant-41_ts_1662055462495.class
------------------------------------------------
30.
	Mutator: NonVoidMethodCallMutator
	Description: removed call to java/util/List::get
	File Name: org/jfree/data/KeyedObjects2D.java
	Line Number: 111
	Rank: 31
	Timestamp: 1662055462495
	Total Rank: 946
	Dump: mutant-44_ts_1662055462495.class
------------------------------------------------
31.
	Mutator: NonVoidMethodCallMutator
	Description: removed call to org/jfree/data/KeyedObjects::getObject
	File Name: org/jfree/data/KeyedObjects2D.java
	Line Number: 113
	Rank: 31
	Timestamp: 1662055462495
	Total Rank: 946
	Dump: mutant-106_ts_1662055462495.class
------------------------------------------------
32.
	Mutator: ReturnValsMutator
	Description: replaced return of integer sized value with (x == 0 ? 1 : 0)
	File Name: org/jfree/data/KeyedObjects2D.java
	Line Number: 86
	Rank: 33
	Timestamp: 1662055462496
	Total Rank: 1110
	Dump: mutant-67_ts_1662055462496.class
------------------------------------------------
33.
	Mutator: ReturnValsMutator
	Description: replaced return of integer sized value with (x == 0 ? 1 : 0)
	File Name: org/jfree/data/KeyedObjects2D.java
	Line Number: 95
	Rank: 33
	Timestamp: 1662055462495
	Total Rank: 1110
	Dump: mutant-69_ts_1662055462495.class
------------------------------------------------
34.
	Mutator: NonVoidMethodCallMutator
	Description: removed call to java/util/List::size
	File Name: org/jfree/data/KeyedObjects2D.java
	Line Number: 95
	Rank: 35
	Timestamp: 1662055462495
	Total Rank: 1165
	Dump: mutant-39_ts_1662055462495.class
------------------------------------------------
35.
	Mutator: NonVoidMethodCallMutator
	Description: removed call to java/util/List::size
	File Name: org/jfree/data/KeyedObjects2D.java
	Line Number: 86
	Rank: 35
	Timestamp: 1662055462496
	Total Rank: 1165
	Dump: mutant-47_ts_1662055462496.class
------------------------------------------------
36.
	Mutator: PrimitiveReturnsMutator
	Description: replaced int return with 0 for org/jfree/data/KeyedObjects2D::getColumnCount
	File Name: org/jfree/data/KeyedObjects2D.java
	Line Number: 95
	Rank: 37
	Timestamp: 1662055462495
	Total Rank: 1167
	Dump: mutant-48_ts_1662055462495.class
------------------------------------------------
37.
	Mutator: PrimitiveReturnsMutator
	Description: replaced int return with 0 for org/jfree/data/KeyedObjects2D::getRowCount
	File Name: org/jfree/data/KeyedObjects2D.java
	Line Number: 86
	Rank: 37
	Timestamp: 1662055462496
	Total Rank: 1167
	Dump: mutant-143_ts_1662055462496.class
------------------------------------------------
38.
	Mutator: InlineConstantMutator
	Description: Substituted 1 with 0
	File Name: org/jfree/chart/renderer/category/AbstractCategoryItemRenderer.java
	Line Number: 248
	Rank: 38
	Timestamp: 1662055206512
	Total Rank: 1272
	Dump: mutant-196_ts_1662055206512.class
------------------------------------------------
39.
	Mutator: ReturnValsMutator
	Description: replaced return of integer sized value with (x == 0 ? 1 : 0)
	File Name: org/jfree/chart/renderer/category/AbstractCategoryItemRenderer.java
	Line Number: 248
	Rank: 39
	Timestamp: 1662055206512
	Total Rank: 1304
	Dump: mutant-154_ts_1662055206512.class
------------------------------------------------
40.
	Mutator: PrimitiveReturnsMutator
	Description: replaced int return with 0 for org/jfree/chart/renderer/category/AbstractCategoryItemRenderer::getPassCount
	File Name: org/jfree/chart/renderer/category/AbstractCategoryItemRenderer.java
	Line Number: 248
	Rank: 40
	Timestamp: 1662055206512
	Total Rank: 1324
	Dump: mutant-17_ts_1662055206512.class
------------------------------------------------
41.
	Mutator: MethodNameMutator
	Description: replaced call to add with a call to remove
	File Name: org/jfree/data/KeyedObjects2D.java
	Line Number: 239
	Rank: 43
	Timestamp: 1662055462496
	Total Rank: 1408
	Dump: mutant-91_ts_1662055462496.class
------------------------------------------------
42.
	Mutator: MethodNameMutator
	Description: replaced call to add with a call to equals
	File Name: org/jfree/data/KeyedObjects2D.java
	Line Number: 239
	Rank: 43
	Timestamp: 1662055462496
	Total Rank: 1408
	Dump: mutant-132_ts_1662055462496.class
------------------------------------------------
43.
	Mutator: MethodNameMutator
	Description: replaced call to add with a call to contains
	File Name: org/jfree/data/KeyedObjects2D.java
	Line Number: 239
	Rank: 43
	Timestamp: 1662055462496
	Total Rank: 1408
	Dump: mutant-203_ts_1662055462496.class
------------------------------------------------
44.
	Mutator: VoidMethodCallMutator
	Description: removed call to org/jfree/data/KeyedObjects::setObject
	File Name: org/jfree/data/KeyedObjects2D.java
	Line Number: 236
	Rank: 44
	Timestamp: 1662055462496
	Total Rank: 1411
	Dump: mutant-180_ts_1662055462496.class
------------------------------------------------
45.
	Mutator: NegateConditionalsMutator
	Description: negated conditional
	File Name: org/jfree/data/KeyedObjects2D.java
	Line Number: 238
	Rank: 45
	Timestamp: 1662055462496
	Total Rank: 1415
	Dump: mutant-94_ts_1662055462496.class
------------------------------------------------
46.
	Mutator: LocalNameMutator
	Description: local columnIndex is replaced by local rowIndex to be used
	File Name: org/jfree/data/KeyedObjects2D.java
	Line Number: 238
	Rank: 48
	Timestamp: 1662055462496
	Total Rank: 1421
	Dump: mutant-28_ts_1662055462496.class
------------------------------------------------
47.
	Mutator: LocalNameMutator
	Description: local columnKey is replaced by local rowKey to be used
	File Name: org/jfree/data/KeyedObjects2D.java
	Line Number: 236
	Rank: 48
	Timestamp: 1662055462496
	Total Rank: 1421
	Dump: mutant-149_ts_1662055462496.class
------------------------------------------------
48.
	Mutator: LocalNameMutator
	Description: local columnKey is replaced by local rowKey to be used
	File Name: org/jfree/data/KeyedObjects2D.java
	Line Number: 239
	Rank: 48
	Timestamp: 1662055462496
	Total Rank: 1421
	Dump: mutant-151_ts_1662055462496.class
------------------------------------------------
49.
	Mutator: NonVoidMethodCallMutator
	Description: removed call to java/util/List::add
	File Name: org/jfree/data/KeyedObjects2D.java
	Line Number: 239
	Rank: 50
	Timestamp: 1662055462496
	Total Rank: 1426
	Dump: mutant-3_ts_1662055462496.class
------------------------------------------------
50.
	Mutator: NonVoidMethodCallMutator
	Description: removed call to java/util/List::indexOf
	File Name: org/jfree/data/KeyedObjects2D.java
	Line Number: 237
	Rank: 50
	Timestamp: 1662055462496
	Total Rank: 1426
	Dump: mutant-119_ts_1662055462496.class
------------------------------------------------
51.
	Mutator: RemoveConditionalMutator_ORDER_ELSE
	Description: removed conditional - replaced comparison check with false
	File Name: org/jfree/data/KeyedObjects2D.java
	Line Number: 238
	Rank: 51
	Timestamp: 1662055462496
	Total Rank: 1428
	Dump: mutant-103_ts_1662055462496.class
------------------------------------------------
52.
	Mutator: InlineConstantMutator
	Description: Substituted 0 with 1
	File Name: org/jfree/chart/plot/CategoryPlot.java
	Line Number: 2867
	Rank: 52
	Timestamp: 1662054917363
	Total Rank: 1519
	Dump: mutant-110_ts_1662054917363.class
------------------------------------------------
53.
	Mutator: LocalToFieldAccessMutator
	Description: access to local columnCount is replaced by access to field weight
	File Name: org/jfree/chart/plot/CategoryPlot.java
	Line Number: 2865
	Rank: 55
	Timestamp: 1662054917363
	Total Rank: 1526
	Dump: mutant-126_ts_1662054917363.class
------------------------------------------------
54.
	Mutator: LocalToFieldAccessMutator
	Description: access to local rowCount is replaced by access to field weight
	File Name: org/jfree/chart/plot/CategoryPlot.java
	Line Number: 2867
	Rank: 55
	Timestamp: 1662054917363
	Total Rank: 1526
	Dump: mutant-147_ts_1662054917363.class
------------------------------------------------
55.
	Mutator: LocalToFieldAccessMutator
	Description: access to local column is replaced by access to field weight
	File Name: org/jfree/chart/plot/CategoryPlot.java
	Line Number: 2868
	Rank: 55
	Timestamp: 1662054917363
	Total Rank: 1526
	Dump: mutant-184_ts_1662054917363.class
------------------------------------------------
56.
	Mutator: VoidMethodCallMutator
	Description: removed call to org/jfree/chart/renderer/category/CategoryItemRenderer::drawItem
	File Name: org/jfree/chart/plot/CategoryPlot.java
	Line Number: 2868
	Rank: 56
	Timestamp: 1662054917363
	Total Rank: 1530
	Dump: mutant-195_ts_1662054917363.class
------------------------------------------------
57.
	Mutator: NegateConditionalsMutator
	Description: negated conditional
	File Name: org/jfree/chart/plot/CategoryPlot.java
	Line Number: 2865
	Rank: 58
	Timestamp: 1662054917363
	Total Rank: 1536
	Dump: mutant-20_ts_1662054917363.class
------------------------------------------------
58.
	Mutator: NegateConditionalsMutator
	Description: negated conditional
	File Name: org/jfree/chart/plot/CategoryPlot.java
	Line Number: 2867
	Rank: 58
	Timestamp: 1662054917363
	Total Rank: 1536
	Dump: mutant-25_ts_1662054917363.class
------------------------------------------------
59.
	Mutator: LocalNameMutator
	Description: local column is replaced by local pass to be used
	File Name: org/jfree/chart/plot/CategoryPlot.java
	Line Number: 2868
	Rank: 69
	Timestamp: 1662054917362
	Total Rank: 1576
	Dump: mutant-1_ts_1662054917362.class
------------------------------------------------
60.
	Mutator: LocalNameMutator
	Description: local columnCount is replaced by local index to be used
	File Name: org/jfree/chart/plot/CategoryPlot.java
	Line Number: 2865
	Rank: 69
	Timestamp: 1662054917362
	Total Rank: 1576
	Dump: mutant-2_ts_1662054917362.class
------------------------------------------------
61.
	Mutator: LocalNameMutator
	Description: local columnCount is replaced by local pass to be used
	File Name: org/jfree/chart/plot/CategoryPlot.java
	Line Number: 2865
	Rank: 69
	Timestamp: 1662054917362
	Total Rank: 1576
	Dump: mutant-15_ts_1662054917362.class
------------------------------------------------
62.
	Mutator: LocalNameMutator
	Description: local rowCount is replaced by local index to be used
	File Name: org/jfree/chart/plot/CategoryPlot.java
	Line Number: 2867
	Rank: 69
	Timestamp: 1662054917362
	Total Rank: 1576
	Dump: mutant-83_ts_1662054917362.class
------------------------------------------------
63.
	Mutator: LocalNameMutator
	Description: local column is replaced by local index to be used
	File Name: org/jfree/chart/plot/CategoryPlot.java
	Line Number: 2868
	Rank: 69
	Timestamp: 1662054917362
	Total Rank: 1576
	Dump: mutant-97_ts_1662054917362.class
------------------------------------------------
64.
	Mutator: LocalNameMutator
	Description: local rowCount is replaced by local row to be used
	File Name: org/jfree/chart/plot/CategoryPlot.java
	Line Number: 2867
	Rank: 69
	Timestamp: 1662054917362
	Total Rank: 1576
	Dump: mutant-130_ts_1662054917362.class
------------------------------------------------
65.
	Mutator: LocalNameMutator
	Description: local columnCount is replaced by local column to be used
	File Name: org/jfree/chart/plot/CategoryPlot.java
	Line Number: 2865
	Rank: 69
	Timestamp: 1662054917362
	Total Rank: 1576
	Dump: mutant-137_ts_1662054917362.class
------------------------------------------------
66.
	Mutator: LocalNameMutator
	Description: local row is replaced by local rowCount to be used
	File Name: org/jfree/chart/plot/CategoryPlot.java
	Line Number: 2867
	Rank: 69
	Timestamp: 1662054917362
	Total Rank: 1576
	Dump: mutant-157_ts_1662054917362.class
------------------------------------------------
67.
	Mutator: LocalNameMutator
	Description: local column is replaced by local columnCount to be used
	File Name: org/jfree/chart/plot/CategoryPlot.java
	Line Number: 2865
	Rank: 69
	Timestamp: 1662054917362
	Total Rank: 1576
	Dump: mutant-158_ts_1662054917362.class
------------------------------------------------
68.
	Mutator: LocalNameMutator
	Description: local rowCount is replaced by local pass to be used
	File Name: org/jfree/chart/plot/CategoryPlot.java
	Line Number: 2867
	Rank: 69
	Timestamp: 1662054917362
	Total Rank: 1576
	Dump: mutant-177_ts_1662054917362.class
------------------------------------------------
69.
	Mutator: LocalNameMutator
	Description: local columnCount is replaced by local passCount to be used
	File Name: org/jfree/chart/plot/CategoryPlot.java
	Line Number: 2865
	Rank: 69
	Timestamp: 1662054917362
	Total Rank: 1576
	Dump: mutant-205_ts_1662054917362.class
------------------------------------------------
70.
	Mutator: RemoveConditionalMutator_ORDER_ELSE
	Description: removed conditional - replaced comparison check with false
	File Name: org/jfree/chart/plot/CategoryPlot.java
	Line Number: 2867
	Rank: 71
	Timestamp: 1662054917363
	Total Rank: 1580
	Dump: mutant-34_ts_1662054917363.class
------------------------------------------------
71.
	Mutator: RemoveConditionalMutator_ORDER_ELSE
	Description: removed conditional - replaced comparison check with false
	File Name: org/jfree/chart/plot/CategoryPlot.java
	Line Number: 2865
	Rank: 71
	Timestamp: 1662054917363
	Total Rank: 1580
	Dump: mutant-35_ts_1662054917363.class
------------------------------------------------
72.
	Mutator: MethodNameMutator
	Description: the call to factory method org.jfree.chart.JFreeChart.createBufferedImage(IIILorg/jfree/chart/ChartRenderingInfo;)Ljava/awt/image/BufferedImage; is replaced by an instantiation of type java.awt.image.BufferedImage using (III)V
	File Name: org/jfree/chart/JFreeChart.java
	Line Number: 1373
	Rank: 72
	Timestamp: 1662055239140
	Total Rank: 2115
	Dump: mutant-135_ts_1662055239140.class
------------------------------------------------
73.
	Mutator: ArgumentsListMutator
	Description: replaced call to <init>(DDDD)V with a call to <init>()V
	File Name: org/jfree/chart/JFreeChart.java
	Line Number: 1393
	Rank: 74
	Timestamp: 1662055239139
	Total Rank: 2151
	Dump: mutant-26_ts_1662055239139.class
------------------------------------------------
74.
	Mutator: ArgumentsListMutator
	Description: replaced call to createBufferedImage(IIILorg/jfree/chart/ChartRenderingInfo;)Ljava/awt/image/BufferedImage; with a call to createBufferedImage(IIDDLorg/jfree/chart/ChartRenderingInfo;)Ljava/awt/image/BufferedImage;
	File Name: org/jfree/chart/JFreeChart.java
	Line Number: 1373
	Rank: 74
	Timestamp: 1662055239140
	Total Rank: 2151
	Dump: mutant-33_ts_1662055239140.class
------------------------------------------------
75.
	Mutator: InlineConstantMutator
	Description: Substituted 0 with 1
	File Name: org/jfree/chart/plot/CategoryPlot.java
	Line Number: 2863
	Rank: 75
	Timestamp: 1662054917363
	Total Rank: 2170
	Dump: mutant-113_ts_1662054917363.class
------------------------------------------------
76.
	Mutator: LocalToFieldAccessMutator
	Description: access to local height is replaced by access to field backgroundImageAlignment
	File Name: org/jfree/chart/JFreeChart.java
	Line Number: 1373
	Rank: 80
	Timestamp: 1662055239140
	Total Rank: 2273
	Dump: mutant-68_ts_1662055239140.class
------------------------------------------------
77.
	Mutator: LocalToFieldAccessMutator
	Description: access to local height is replaced by access to field backgroundImageAlignment
	File Name: org/jfree/chart/JFreeChart.java
	Line Number: 1393
	Rank: 80
	Timestamp: 1662055239140
	Total Rank: 2273
	Dump: mutant-73_ts_1662055239140.class
------------------------------------------------
78.
	Mutator: LocalToFieldAccessMutator
	Description: access to local height is replaced by access to field DEFAULT_BACKGROUND_IMAGE_ALIGNMENT
	File Name: org/jfree/chart/JFreeChart.java
	Line Number: 1393
	Rank: 80
	Timestamp: 1662055239140
	Total Rank: 2273
	Dump: mutant-109_ts_1662055239140.class
------------------------------------------------
79.
	Mutator: LocalToFieldAccessMutator
	Description: access to local height is replaced by access to field DEFAULT_BACKGROUND_IMAGE_ALIGNMENT
	File Name: org/jfree/chart/JFreeChart.java
	Line Number: 1373
	Rank: 80
	Timestamp: 1662055239140
	Total Rank: 2273
	Dump: mutant-116_ts_1662055239140.class
------------------------------------------------
80.
	Mutator: LocalToFieldAccessMutator
	Description: access to local passCount is replaced by access to field weight
	File Name: org/jfree/chart/plot/CategoryPlot.java
	Line Number: 2863
	Rank: 80
	Timestamp: 1662054917362
	Total Rank: 2273
	Dump: mutant-192_ts_1662054917362.class
------------------------------------------------
81.
	Mutator: VoidMethodCallMutator
	Description: removed call to org/jfree/chart/JFreeChart::draw
	File Name: org/jfree/chart/JFreeChart.java
	Line Number: 1393
	Rank: 81
	Timestamp: 1662055239140
	Total Rank: 2322
	Dump: mutant-120_ts_1662055239140.class
------------------------------------------------
82.
	Mutator: NegateConditionalsMutator
	Description: negated conditional
	File Name: org/jfree/chart/plot/CategoryPlot.java
	Line Number: 2863
	Rank: 82
	Timestamp: 1662054917363
	Total Rank: 2359
	Dump: mutant-21_ts_1662054917363.class
------------------------------------------------
83.
	Mutator: LocalNameMutator
	Description: local width is replaced by local imageType to be used
	File Name: org/jfree/chart/JFreeChart.java
	Line Number: 1393
	Rank: 88
	Timestamp: 1662055239140
	Total Rank: 2437
	Dump: mutant-79_ts_1662055239140.class
------------------------------------------------
84.
	Mutator: LocalNameMutator
	Description: local pass is replaced by local passCount to be used
	File Name: org/jfree/chart/plot/CategoryPlot.java
	Line Number: 2863
	Rank: 88
	Timestamp: 1662054917362
	Total Rank: 2437
	Dump: mutant-81_ts_1662054917362.class
------------------------------------------------
85.
	Mutator: LocalNameMutator
	Description: local pass is replaced by local columnCount to be used
	File Name: org/jfree/chart/plot/CategoryPlot.java
	Line Number: 2863
	Rank: 88
	Timestamp: 1662054917362
	Total Rank: 2437
	Dump: mutant-170_ts_1662054917362.class
------------------------------------------------
86.
	Mutator: LocalNameMutator
	Description: local passCount is replaced by local pass to be used
	File Name: org/jfree/chart/plot/CategoryPlot.java
	Line Number: 2863
	Rank: 88
	Timestamp: 1662054917362
	Total Rank: 2437
	Dump: mutant-171_ts_1662054917362.class
------------------------------------------------
87.
	Mutator: LocalNameMutator
	Description: local passCount is replaced by local index to be used
	File Name: org/jfree/chart/plot/CategoryPlot.java
	Line Number: 2863
	Rank: 88
	Timestamp: 1662054917362
	Total Rank: 2437
	Dump: mutant-181_ts_1662054917362.class
------------------------------------------------
88.
	Mutator: LocalNameMutator
	Description: local height is replaced by local imageType to be used
	File Name: org/jfree/chart/JFreeChart.java
	Line Number: 1393
	Rank: 88
	Timestamp: 1662055239140
	Total Rank: 2437
	Dump: mutant-186_ts_1662055239140.class
------------------------------------------------
89.
	Mutator: NonVoidMethodCallMutator
	Description: removed call to org/jfree/data/category/CategoryDataset::getColumnCount
	File Name: org/jfree/chart/plot/CategoryPlot.java
	Line Number: 2860
	Rank: 92
	Timestamp: 1662054917363
	Total Rank: 2515
	Dump: mutant-4_ts_1662054917363.class
------------------------------------------------
90.
	Mutator: NonVoidMethodCallMutator
	Description: removed call to org/jfree/chart/renderer/category/CategoryItemRenderer::getPassCount
	File Name: org/jfree/chart/plot/CategoryPlot.java
	Line Number: 2862
	Rank: 92
	Timestamp: 1662054917363
	Total Rank: 2515
	Dump: mutant-92_ts_1662054917363.class
------------------------------------------------
91.
	Mutator: NonVoidMethodCallMutator
	Description: removed call to org/jfree/chart/JFreeChart::createBufferedImage
	File Name: org/jfree/chart/JFreeChart.java
	Line Number: 1373
	Rank: 92
	Timestamp: 1662055239140
	Total Rank: 2515
	Dump: mutant-93_ts_1662055239140.class
------------------------------------------------
92.
	Mutator: NonVoidMethodCallMutator
	Description: removed call to org/jfree/data/category/CategoryDataset::getRowCount
	File Name: org/jfree/chart/plot/CategoryPlot.java
	Line Number: 2861
	Rank: 92
	Timestamp: 1662054917363
	Total Rank: 2515
	Dump: mutant-142_ts_1662054917363.class
------------------------------------------------
93.
	Mutator: RemoveConditionalMutator_ORDER_ELSE
	Description: removed conditional - replaced comparison check with false
	File Name: org/jfree/chart/plot/CategoryPlot.java
	Line Number: 2863
	Rank: 93
	Timestamp: 1662054917363
	Total Rank: 2521
	Dump: mutant-37_ts_1662054917363.class
------------------------------------------------
94.
	Mutator: InlineConstantMutator
	Description: Substituted 0 with 1
	File Name: org/jfree/data/general/DatasetUtilities.java
	Line Number: 577
	Rank: 95
	Timestamp: 1662055494647
	Total Rank: 2670
	Dump: mutant-138_ts_1662055494647.class
------------------------------------------------
95.
	Mutator: InlineConstantMutator
	Description: Substituted 0 with 1
	File Name: org/jfree/data/general/DatasetUtilities.java
	Line Number: 574
	Rank: 95
	Timestamp: 1662055494647
	Total Rank: 2670
	Dump: mutant-139_ts_1662055494647.class
------------------------------------------------
96.
	Mutator: RemoveConditionalMutator_EQUAL_ELSE
	Description: removed conditional - replaced equality check with false
	File Name: org/jfree/data/general/DatasetUtilities.java
	Line Number: 576
	Rank: 96
	Timestamp: 1662055494647
	Total Rank: 2696
	Dump: mutant-129_ts_1662055494647.class
------------------------------------------------
97.
	Mutator: ReturnValsMutator
	Description: replaced return of integer sized value with (x == 0 ? 1 : 0)
	File Name: org/jfree/data/general/DatasetUtilities.java
	Line Number: 577
	Rank: 97
	Timestamp: 1662055494647
	Total Rank: 2698
	Dump: mutant-124_ts_1662055494647.class
------------------------------------------------
98.
	Mutator: NegateConditionalsMutator
	Description: negated conditional
	File Name: org/jfree/data/general/DatasetUtilities.java
	Line Number: 575
	Rank: 99
	Timestamp: 1662055494647
	Total Rank: 2724
	Dump: mutant-10_ts_1662055494647.class
------------------------------------------------
99.
	Mutator: NegateConditionalsMutator
	Description: negated conditional
	File Name: org/jfree/data/general/DatasetUtilities.java
	Line Number: 574
	Rank: 99
	Timestamp: 1662055494647
	Total Rank: 2724
	Dump: mutant-11_ts_1662055494647.class
------------------------------------------------
100.
	Mutator: LocalNameMutator
	Description: local columnCount is replaced by local r to be used
	File Name: org/jfree/data/general/DatasetUtilities.java
	Line Number: 575
	Rank: 105
	Timestamp: 1662055494646
	Total Rank: 2745
	Dump: mutant-18_ts_1662055494646.class
------------------------------------------------
101.
	Mutator: LocalNameMutator
	Description: local rowCount is replaced by local r to be used
	File Name: org/jfree/data/general/DatasetUtilities.java
	Line Number: 574
	Rank: 105
	Timestamp: 1662055494646
	Total Rank: 2745
	Dump: mutant-40_ts_1662055494646.class
------------------------------------------------
102.
	Mutator: LocalNameMutator
	Description: local r is replaced by local rowCount to be used
	File Name: org/jfree/data/general/DatasetUtilities.java
	Line Number: 574
	Rank: 105
	Timestamp: 1662055494646
	Total Rank: 2745
	Dump: mutant-43_ts_1662055494646.class
------------------------------------------------
103.
	Mutator: LocalNameMutator
	Description: local c is replaced by local columnCount to be used
	File Name: org/jfree/data/general/DatasetUtilities.java
	Line Number: 575
	Rank: 105
	Timestamp: 1662055494646
	Total Rank: 2745
	Dump: mutant-50_ts_1662055494646.class
------------------------------------------------
104.
	Mutator: LocalNameMutator
	Description: local r is replaced by local columnCount to be used
	File Name: org/jfree/data/general/DatasetUtilities.java
	Line Number: 574
	Rank: 105
	Timestamp: 1662055494646
	Total Rank: 2745
	Dump: mutant-86_ts_1662055494646.class
------------------------------------------------
105.
	Mutator: LocalNameMutator
	Description: local columnCount is replaced by local c to be used
	File Name: org/jfree/data/general/DatasetUtilities.java
	Line Number: 575
	Rank: 105
	Timestamp: 1662055494646
	Total Rank: 2745
	Dump: mutant-117_ts_1662055494646.class
------------------------------------------------
106.
	Mutator: BooleanTrueReturnValsMutator
	Description: replaced boolean return with true for org/jfree/data/general/DatasetUtilities::isEmptyOrNull
	File Name: org/jfree/data/general/DatasetUtilities.java
	Line Number: 577
	Rank: 106
	Timestamp: 1662055494647
	Total Rank: 2749
	Dump: mutant-45_ts_1662055494647.class
------------------------------------------------
107.
	Mutator: NonVoidMethodCallMutator
	Description: removed call to org/jfree/data/category/CategoryDataset::getValue
	File Name: org/jfree/data/general/DatasetUtilities.java
	Line Number: 576
	Rank: 107
	Timestamp: 1662055494647
	Total Rank: 2765
	Dump: mutant-70_ts_1662055494647.class
------------------------------------------------
108.
	Mutator: RemoveConditionalMutator_ORDER_ELSE
	Description: removed conditional - replaced comparison check with false
	File Name: org/jfree/data/general/DatasetUtilities.java
	Line Number: 575
	Rank: 109
	Timestamp: 1662055494647
	Total Rank: 2767
	Dump: mutant-101_ts_1662055494647.class
------------------------------------------------
109.
	Mutator: RemoveConditionalMutator_ORDER_ELSE
	Description: removed conditional - replaced comparison check with false
	File Name: org/jfree/data/general/DatasetUtilities.java
	Line Number: 574
	Rank: 109
	Timestamp: 1662055494647
	Total Rank: 2767
	Dump: mutant-102_ts_1662055494647.class
------------------------------------------------
110.
	Mutator: RemoveConditionalMutator_EQUAL_IF
	Description: removed conditional - replaced equality check with true
	File Name: org/jfree/chart/plot/CategoryPlot.java
	Line Number: 2560
	Rank: 111
	Timestamp: 1662054917360
	Total Rank: 4131
	Dump: mutant-197_ts_1662054917360.class
------------------------------------------------
111.
	Mutator: RemoveConditionalMutator_EQUAL_IF
	Description: removed conditional - replaced equality check with true
	File Name: org/jfree/data/general/DatasetUtilities.java
	Line Number: 570
	Rank: 111
	Timestamp: 1662055494647
	Total Rank: 4131
	Dump: mutant-202_ts_1662055494647.class
------------------------------------------------
112.
	Mutator: MethodNameMutator
	Description: the call to factory method org.jfree.chart.plot.CategoryPlot.getRenderer(I)Lorg/jfree/chart/renderer/category/CategoryItemRenderer; is replaced by an instantiation of type org.jfree.chart.renderer.category.IntervalBarRenderer using ()V
	File Name: org/jfree/chart/plot/CategoryPlot.java
	Line Number: 2851
	Rank: 113
	Timestamp: 1662054917362
	Total Rank: 4425
	Dump: mutant-90_ts_1662054917362.class
------------------------------------------------
113.
	Mutator: MethodNameMutator
	Description: the call to factory method org.jfree.chart.plot.CategoryPlot.getDataset(I)Lorg/jfree/data/category/CategoryDataset; is replaced by an instantiation of type org.jfree.data.category.DefaultCategoryDataset using ()V
	File Name: org/jfree/chart/plot/CategoryPlot.java
	Line Number: 2850
	Rank: 113
	Timestamp: 1662054917362
	Total Rank: 4425
	Dump: mutant-200_ts_1662054917362.class
------------------------------------------------
114.
	Mutator: ConditionalsBoundaryMutator
	Description: changed conditional boundary
	File Name: org/jfree/chart/plot/CategoryPlot.java
	Line Number: 2672
	Rank: 114
	Timestamp: 1662054917360
	Total Rank: 4441
	Dump: mutant-189_ts_1662054917360.class
------------------------------------------------
115.
	Mutator: ArgumentsListMutator
	Description: replaced call to isEmptyOrNull(Lorg/jfree/data/category/CategoryDataset;)Z with a call to isEmptyOrNull(Lorg/jfree/data/general/PieDataset;)Z
	File Name: org/jfree/chart/plot/CategoryPlot.java
	Line Number: 2854
	Rank: 116
	Timestamp: 1662054917362
	Total Rank: 4506
	Dump: mutant-123_ts_1662054917362.class
------------------------------------------------
116.
	Mutator: ArgumentsListMutator
	Description: replaced call to isEmptyOrNull(Lorg/jfree/data/category/CategoryDataset;)Z with a call to isEmptyOrNull(Lorg/jfree/data/xy/XYDataset;)Z
	File Name: org/jfree/chart/plot/CategoryPlot.java
	Line Number: 2854
	Rank: 116
	Timestamp: 1662054917362
	Total Rank: 4506
	Dump: mutant-150_ts_1662054917362.class
------------------------------------------------
117.
	Mutator: InlineConstantMutator
	Description: Substituted 1 with 0
	File Name: org/jfree/chart/plot/CategoryPlot.java
	Line Number: 2854
	Rank: 119
	Timestamp: 1662054917363
	Total Rank: 4541
	Dump: mutant-9_ts_1662054917363.class
------------------------------------------------
118.
	Mutator: InlineConstantMutator
	Description: Substituted 0 with 1
	File Name: org/jfree/chart/plot/CategoryPlot.java
	Line Number: 2559
	Rank: 119
	Timestamp: 1662054917360
	Total Rank: 4541
	Dump: mutant-74_ts_1662054917360.class
------------------------------------------------
119.
	Mutator: InlineConstantMutator
	Description: Substituted 0 with 1
	File Name: org/jfree/chart/plot/CategoryPlot.java
	Line Number: 2558
	Rank: 119
	Timestamp: 1662054917360
	Total Rank: 4541
	Dump: mutant-75_ts_1662054917360.class
------------------------------------------------
120.
	Mutator: LocalToFieldAccessMutator
	Description: access to local hasData is replaced by access to field DEFAULT_CROSSHAIR_VISIBLE
	File Name: org/jfree/chart/plot/CategoryPlot.java
	Line Number: 2855
	Rank: 125
	Timestamp: 1662054917363
	Total Rank: 4677
	Dump: mutant-61_ts_1662054917363.class
------------------------------------------------
121.
	Mutator: LocalToFieldAccessMutator
	Description: access to local b2 is replaced by access to field DEFAULT_RANGE_GRIDLINES_VISIBLE
	File Name: org/jfree/chart/plot/CategoryPlot.java
	Line Number: 2560
	Rank: 125
	Timestamp: 1662054917360
	Total Rank: 4677
	Dump: mutant-118_ts_1662054917360.class
------------------------------------------------
122.
	Mutator: LocalToFieldAccessMutator
	Description: access to local b1 is replaced by access to field DEFAULT_RANGE_GRIDLINES_VISIBLE
	File Name: org/jfree/chart/plot/CategoryPlot.java
	Line Number: 2560
	Rank: 125
	Timestamp: 1662054917360
	Total Rank: 4677
	Dump: mutant-122_ts_1662054917360.class
------------------------------------------------
123.
	Mutator: LocalToFieldAccessMutator
	Description: access to local hasData is replaced by access to field DEFAULT_DOMAIN_GRIDLINES_VISIBLE
	File Name: org/jfree/chart/plot/CategoryPlot.java
	Line Number: 2855
	Rank: 125
	Timestamp: 1662054917362
	Total Rank: 4677
	Dump: mutant-160_ts_1662054917362.class
------------------------------------------------
124.
	Mutator: LocalToFieldAccessMutator
	Description: access to local hasData is replaced by access to field drawSharedDomainAxis
	File Name: org/jfree/chart/plot/CategoryPlot.java
	Line Number: 2855
	Rank: 125
	Timestamp: 1662054917363
	Total Rank: 4677
	Dump: mutant-168_ts_1662054917363.class
------------------------------------------------
125.
	Mutator: LocalToFieldAccessMutator
	Description: access to local hasData is replaced by access to field domainGridlinesVisible
	File Name: org/jfree/chart/plot/CategoryPlot.java
	Line Number: 2855
	Rank: 125
	Timestamp: 1662054917363
	Total Rank: 4677
	Dump: mutant-187_ts_1662054917363.class
------------------------------------------------
126.
	Mutator: RemoveConditionalMutator_EQUAL_ELSE
	Description: removed conditional - replaced equality check with false
	File Name: org/jfree/chart/plot/CategoryPlot.java
	Line Number: 2560
	Rank: 129
	Timestamp: 1662054917360
	Total Rank: 4752
	Dump: mutant-64_ts_1662054917360.class
------------------------------------------------
127.
	Mutator: RemoveConditionalMutator_EQUAL_ELSE
	Description: removed conditional - replaced equality check with false
	File Name: org/jfree/data/general/DatasetUtilities.java
	Line Number: 570
	Rank: 129
	Timestamp: 1662055494647
	Total Rank: 4752
	Dump: mutant-127_ts_1662055494647.class
------------------------------------------------
128.
	Mutator: RemoveConditionalMutator_EQUAL_ELSE
	Description: removed conditional - replaced equality check with false
	File Name: org/jfree/chart/plot/CategoryPlot.java
	Line Number: 2854
	Rank: 129
	Timestamp: 1662054917363
	Total Rank: 4752
	Dump: mutant-190_ts_1662054917363.class
------------------------------------------------
129.
	Mutator: RemoveConditionalMutator_EQUAL_ELSE
	Description: removed conditional - replaced equality check with false
	File Name: org/jfree/chart/plot/CategoryPlot.java
	Line Number: 2855
	Rank: 129
	Timestamp: 1662054917363
	Total Rank: 4752
	Dump: mutant-191_ts_1662054917363.class
------------------------------------------------
130.
	Mutator: RemoveConditionalMutator_ORDER_IF
	Description: removed conditional - replaced comparison check with true
	File Name: org/jfree/chart/plot/CategoryPlot.java
	Line Number: 2559
	Rank: 131
	Timestamp: 1662054917360
	Total Rank: 4818
	Dump: mutant-114_ts_1662054917360.class
------------------------------------------------
131.
	Mutator: RemoveConditionalMutator_ORDER_IF
	Description: removed conditional - replaced comparison check with true
	File Name: org/jfree/chart/plot/CategoryPlot.java
	Line Number: 2558
	Rank: 131
	Timestamp: 1662054917360
	Total Rank: 4818
	Dump: mutant-115_ts_1662054917360.class
------------------------------------------------
132.
	Mutator: NegateConditionalsMutator
	Description: negated conditional
	File Name: org/jfree/data/general/DatasetUtilities.java
	Line Number: 570
	Rank: 137
	Timestamp: 1662055494647
	Total Rank: 4929
	Dump: mutant-13_ts_1662055494647.class
------------------------------------------------
133.
	Mutator: NegateConditionalsMutator
	Description: negated conditional
	File Name: org/jfree/chart/plot/CategoryPlot.java
	Line Number: 2855
	Rank: 137
	Timestamp: 1662054917363
	Total Rank: 4929
	Dump: mutant-23_ts_1662054917363.class
------------------------------------------------
134.
	Mutator: NegateConditionalsMutator
	Description: negated conditional
	File Name: org/jfree/chart/plot/CategoryPlot.java
	Line Number: 2672
	Rank: 137
	Timestamp: 1662054917360
	Total Rank: 4929
	Dump: mutant-56_ts_1662054917360.class
------------------------------------------------
135.
	Mutator: NegateConditionalsMutator
	Description: negated conditional
	File Name: org/jfree/chart/plot/CategoryPlot.java
	Line Number: 2560
	Rank: 137
	Timestamp: 1662054917360
	Total Rank: 4929
	Dump: mutant-59_ts_1662054917360.class
------------------------------------------------
136.
	Mutator: NegateConditionalsMutator
	Description: negated conditional
	File Name: org/jfree/chart/plot/CategoryPlot.java
	Line Number: 2558
	Rank: 137
	Timestamp: 1662054917360
	Total Rank: 4929
	Dump: mutant-60_ts_1662054917360.class
------------------------------------------------
137.
	Mutator: NegateConditionalsMutator
	Description: negated conditional
	File Name: org/jfree/chart/plot/CategoryPlot.java
	Line Number: 2559
	Rank: 137
	Timestamp: 1662054917360
	Total Rank: 4929
	Dump: mutant-62_ts_1662054917360.class
------------------------------------------------
138.
	Mutator: LocalNameMutator
	Description: local i is replaced by local datasetCount to be used
	File Name: org/jfree/chart/plot/CategoryPlot.java
	Line Number: 2673
	Rank: 139
	Timestamp: 1662054917360
	Total Rank: 4974
	Dump: mutant-14_ts_1662054917360.class
------------------------------------------------
139.
	Mutator: LocalNameMutator
	Description: local hasData is replaced by local foundData to be used
	File Name: org/jfree/chart/plot/CategoryPlot.java
	Line Number: 2855
	Rank: 139
	Timestamp: 1662054917362
	Total Rank: 4974
	Dump: mutant-88_ts_1662054917362.class
------------------------------------------------
140.
	Mutator: NonVoidMethodCallMutator
	Description: removed call to org/jfree/data/category/CategoryDataset::getColumnCount
	File Name: org/jfree/data/general/DatasetUtilities.java
	Line Number: 569
	Rank: 147
	Timestamp: 1662055494647
	Total Rank: 5139
	Dump: mutant-5_ts_1662055494647.class
------------------------------------------------
141.
	Mutator: NonVoidMethodCallMutator
	Description: removed call to java/awt/geom/Rectangle2D::getWidth
	File Name: org/jfree/chart/plot/CategoryPlot.java
	Line Number: 2558
	Rank: 147
	Timestamp: 1662054917360
	Total Rank: 5139
	Dump: mutant-8_ts_1662054917360.class
------------------------------------------------
142.
	Mutator: NonVoidMethodCallMutator
	Description: removed call to org/jfree/chart/util/ObjectList::size
	File Name: org/jfree/chart/plot/CategoryPlot.java
	Line Number: 2672
	Rank: 147
	Timestamp: 1662054917360
	Total Rank: 5139
	Dump: mutant-30_ts_1662054917360.class
------------------------------------------------
143.
	Mutator: NonVoidMethodCallMutator
	Description: removed call to org/jfree/chart/plot/CategoryPlot::getDataset
	File Name: org/jfree/chart/plot/CategoryPlot.java
	Line Number: 2850
	Rank: 147
	Timestamp: 1662054917363
	Total Rank: 5139
	Dump: mutant-38_ts_1662054917363.class
------------------------------------------------
144.
	Mutator: NonVoidMethodCallMutator
	Description: removed call to org/jfree/chart/plot/CategoryPlot::render
	File Name: org/jfree/chart/plot/CategoryPlot.java
	Line Number: 2673
	Rank: 147
	Timestamp: 1662054917360
	Total Rank: 5139
	Dump: mutant-108_ts_1662054917360.class
------------------------------------------------
145.
	Mutator: NonVoidMethodCallMutator
	Description: removed call to org/jfree/chart/plot/CategoryPlot::getRenderer
	File Name: org/jfree/chart/plot/CategoryPlot.java
	Line Number: 2851
	Rank: 147
	Timestamp: 1662054917363
	Total Rank: 5139
	Dump: mutant-131_ts_1662054917363.class
------------------------------------------------
146.
	Mutator: NonVoidMethodCallMutator
	Description: removed call to java/awt/geom/Rectangle2D::getHeight
	File Name: org/jfree/chart/plot/CategoryPlot.java
	Line Number: 2559
	Rank: 147
	Timestamp: 1662054917360
	Total Rank: 5139
	Dump: mutant-141_ts_1662054917360.class
------------------------------------------------
147.
	Mutator: NonVoidMethodCallMutator
	Description: removed call to org/jfree/data/category/CategoryDataset::getRowCount
	File Name: org/jfree/data/general/DatasetUtilities.java
	Line Number: 568
	Rank: 147
	Timestamp: 1662055494647
	Total Rank: 5139
	Dump: mutant-185_ts_1662055494647.class
------------------------------------------------
148.
	Mutator: RemoveConditionalMutator_ORDER_ELSE
	Description: removed conditional - replaced comparison check with false
	File Name: org/jfree/chart/plot/CategoryPlot.java
	Line Number: 2672
	Rank: 148
	Timestamp: 1662054917360
	Total Rank: 5157
	Dump: mutant-72_ts_1662054917360.class
------------------------------------------------
149.
	Mutator: RemoveConditionalMutator_EQUAL_IF
	Description: removed conditional - replaced equality check with true
	File Name: org/jfree/data/general/DatasetUtilities.java
	Line Number: 564
	Rank: 149
	Timestamp: 1662055494647
	Total Rank: 5171
	Dump: mutant-194_ts_1662055494647.class
------------------------------------------------
150.
	Mutator: FieldToLocalAccessMutator
	Description: access to field height is replaced by access to local hh
	File Name: org/jfree/chart/JFreeChart.java
	Line Number: 1319
	Rank: 151
	Timestamp: 1662055239141
	Total Rank: 11804
	Dump: mutant-78_ts_1662055239141.class
------------------------------------------------
151.
	Mutator: FieldToLocalAccessMutator
	Description: access to field height is replaced by access to local ww
	File Name: org/jfree/chart/JFreeChart.java
	Line Number: 1319
	Rank: 151
	Timestamp: 1662055239141
	Total Rank: 11804
	Dump: mutant-82_ts_1662055239141.class
------------------------------------------------
152.
	Mutator: LocalNameMutator
	Description: local area is replaced by local titleArea to be used
	File Name: org/jfree/chart/JFreeChart.java
	Line Number: 1318
	Rank: 152
	Timestamp: 1662055239141
	Total Rank: 12125
	Dump: mutant-193_ts_1662055239141.class
------------------------------------------------
153.
	Mutator: NonVoidMethodCallMutator
	Description: removed call to java/awt/geom/Rectangle2D::getHeight
	File Name: org/jfree/chart/JFreeChart.java
	Line Number: 1319
	Rank: 154
	Timestamp: 1662055239141
	Total Rank: 12213
	Dump: mutant-16_ts_1662055239141.class
------------------------------------------------
154.
	Mutator: NonVoidMethodCallMutator
	Description: removed call to java/awt/geom/Rectangle2D::getWidth
	File Name: org/jfree/chart/JFreeChart.java
	Line Number: 1318
	Rank: 154
	Timestamp: 1662055239141
	Total Rank: 12213
	Dump: mutant-204_ts_1662055239141.class
------------------------------------------------
155.
	Mutator: LocalToMethodCallMutator
	Description: the access to the local nonTitleArea is replaced a call nonTitleArea.getBounds2D()
	File Name: org/jfree/chart/JFreeChart.java
	Line Number: 1187
	Rank: 155
	Timestamp: 1662055239140
	Total Rank: 12940
	Dump: mutant-152_ts_1662055239140.class
------------------------------------------------
156.
	Mutator: MethodNameMutator
	Description: replaced call to calculateTopInset with a call to trimHeight
	File Name: org/jfree/chart/util/RectangleInsets.java
	Line Number: 526
	Rank: 167
	Timestamp: 1662055265292
	Total Rank: 13288
	Dump: mutant-19_ts_1662055265292.class
------------------------------------------------
157.
	Mutator: MethodNameMutator
	Description: replaced call to calculateRightInset with a call to extendWidth
	File Name: org/jfree/chart/util/RectangleInsets.java
	Line Number: 525
	Rank: 167
	Timestamp: 1662055265292
	Total Rank: 13288
	Dump: mutant-29_ts_1662055265292.class
------------------------------------------------
158.
	Mutator: MethodNameMutator
	Description: replaced call to calculateRightInset with a call to trimWidth
	File Name: org/jfree/chart/util/RectangleInsets.java
	Line Number: 525
	Rank: 167
	Timestamp: 1662055265291
	Total Rank: 13288
	Dump: mutant-31_ts_1662055265291.class
------------------------------------------------
159.
	Mutator: MethodNameMutator
	Description: replaced call to calculateLeftInset with a call to trimWidth
	File Name: org/jfree/chart/util/RectangleInsets.java
	Line Number: 524
	Rank: 167
	Timestamp: 1662055265291
	Total Rank: 13288
	Dump: mutant-80_ts_1662055265291.class
------------------------------------------------
160.
	Mutator: MethodNameMutator
	Description: replaced call to calculateLeftInset with a call to extendWidth
	File Name: org/jfree/chart/util/RectangleInsets.java
	Line Number: 524
	Rank: 167
	Timestamp: 1662055265292
	Total Rank: 13288
	Dump: mutant-85_ts_1662055265292.class
------------------------------------------------
161.
	Mutator: MethodNameMutator
	Description: replaced call to calculateBottomInset with a call to extendWidth
	File Name: org/jfree/chart/util/RectangleInsets.java
	Line Number: 527
	Rank: 167
	Timestamp: 1662055265292
	Total Rank: 13288
	Dump: mutant-89_ts_1662055265292.class
------------------------------------------------
162.
	Mutator: MethodNameMutator
	Description: replaced call to calculateBottomInset with a call to trimHeight
	File Name: org/jfree/chart/util/RectangleInsets.java
	Line Number: 527
	Rank: 167
	Timestamp: 1662055265292
	Total Rank: 13288
	Dump: mutant-111_ts_1662055265292.class
------------------------------------------------
163.
	Mutator: MethodNameMutator
	Description: replaced call to calculateTopInset with a call to trimWidth
	File Name: org/jfree/chart/util/RectangleInsets.java
	Line Number: 526
	Rank: 167
	Timestamp: 1662055265292
	Total Rank: 13288
	Dump: mutant-125_ts_1662055265292.class
------------------------------------------------
164.
	Mutator: MethodNameMutator
	Description: replaced call to calculateRightInset with a call to trimHeight
	File Name: org/jfree/chart/util/RectangleInsets.java
	Line Number: 525
	Rank: 167
	Timestamp: 1662055265292
	Total Rank: 13288
	Dump: mutant-136_ts_1662055265292.class
------------------------------------------------
165.
	Mutator: MethodNameMutator
	Description: replaced call to calculateBottomInset with a call to trimWidth
	File Name: org/jfree/chart/util/RectangleInsets.java
	Line Number: 527
	Rank: 167
	Timestamp: 1662055265292
	Total Rank: 13288
	Dump: mutant-140_ts_1662055265292.class
------------------------------------------------
166.
	Mutator: MethodNameMutator
	Description: replaced call to calculateLeftInset with a call to trimHeight
	File Name: org/jfree/chart/util/RectangleInsets.java
	Line Number: 524
	Rank: 167
	Timestamp: 1662055265292
	Total Rank: 13288
	Dump: mutant-156_ts_1662055265292.class
------------------------------------------------
167.
	Mutator: MethodNameMutator
	Description: replaced call to calculateTopInset with a call to extendWidth
	File Name: org/jfree/chart/util/RectangleInsets.java
	Line Number: 526
	Rank: 167
	Timestamp: 1662055265292
	Total Rank: 13288
	Dump: mutant-159_ts_1662055265292.class
------------------------------------------------
168.
	Mutator: ArgumentsListMutator
	Description: replaced call to setRect(Ljava/awt/geom/Rectangle2D;)V with a call to setRect(DDDD)V
	File Name: org/jfree/chart/JFreeChart.java
	Line Number: 1187
	Rank: 168
	Timestamp: 1662055239140
	Total Rank: 13365
	Dump: mutant-58_ts_1662055239140.class
------------------------------------------------
169.
	Mutator: LocalToFieldAccessMutator
	Description: access to local h is replaced by access to field top
	File Name: org/jfree/chart/util/RectangleInsets.java
	Line Number: 528
	Rank: 176
	Timestamp: 1662055265291
	Total Rank: 13522
	Dump: mutant-6_ts_1662055265291.class
------------------------------------------------
170.
	Mutator: LocalToFieldAccessMutator
	Description: access to local w is replaced by access to field top
	File Name: org/jfree/chart/util/RectangleInsets.java
	Line Number: 528
	Rank: 176
	Timestamp: 1662055265291
	Total Rank: 13522
	Dump: mutant-24_ts_1662055265291.class
------------------------------------------------
171.
	Mutator: LocalToFieldAccessMutator
	Description: access to local w is replaced by access to field bottom
	File Name: org/jfree/chart/util/RectangleInsets.java
	Line Number: 528
	Rank: 176
	Timestamp: 1662055265291
	Total Rank: 13522
	Dump: mutant-65_ts_1662055265291.class
------------------------------------------------
172.
	Mutator: LocalToFieldAccessMutator
	Description: access to local h is replaced by access to field bottom
	File Name: org/jfree/chart/util/RectangleInsets.java
	Line Number: 528
	Rank: 176
	Timestamp: 1662055265291
	Total Rank: 13522
	Dump: mutant-128_ts_1662055265291.class
------------------------------------------------
173.
	Mutator: LocalToFieldAccessMutator
	Description: access to local w is replaced by access to field left
	File Name: org/jfree/chart/util/RectangleInsets.java
	Line Number: 528
	Rank: 176
	Timestamp: 1662055265291
	Total Rank: 13522
	Dump: mutant-134_ts_1662055265291.class
------------------------------------------------
174.
	Mutator: LocalToFieldAccessMutator
	Description: access to local w is replaced by access to field right
	File Name: org/jfree/chart/util/RectangleInsets.java
	Line Number: 528
	Rank: 176
	Timestamp: 1662055265291
	Total Rank: 13522
	Dump: mutant-148_ts_1662055265291.class
------------------------------------------------
175.
	Mutator: LocalToFieldAccessMutator
	Description: access to local h is replaced by access to field right
	File Name: org/jfree/chart/util/RectangleInsets.java
	Line Number: 528
	Rank: 176
	Timestamp: 1662055265291
	Total Rank: 13522
	Dump: mutant-165_ts_1662055265291.class
------------------------------------------------
176.
	Mutator: LocalToFieldAccessMutator
	Description: access to local h is replaced by access to field left
	File Name: org/jfree/chart/util/RectangleInsets.java
	Line Number: 528
	Rank: 176
	Timestamp: 1662055265291
	Total Rank: 13522
	Dump: mutant-188_ts_1662055265291.class
------------------------------------------------
177.
	Mutator: VoidMethodCallMutator
	Description: removed call to java/awt/geom/Rectangle2D::setRect
	File Name: org/jfree/chart/JFreeChart.java
	Line Number: 1187
	Rank: 178
	Timestamp: 1662055239140
	Total Rank: 13593
	Dump: mutant-172_ts_1662055239140.class
------------------------------------------------
178.
	Mutator: VoidMethodCallMutator
	Description: removed call to org/jfree/chart/plot/Plot::draw
	File Name: org/jfree/chart/JFreeChart.java
	Line Number: 1219
	Rank: 178
	Timestamp: 1662055239140
	Total Rank: 13593
	Dump: mutant-179_ts_1662055239140.class
------------------------------------------------
179.
	Mutator: LocalNameMutator
	Description: local nonTitleArea is replaced by local chartArea to be used
	File Name: org/jfree/chart/JFreeChart.java
	Line Number: 1187
	Rank: 194
	Timestamp: 1662055239140
	Total Rank: 13796
	Dump: mutant-7_ts_1662055239140.class
------------------------------------------------
180.
	Mutator: LocalNameMutator
	Description: local h is replaced by local b to be used
	File Name: org/jfree/chart/util/RectangleInsets.java
	Line Number: 528
	Rank: 194
	Timestamp: 1662055265291
	Total Rank: 13796
	Dump: mutant-22_ts_1662055265291.class
------------------------------------------------
181.
	Mutator: LocalNameMutator
	Description: local r is replaced by local w to be used
	File Name: org/jfree/chart/util/RectangleInsets.java
	Line Number: 528
	Rank: 194
	Timestamp: 1662055265291
	Total Rank: 13796
	Dump: mutant-46_ts_1662055265291.class
------------------------------------------------
182.
	Mutator: LocalNameMutator
	Description: local h is replaced by local t to be used
	File Name: org/jfree/chart/util/RectangleInsets.java
	Line Number: 528
	Rank: 194
	Timestamp: 1662055265291
	Total Rank: 13796
	Dump: mutant-49_ts_1662055265291.class
------------------------------------------------
183.
	Mutator: LocalNameMutator
	Description: local b is replaced by local h to be used
	File Name: org/jfree/chart/util/RectangleInsets.java
	Line Number: 528
	Rank: 194
	Timestamp: 1662055265291
	Total Rank: 13796
	Dump: mutant-57_ts_1662055265291.class
------------------------------------------------
184.
	Mutator: LocalNameMutator
	Description: local w is replaced by local l to be used
	File Name: org/jfree/chart/util/RectangleInsets.java
	Line Number: 528
	Rank: 194
	Timestamp: 1662055265291
	Total Rank: 13796
	Dump: mutant-63_ts_1662055265291.class
------------------------------------------------
185.
	Mutator: LocalNameMutator
	Description: local t is replaced by local w to be used
	File Name: org/jfree/chart/util/RectangleInsets.java
	Line Number: 528
	Rank: 194
	Timestamp: 1662055265291
	Total Rank: 13796
	Dump: mutant-76_ts_1662055265291.class
------------------------------------------------
186.
	Mutator: LocalNameMutator
	Description: local w is replaced by local r to be used
	File Name: org/jfree/chart/util/RectangleInsets.java
	Line Number: 528
	Rank: 194
	Timestamp: 1662055265291
	Total Rank: 13796
	Dump: mutant-104_ts_1662055265291.class
------------------------------------------------
187.
	Mutator: LocalNameMutator
	Description: local w is replaced by local b to be used
	File Name: org/jfree/chart/util/RectangleInsets.java
	Line Number: 528
	Rank: 194
	Timestamp: 1662055265291
	Total Rank: 13796
	Dump: mutant-105_ts_1662055265291.class
------------------------------------------------
188.
	Mutator: LocalNameMutator
	Description: local h is replaced by local l to be used
	File Name: org/jfree/chart/util/RectangleInsets.java
	Line Number: 528
	Rank: 194
	Timestamp: 1662055265291
	Total Rank: 13796
	Dump: mutant-133_ts_1662055265291.class
------------------------------------------------
189.
	Mutator: LocalNameMutator
	Description: local w is replaced by local t to be used
	File Name: org/jfree/chart/util/RectangleInsets.java
	Line Number: 528
	Rank: 194
	Timestamp: 1662055265291
	Total Rank: 13796
	Dump: mutant-155_ts_1662055265291.class
------------------------------------------------
190.
	Mutator: LocalNameMutator
	Description: local l is replaced by local w to be used
	File Name: org/jfree/chart/util/RectangleInsets.java
	Line Number: 528
	Rank: 194
	Timestamp: 1662055265291
	Total Rank: 13796
	Dump: mutant-162_ts_1662055265291.class
------------------------------------------------
191.
	Mutator: LocalNameMutator
	Description: local b is replaced by local w to be used
	File Name: org/jfree/chart/util/RectangleInsets.java
	Line Number: 528
	Rank: 194
	Timestamp: 1662055265291
	Total Rank: 13796
	Dump: mutant-163_ts_1662055265291.class
------------------------------------------------
192.
	Mutator: LocalNameMutator
	Description: local t is replaced by local h to be used
	File Name: org/jfree/chart/util/RectangleInsets.java
	Line Number: 528
	Rank: 194
	Timestamp: 1662055265291
	Total Rank: 13796
	Dump: mutant-167_ts_1662055265291.class
------------------------------------------------
193.
	Mutator: LocalNameMutator
	Description: local chartArea is replaced by local nonTitleArea to be used
	File Name: org/jfree/chart/JFreeChart.java
	Line Number: 1187
	Rank: 194
	Timestamp: 1662055239140
	Total Rank: 13796
	Dump: mutant-183_ts_1662055239140.class
------------------------------------------------
194.
	Mutator: LocalNameMutator
	Description: local h is replaced by local r to be used
	File Name: org/jfree/chart/util/RectangleInsets.java
	Line Number: 528
	Rank: 194
	Timestamp: 1662055265291
	Total Rank: 13796
	Dump: mutant-208_ts_1662055265291.class
------------------------------------------------
195.
	Mutator: ArgumentPropagationMutator
	Description: replaced call to org/jfree/chart/util/RectangleInsets::calculateLeftInset with argument
	File Name: org/jfree/chart/util/RectangleInsets.java
	Line Number: 524
	Rank: 198
	Timestamp: 1662055265292
	Total Rank: 13822
	Dump: mutant-12_ts_1662055265292.class
------------------------------------------------
196.
	Mutator: ArgumentPropagationMutator
	Description: replaced call to org/jfree/chart/util/RectangleInsets::calculateRightInset with argument
	File Name: org/jfree/chart/util/RectangleInsets.java
	Line Number: 525
	Rank: 198
	Timestamp: 1662055265292
	Total Rank: 13822
	Dump: mutant-32_ts_1662055265292.class
------------------------------------------------
197.
	Mutator: ArgumentPropagationMutator
	Description: replaced call to org/jfree/chart/util/RectangleInsets::calculateBottomInset with argument
	File Name: org/jfree/chart/util/RectangleInsets.java
	Line Number: 527
	Rank: 198
	Timestamp: 1662055265292
	Total Rank: 13822
	Dump: mutant-66_ts_1662055265292.class
------------------------------------------------
198.
	Mutator: ArgumentPropagationMutator
	Description: replaced call to org/jfree/chart/util/RectangleInsets::calculateTopInset with argument
	File Name: org/jfree/chart/util/RectangleInsets.java
	Line Number: 526
	Rank: 198
	Timestamp: 1662055265292
	Total Rank: 13822
	Dump: mutant-121_ts_1662055265292.class
------------------------------------------------
199.
	Mutator: NonVoidMethodCallMutator
	Description: removed call to java/awt/geom/Rectangle2D::getHeight
	File Name: org/jfree/chart/util/RectangleInsets.java
	Line Number: 523
	Rank: 200
	Timestamp: 1662055265292
	Total Rank: 13906
	Dump: mutant-42_ts_1662055265292.class
------------------------------------------------
200.
	Mutator: NonVoidMethodCallMutator
	Description: removed call to java/awt/geom/Rectangle2D::getWidth
	File Name: org/jfree/chart/util/RectangleInsets.java
	Line Number: 522
	Rank: 200
	Timestamp: 1662055265292
	Total Rank: 13906
	Dump: mutant-144_ts_1662055265292.class
------------------------------------------------
201.
	Mutator: FieldToLocalAccessMutator
	Description: access to field left is replaced by access to local width
	File Name: org/jfree/chart/util/RectangleInsets.java
	Line Number: 418
	Rank: 204
	Timestamp: 1662055265290
	Total Rank: 14277
	Dump: mutant-84_ts_1662055265290.class
------------------------------------------------
202.
	Mutator: FieldToLocalAccessMutator
	Description: access to field right is replaced by access to local width
	File Name: org/jfree/chart/util/RectangleInsets.java
	Line Number: 448
	Rank: 204
	Timestamp: 1662055265291
	Total Rank: 14277
	Dump: mutant-95_ts_1662055265291.class
------------------------------------------------
203.
	Mutator: FieldToLocalAccessMutator
	Description: access to field bottom is replaced by access to local height
	File Name: org/jfree/chart/util/RectangleInsets.java
	Line Number: 388
	Rank: 204
	Timestamp: 1662055265290
	Total Rank: 14277
	Dump: mutant-99_ts_1662055265290.class
------------------------------------------------
204.
	Mutator: FieldToLocalAccessMutator
	Description: access to field top is replaced by access to local height
	File Name: org/jfree/chart/util/RectangleInsets.java
	Line Number: 358
	Rank: 204
	Timestamp: 1662055265291
	Total Rank: 14277
	Dump: mutant-166_ts_1662055265291.class
------------------------------------------------
205.
	Mutator: LocalNameMutator
	Description: local result is replaced by local width to be used
	File Name: org/jfree/chart/util/RectangleInsets.java
	Line Number: 422
	Rank: 208
	Timestamp: 1662055265290
	Total Rank: 14383
	Dump: mutant-27_ts_1662055265290.class
------------------------------------------------
206.
	Mutator: LocalNameMutator
	Description: local result is replaced by local height to be used
	File Name: org/jfree/chart/util/RectangleInsets.java
	Line Number: 392
	Rank: 208
	Timestamp: 1662055265290
	Total Rank: 14383
	Dump: mutant-52_ts_1662055265290.class
------------------------------------------------
207.
	Mutator: LocalNameMutator
	Description: local result is replaced by local height to be used
	File Name: org/jfree/chart/util/RectangleInsets.java
	Line Number: 362
	Rank: 208
	Timestamp: 1662055265291
	Total Rank: 14383
	Dump: mutant-77_ts_1662055265291.class
------------------------------------------------
208.
	Mutator: LocalNameMutator
	Description: local result is replaced by local width to be used
	File Name: org/jfree/chart/util/RectangleInsets.java
	Line Number: 452
	Rank: 208
	Timestamp: 1662055265291
	Total Rank: 14383
	Dump: mutant-182_ts_1662055265291.class
------------------------------------------------
