PraPR 2 (JDK 1.7) Fix Report - Thu Aug 11 11:47:25 PDT 2022
Number of Plausible Fixes: 36
Total Number of Patches: 2965
================================================
1.
	Mutator: NonVoidMethodCallMutator
	Description: removed call to org/joda/time/tz/ZoneInfoCompiler::verbose
	File Name: org/joda/time/tz/DateTimeZoneBuilder.java
	Line Number: 1460
	Rank: 1
	Timestamp: 1660243654118
	Total Rank: 111
	Dump: mutant-14_ts_1660243654118.class
------------------------------------------------
2.
	Mutator: ReturningMethodCallGuardMutator
	Description: the call to booleanValue()Z is guarded returning default value false
	File Name: org/joda/time/tz/ZoneInfoCompiler.java
	Line Number: 78
	Rank: 2
	Timestamp: 1660243717817
	Total Rank: 121
	Dump: mutant-9_ts_1660243717817.class
------------------------------------------------
3.
	Mutator: NonVoidMethodCallGuardMutator
	Description: the call to java.lang.Boolean::booleanValue()Z is guarded using default value false
	File Name: org/joda/time/tz/ZoneInfoCompiler.java
	Line Number: 78
	Rank: 3
	Timestamp: 1660243717817
	Total Rank: 123
	Dump: mutant-1_ts_1660243717817.class
------------------------------------------------
4.
	Mutator: NonVoidMethodCallMutator
	Description: removed call to java/lang/Boolean::booleanValue
	File Name: org/joda/time/tz/ZoneInfoCompiler.java
	Line Number: 78
	Rank: 4
	Timestamp: 1660243717817
	Total Rank: 129
	Dump: mutant-20_ts_1660243717817.class
------------------------------------------------
5.
	Mutator: MethodNameMutator
	Description: replaced call to getToYear with a call to getFromYear
	File Name: org/joda/time/tz/DateTimeZoneBuilder.java
	Line Number: 1145
	Rank: 6
	Timestamp: 1660243665898
	Total Rank: 157
	Dump: mutant-23_ts_1660243665898.class
------------------------------------------------
6.
	Mutator: MethodNameMutator
	Description: replaced call to getToYear with a call to getSaveMillis
	File Name: org/joda/time/tz/DateTimeZoneBuilder.java
	Line Number: 1145
	Rank: 6
	Timestamp: 1660243665898
	Total Rank: 157
	Dump: mutant-27_ts_1660243665898.class
------------------------------------------------
7.
	Mutator: ReturnValsMutator
	Description: mutated return of Object value for org/joda/time/tz/DateTimeZoneBuilder$RuleSet::buildTailZone to ( if (x != null) null else throw new RuntimeException )
	File Name: org/joda/time/tz/DateTimeZoneBuilder.java
	Line Number: 1154
	Rank: 7
	Timestamp: 1660243665899
	Total Rank: 161
	Dump: mutant-29_ts_1660243665899.class
------------------------------------------------
8.
	Mutator: InlineConstantMutator
	Description: Substituted 2147483647 with -2147483648
	File Name: org/joda/time/tz/DateTimeZoneBuilder.java
	Line Number: 1145
	Rank: 8
	Timestamp: 1660243665898
	Total Rank: 163
	Dump: mutant-7_ts_1660243665898.class
------------------------------------------------
9.
	Mutator: NegateConditionalsMutator
	Description: negated conditional
	File Name: org/joda/time/tz/DateTimeZoneBuilder.java
	Line Number: 1145
	Rank: 9
	Timestamp: 1660243665898
	Total Rank: 165
	Dump: mutant-12_ts_1660243665898.class
------------------------------------------------
10.
	Mutator: NullReturnValsMutator
	Description: replaced return value with null for org/joda/time/tz/DateTimeZoneBuilder$RuleSet::buildTailZone
	File Name: org/joda/time/tz/DateTimeZoneBuilder.java
	Line Number: 1154
	Rank: 10
	Timestamp: 1660243665899
	Total Rank: 167
	Dump: mutant-3_ts_1660243665899.class
------------------------------------------------
11.
	Mutator: NonVoidMethodCallMutator
	Description: removed call to java/lang/String::equals
	File Name: org/joda/time/tz/DateTimeZoneBuilder.java
	Line Number: 1459
	Rank: 13
	Timestamp: 1660243654118
	Total Rank: 172
	Dump: mutant-16_ts_1660243654118.class
------------------------------------------------
12.
	Mutator: NonVoidMethodCallMutator
	Description: removed call to org/joda/time/tz/DateTimeZoneBuilder$Recurrence::getNameKey
	File Name: org/joda/time/tz/DateTimeZoneBuilder.java
	Line Number: 1459
	Rank: 13
	Timestamp: 1660243654118
	Total Rank: 172
	Dump: mutant-31_ts_1660243654118.class
------------------------------------------------
13.
	Mutator: NonVoidMethodCallMutator
	Description: removed call to org/joda/time/tz/DateTimeZoneBuilder$Rule::getToYear
	File Name: org/joda/time/tz/DateTimeZoneBuilder.java
	Line Number: 1145
	Rank: 13
	Timestamp: 1660243665898
	Total Rank: 172
	Dump: mutant-33_ts_1660243665898.class
------------------------------------------------
14.
	Mutator: ConstructorCallMutator
	Description: removed call to org/joda/time/tz/DateTimeZoneBuilder$DSTZone::<init>
	File Name: org/joda/time/tz/DateTimeZoneBuilder.java
	Line Number: 1154
	Rank: 14
	Timestamp: 1660243665898
	Total Rank: 173
	Dump: mutant-18_ts_1660243665898.class
------------------------------------------------
15.
	Mutator: RemoveConditionalMutator_EQUAL_ELSE
	Description: removed conditional - replaced equality check with false
	File Name: org/joda/time/tz/DateTimeZoneBuilder.java
	Line Number: 1459
	Rank: 16
	Timestamp: 1660243654118
	Total Rank: 175
	Dump: mutant-10_ts_1660243654118.class
------------------------------------------------
16.
	Mutator: RemoveConditionalMutator_EQUAL_ELSE
	Description: removed conditional - replaced equality check with false
	File Name: org/joda/time/tz/DateTimeZoneBuilder.java
	Line Number: 1145
	Rank: 16
	Timestamp: 1660243665899
	Total Rank: 175
	Dump: mutant-36_ts_1660243665899.class
------------------------------------------------
17.
	Mutator: FieldNameMutator
	Description: replaced access to iToYear with an access to iFromYear
	File Name: org/joda/time/tz/DateTimeZoneBuilder.java
	Line Number: 827
	Rank: 17
	Timestamp: 1660243689359
	Total Rank: 458
	Dump: mutant-19_ts_1660243689359.class
------------------------------------------------
18.
	Mutator: MethodNameMutator
	Description: replaced call to getToYear with a call to getFromYear
	File Name: org/joda/time/tz/DateTimeZoneBuilder.java
	Line Number: 1144
	Rank: 19
	Timestamp: 1660243665898
	Total Rank: 581
	Dump: mutant-25_ts_1660243665898.class
------------------------------------------------
19.
	Mutator: MethodNameMutator
	Description: replaced call to getToYear with a call to getSaveMillis
	File Name: org/joda/time/tz/DateTimeZoneBuilder.java
	Line Number: 1144
	Rank: 19
	Timestamp: 1660243665898
	Total Rank: 581
	Dump: mutant-26_ts_1660243665898.class
------------------------------------------------
20.
	Mutator: MathMutator
	Description: Replaced integer subtraction with addition
	File Name: org/joda/time/tz/DateTimeZoneBuilder.java
	Line Number: 371
	Rank: 20
	Timestamp: 1660243673728
	Total Rank: 597
	Dump: mutant-24_ts_1660243673728.class
------------------------------------------------
21.
	Mutator: PrimitiveReturnsMutator
	Description: replaced int return with 0 for org/joda/time/tz/DateTimeZoneBuilder$Rule::getToYear
	File Name: org/joda/time/tz/DateTimeZoneBuilder.java
	Line Number: 827
	Rank: 21
	Timestamp: 1660243689359
	Total Rank: 600
	Dump: mutant-2_ts_1660243689359.class
------------------------------------------------
22.
	Mutator: FieldAccessToMethodCallMutator
	Description: the access to field org.joda.time.tz.DateTimeZoneBuilder$Rule.iToYear is replaced by the call to org.joda.time.tz.DateTimeZoneBuilder$Rule::getFromYear()I
	File Name: org/joda/time/tz/DateTimeZoneBuilder.java
	Line Number: 827
	Rank: 23
	Timestamp: 1660243689359
	Total Rank: 622
	Dump: mutant-17_ts_1660243689359.class
------------------------------------------------
23.
	Mutator: FieldAccessToMethodCallMutator
	Description: the access to field org.joda.time.tz.DateTimeZoneBuilder$Rule.iToYear is replaced by the call to org.joda.time.tz.DateTimeZoneBuilder$Rule::getSaveMillis()I
	File Name: org/joda/time/tz/DateTimeZoneBuilder.java
	Line Number: 827
	Rank: 23
	Timestamp: 1660243689359
	Total Rank: 622
	Dump: mutant-28_ts_1660243689359.class
------------------------------------------------
24.
	Mutator: ReturnValsMutator
	Description: replaced return of integer sized value with (x == 0 ? 1 : 0)
	File Name: org/joda/time/tz/DateTimeZoneBuilder.java
	Line Number: 827
	Rank: 24
	Timestamp: 1660243689359
	Total Rank: 633
	Dump: mutant-21_ts_1660243689359.class
------------------------------------------------
25.
	Mutator: InlineConstantMutator
	Description: Substituted 2147483647 with -2147483648
	File Name: org/joda/time/tz/DateTimeZoneBuilder.java
	Line Number: 1144
	Rank: 27
	Timestamp: 1660243665898
	Total Rank: 664
	Dump: mutant-6_ts_1660243665898.class
------------------------------------------------
26.
	Mutator: InlineConstantMutator
	Description: Substituted 2 with 3
	File Name: org/joda/time/tz/DateTimeZoneBuilder.java
	Line Number: 1141
	Rank: 27
	Timestamp: 1660243665898
	Total Rank: 664
	Dump: mutant-13_ts_1660243665898.class
------------------------------------------------
27.
	Mutator: InlineConstantMutator
	Description: Substituted 1 with 0
	File Name: org/joda/time/tz/DateTimeZoneBuilder.java
	Line Number: 371
	Rank: 27
	Timestamp: 1660243673728
	Total Rank: 664
	Dump: mutant-15_ts_1660243673728.class
------------------------------------------------
28.
	Mutator: NegateConditionalsMutator
	Description: negated conditional
	File Name: org/joda/time/tz/DateTimeZoneBuilder.java
	Line Number: 371
	Rank: 29
	Timestamp: 1660243673728
	Total Rank: 703
	Dump: mutant-4_ts_1660243673728.class
------------------------------------------------
29.
	Mutator: NegateConditionalsMutator
	Description: negated conditional
	File Name: org/joda/time/tz/DateTimeZoneBuilder.java
	Line Number: 1144
	Rank: 29
	Timestamp: 1660243665898
	Total Rank: 703
	Dump: mutant-11_ts_1660243665898.class
------------------------------------------------
30.
	Mutator: NonVoidMethodCallMutator
	Description: removed call to org/joda/time/tz/DateTimeZoneBuilder$RuleSet::buildTailZone
	File Name: org/joda/time/tz/DateTimeZoneBuilder.java
	Line Number: 372
	Rank: 32
	Timestamp: 1660243673728
	Total Rank: 759
	Dump: mutant-22_ts_1660243673728.class
------------------------------------------------
31.
	Mutator: NonVoidMethodCallMutator
	Description: removed call to java/util/ArrayList::size
	File Name: org/joda/time/tz/DateTimeZoneBuilder.java
	Line Number: 1141
	Rank: 32
	Timestamp: 1660243665898
	Total Rank: 759
	Dump: mutant-32_ts_1660243665898.class
------------------------------------------------
32.
	Mutator: NonVoidMethodCallMutator
	Description: removed call to org/joda/time/tz/DateTimeZoneBuilder$Rule::getToYear
	File Name: org/joda/time/tz/DateTimeZoneBuilder.java
	Line Number: 1144
	Rank: 32
	Timestamp: 1660243665898
	Total Rank: 759
	Dump: mutant-34_ts_1660243665898.class
------------------------------------------------
33.
	Mutator: RemoveConditionalMutator_EQUAL_ELSE
	Description: removed conditional - replaced equality check with false
	File Name: org/joda/time/tz/DateTimeZoneBuilder.java
	Line Number: 371
	Rank: 36
	Timestamp: 1660243673728
	Total Rank: 794
	Dump: mutant-5_ts_1660243673728.class
------------------------------------------------
34.
	Mutator: RemoveConditionalMutator_EQUAL_ELSE
	Description: removed conditional - replaced equality check with false
	File Name: org/joda/time/tz/DateTimeZoneBuilder.java
	Line Number: 1457
	Rank: 36
	Timestamp: 1660243654118
	Total Rank: 794
	Dump: mutant-8_ts_1660243654118.class
------------------------------------------------
35.
	Mutator: RemoveConditionalMutator_EQUAL_ELSE
	Description: removed conditional - replaced equality check with false
	File Name: org/joda/time/tz/DateTimeZoneBuilder.java
	Line Number: 1141
	Rank: 36
	Timestamp: 1660243665899
	Total Rank: 794
	Dump: mutant-30_ts_1660243665899.class
------------------------------------------------
36.
	Mutator: RemoveConditionalMutator_EQUAL_ELSE
	Description: removed conditional - replaced equality check with false
	File Name: org/joda/time/tz/DateTimeZoneBuilder.java
	Line Number: 1144
	Rank: 36
	Timestamp: 1660243665899
	Total Rank: 794
	Dump: mutant-35_ts_1660243665899.class
------------------------------------------------
