PraPR 2 (JDK 1.7) Fix Report - Thu Sep 01 10:46:23 PDT 2022
Number of Plausible Fixes: 36
Total Number of Patches: 3282
================================================
1.
	Mutator: RemoveConditionalMutator_EQUAL_IF
	Description: removed conditional - replaced equality check with true
	File Name: org/apache/commons/math3/optimization/linear/SimplexSolver.java
	Line Number: 143
	Rank: 1
	Timestamp: 1662054885497
	Total Rank: 40
	Dump: mutant-15_ts_1662054885497.class
------------------------------------------------
2.
	Mutator: RemoveConditionalMutator_ORDER_IF
	Description: removed conditional - replaced comparison check with true
	File Name: org/apache/commons/math3/optimization/linear/SimplexSolver.java
	Line Number: 144
	Rank: 2
	Timestamp: 1662054885498
	Total Rank: 44
	Dump: mutant-20_ts_1662054885498.class
------------------------------------------------
3.
	Mutator: NegateConditionalsMutator
	Description: negated conditional
	File Name: org/apache/commons/math3/optimization/linear/SimplexSolver.java
	Line Number: 143
	Rank: 3
	Timestamp: 1662054885497
	Total Rank: 50
	Dump: mutant-12_ts_1662054885497.class
------------------------------------------------
4.
	Mutator: MethodNameMutator
	Description: the call to factory method org.apache.commons.math3.optimization.linear.SimplexTableau.getBasicRow(I)Ljava/lang/Integer; is replaced by an instantiation of type java.lang.Integer using (I)V
	File Name: org/apache/commons/math3/optimization/linear/SimplexSolver.java
	Line Number: 123
	Rank: 4
	Timestamp: 1662054885497
	Total Rank: 94
	Dump: mutant-3_ts_1662054885497.class
------------------------------------------------
5.
	Mutator: InlineConstantMutator
	Description: Substituted 1.0 with 2.0
	File Name: org/apache/commons/math3/optimization/linear/SimplexSolver.java
	Line Number: 123
	Rank: 5
	Timestamp: 1662054885497
	Total Rank: 96
	Dump: mutant-5_ts_1662054885497.class
------------------------------------------------
6.
	Mutator: NegateConditionalsMutator
	Description: negated conditional
	File Name: org/apache/commons/math3/optimization/linear/SimplexSolver.java
	Line Number: 123
	Rank: 6
	Timestamp: 1662054885497
	Total Rank: 97
	Dump: mutant-8_ts_1662054885497.class
------------------------------------------------
7.
	Mutator: RemoveConditionalMutator_EQUAL_ELSE
	Description: removed conditional - replaced equality check with false
	File Name: org/apache/commons/math3/optimization/linear/SimplexSolver.java
	Line Number: 123
	Rank: 7
	Timestamp: 1662054885497
	Total Rank: 98
	Dump: mutant-31_ts_1662054885497.class
------------------------------------------------
8.
	Mutator: NonVoidMethodCallMutator
	Description: removed call to org/apache/commons/math3/optimization/linear/SimplexTableau::getBasicRow
	File Name: org/apache/commons/math3/optimization/linear/SimplexSolver.java
	Line Number: 123
	Rank: 13
	Timestamp: 1662054885497
	Total Rank: 104
	Dump: mutant-10_ts_1662054885497.class
------------------------------------------------
9.
	Mutator: NonVoidMethodCallMutator
	Description: removed call to java/lang/Integer::intValue
	File Name: org/apache/commons/math3/optimization/linear/SimplexSolver.java
	Line Number: 122
	Rank: 13
	Timestamp: 1662054885497
	Total Rank: 104
	Dump: mutant-14_ts_1662054885497.class
------------------------------------------------
10.
	Mutator: NonVoidMethodCallMutator
	Description: removed call to org/apache/commons/math3/optimization/linear/SimplexTableau::getEntry
	File Name: org/apache/commons/math3/optimization/linear/SimplexSolver.java
	Line Number: 122
	Rank: 13
	Timestamp: 1662054885497
	Total Rank: 104
	Dump: mutant-21_ts_1662054885497.class
------------------------------------------------
11.
	Mutator: NonVoidMethodCallMutator
	Description: removed call to org/apache/commons/math3/util/Precision::equals
	File Name: org/apache/commons/math3/optimization/linear/SimplexSolver.java
	Line Number: 123
	Rank: 13
	Timestamp: 1662054885497
	Total Rank: 104
	Dump: mutant-22_ts_1662054885497.class
------------------------------------------------
12.
	Mutator: NonVoidMethodCallMutator
	Description: removed call to org/apache/commons/math3/optimization/linear/SimplexTableau::getArtificialVariableOffset
	File Name: org/apache/commons/math3/optimization/linear/SimplexSolver.java
	Line Number: 121
	Rank: 13
	Timestamp: 1662054885497
	Total Rank: 104
	Dump: mutant-29_ts_1662054885497.class
------------------------------------------------
13.
	Mutator: NonVoidMethodCallMutator
	Description: removed call to java/lang/Integer::equals
	File Name: org/apache/commons/math3/optimization/linear/SimplexSolver.java
	Line Number: 123
	Rank: 13
	Timestamp: 1662054885497
	Total Rank: 104
	Dump: mutant-32_ts_1662054885497.class
------------------------------------------------
14.
	Mutator: MethodNameMutator
	Description: replaced call to add with a call to remove
	File Name: org/apache/commons/math3/optimization/linear/SimplexSolver.java
	Line Number: 104
	Rank: 17
	Timestamp: 1662054885497
	Total Rank: 120
	Dump: mutant-7_ts_1662054885497.class
------------------------------------------------
15.
	Mutator: MethodNameMutator
	Description: replaced call to add with a call to contains
	File Name: org/apache/commons/math3/optimization/linear/SimplexSolver.java
	Line Number: 104
	Rank: 17
	Timestamp: 1662054885497
	Total Rank: 120
	Dump: mutant-17_ts_1662054885497.class
------------------------------------------------
16.
	Mutator: MethodNameMutator
	Description: the call to factory method java.lang.Integer.valueOf(I)Ljava/lang/Integer; is replaced by an instantiation of type java.lang.Integer using (I)V
	File Name: org/apache/commons/math3/optimization/linear/SimplexSolver.java
	Line Number: 104
	Rank: 17
	Timestamp: 1662054885497
	Total Rank: 120
	Dump: mutant-25_ts_1662054885497.class
------------------------------------------------
17.
	Mutator: MethodNameMutator
	Description: replaced call to add with a call to equals
	File Name: org/apache/commons/math3/optimization/linear/SimplexSolver.java
	Line Number: 104
	Rank: 17
	Timestamp: 1662054885497
	Total Rank: 120
	Dump: mutant-33_ts_1662054885497.class
------------------------------------------------
18.
	Mutator: LocalNameMutator
	Description: local i is replaced by local cmp to be used
	File Name: org/apache/commons/math3/optimization/linear/SimplexSolver.java
	Line Number: 104
	Rank: 18
	Timestamp: 1662054885497
	Total Rank: 124
	Dump: mutant-9_ts_1662054885497.class
------------------------------------------------
19.
	Mutator: InlineConstantMutator
	Description: Substituted 0 with 1
	File Name: org/apache/commons/math3/optimization/linear/SimplexSolver.java
	Line Number: 120
	Rank: 19
	Timestamp: 1662054885497
	Total Rank: 125
	Dump: mutant-30_ts_1662054885497.class
------------------------------------------------
20.
	Mutator: RemoveConditionalMutator_ORDER_ELSE
	Description: removed conditional - replaced comparison check with false
	File Name: org/apache/commons/math3/optimization/linear/SimplexSolver.java
	Line Number: 120
	Rank: 20
	Timestamp: 1662054885498
	Total Rank: 127
	Dump: mutant-18_ts_1662054885498.class
------------------------------------------------
21.
	Mutator: NonVoidMethodCallMutator
	Description: removed call to org/apache/commons/math3/optimization/linear/SimplexTableau::getNumArtificialVariables
	File Name: org/apache/commons/math3/optimization/linear/SimplexSolver.java
	Line Number: 120
	Rank: 22
	Timestamp: 1662054885497
	Total Rank: 130
	Dump: mutant-11_ts_1662054885497.class
------------------------------------------------
22.
	Mutator: NonVoidMethodCallMutator
	Description: removed call to java/util/List::add
	File Name: org/apache/commons/math3/optimization/linear/SimplexSolver.java
	Line Number: 104
	Rank: 22
	Timestamp: 1662054885497
	Total Rank: 130
	Dump: mutant-35_ts_1662054885497.class
------------------------------------------------
23.
	Mutator: LocalToFieldAccessMutator
	Description: access to local cmp is replaced by access to field maxUlps
	File Name: org/apache/commons/math3/optimization/linear/SimplexSolver.java
	Line Number: 103
	Rank: 24
	Timestamp: 1662054885497
	Total Rank: 836
	Dump: mutant-27_ts_1662054885497.class
------------------------------------------------
24.
	Mutator: LocalToFieldAccessMutator
	Description: access to local cmp is replaced by access to field DEFAULT_ULPS
	File Name: org/apache/commons/math3/optimization/linear/SimplexSolver.java
	Line Number: 103
	Rank: 24
	Timestamp: 1662054885497
	Total Rank: 836
	Dump: mutant-28_ts_1662054885497.class
------------------------------------------------
25.
	Mutator: MethodNameMutator
	Description: the call to factory method java.lang.Integer.valueOf(I)Ljava/lang/Integer; is replaced by an instantiation of type java.lang.Integer using (I)V
	File Name: org/apache/commons/math3/optimization/linear/SimplexSolver.java
	Line Number: 108
	Rank: 25
	Timestamp: 1662054885497
	Total Rank: 924
	Dump: mutant-26_ts_1662054885497.class
------------------------------------------------
26.
	Mutator: LocalNameMutator
	Description: local cmp is replaced by local col to be used
	File Name: org/apache/commons/math3/optimization/linear/SimplexSolver.java
	Line Number: 103
	Rank: 30
	Timestamp: 1662054885497
	Total Rank: 1017
	Dump: mutant-4_ts_1662054885497.class
------------------------------------------------
27.
	Mutator: LocalNameMutator
	Description: local minValue is replaced by local entry to be defined
	File Name: org/apache/commons/math3/optimization/linear/SimplexSolver.java
	Line Number: 77
	Rank: 30
	Timestamp: 1662054885497
	Total Rank: 1017
	Dump: mutant-13_ts_1662054885497.class
------------------------------------------------
28.
	Mutator: LocalNameMutator
	Description: local ratio is replaced by local rhs to be used
	File Name: org/apache/commons/math3/optimization/linear/SimplexSolver.java
	Line Number: 106
	Rank: 30
	Timestamp: 1662054885497
	Total Rank: 1017
	Dump: mutant-16_ts_1662054885497.class
------------------------------------------------
29.
	Mutator: LocalNameMutator
	Description: local cmp is replaced by local i to be used
	File Name: org/apache/commons/math3/optimization/linear/SimplexSolver.java
	Line Number: 103
	Rank: 30
	Timestamp: 1662054885497
	Total Rank: 1017
	Dump: mutant-34_ts_1662054885497.class
------------------------------------------------
30.
	Mutator: LocalNameMutator
	Description: local entry is replaced by local minValue to be used
	File Name: org/apache/commons/math3/optimization/linear/SimplexSolver.java
	Line Number: 77
	Rank: 30
	Timestamp: 1662054885496
	Total Rank: 1017
	Dump: mutant-36_ts_1662054885496.class
------------------------------------------------
31.
	Mutator: NegateConditionalsMutator
	Description: negated conditional
	File Name: org/apache/commons/math3/optimization/linear/SimplexSolver.java
	Line Number: 115
	Rank: 31
	Timestamp: 1662054885497
	Total Rank: 1055
	Dump: mutant-6_ts_1662054885497.class
------------------------------------------------
32.
	Mutator: RemoveConditionalMutator_EQUAL_ELSE
	Description: removed conditional - replaced equality check with false
	File Name: org/apache/commons/math3/optimization/linear/SimplexSolver.java
	Line Number: 103
	Rank: 32
	Timestamp: 1662054885497
	Total Rank: 1062
	Dump: mutant-24_ts_1662054885497.class
------------------------------------------------
33.
	Mutator: RemoveConditionalMutator_ORDER_ELSE
	Description: removed conditional - replaced comparison check with false
	File Name: org/apache/commons/math3/optimization/linear/SimplexSolver.java
	Line Number: 115
	Rank: 33
	Timestamp: 1662054885497
	Total Rank: 1074
	Dump: mutant-19_ts_1662054885497.class
------------------------------------------------
34.
	Mutator: NonVoidMethodCallMutator
	Description: removed call to java/util/List::size
	File Name: org/apache/commons/math3/optimization/linear/SimplexSolver.java
	Line Number: 115
	Rank: 34
	Timestamp: 1662054885497
	Total Rank: 1112
	Dump: mutant-1_ts_1662054885497.class
------------------------------------------------
35.
	Mutator: ConditionalsBoundaryMutator
	Description: changed conditional boundary
	File Name: org/apache/commons/math3/optimization/linear/SimplexTableau.java
	Line Number: 265
	Rank: 35
	Timestamp: 1662054850902
	Total Rank: 2498
	Dump: mutant-23_ts_1662054850902.class
------------------------------------------------
36.
	Mutator: InlineConstantMutator
	Description: Substituted 0.0 with 1.0
	File Name: org/apache/commons/math3/optimization/linear/SimplexTableau.java
	Line Number: 265
	Rank: 36
	Timestamp: 1662054850902
	Total Rank: 2569
	Dump: mutant-2_ts_1662054850902.class
------------------------------------------------
