PraPR 2 (JDK 1.7) Fix Report - Thu Sep 01 10:50:09 PDT 2022
Number of Plausible Fixes: 2
Total Number of Patches: 244
================================================
1.
	Mutator: LocalNameMutator
	Description: local x is replaced by local y to be used
	File Name: org/jfree/data/xy/XYSeries.java
	Line Number: 527
	Rank: 1
	Timestamp: 1662054612255
	Total Rank: 29
	Dump: mutant-2_ts_1662054612255.class
------------------------------------------------
2.
	Mutator: RemoveConditionalMutator_EQUAL_ELSE
	Description: removed conditional - replaced equality check with false
	File Name: org/jfree/data/xy/XYSeries.java
	Line Number: 563
	Rank: 2
	Timestamp: 1662054612255
	Total Rank: 58
	Dump: mutant-1_ts_1662054612255.class
------------------------------------------------
